<?xml version="1.0" encoding="UTF-8"?>
<testng-results skipped="0" failed="3" ignored="7" total="88" passed="78">
  <reporter-output>
  </reporter-output>
  <suite name="QA_Sales" duration-ms="3516689" started-at="2021-04-27T10:44:24 GMT" finished-at="2021-04-27T11:43:01 GMT">
    <groups>
      <group name="ContractManagement">
        <method signature="ContractLinkCreation.contractLinkCreationTest()[pri:1, instance:com.se.testscripts.ContractLinkCreation@1a8a8f7c]" name="contractLinkCreationTest" class="com.se.testscripts.ContractLinkCreation"/>
      </group> <!-- ContractManagement -->
      <group name="EventManagement">
        <method signature="AccountDiscussionTopics.DiscussionTopicsCreationFromAccount()[pri:1, instance:com.se.r7tor10.testscripts.AccountDiscussionTopics@2bbf4b8b]" name="DiscussionTopicsCreationFromAccount" class="com.se.r7tor10.testscripts.AccountDiscussionTopics"/>
        <method signature="CreateAndUpdateEventwithDiscussionTopicsTest.CreateAndUpdateEventAndTopicsCreationFromAccount()[pri:1, instance:com.se.r5andr6.testscripts.CreateAndUpdateEventwithDiscussionTopicsTest@1563da5]" name="CreateAndUpdateEventAndTopicsCreationFromAccount" class="com.se.r5andr6.testscripts.CreateAndUpdateEventwithDiscussionTopicsTest"/>
        <method signature="CreateEventwithDiscussionTopicsTest.EventAndTopicsCreationFromAccount()[pri:1, instance:com.se.r5andr6.testscripts.CreateEventwithDiscussionTopicsTest@42d8062c]" name="EventAndTopicsCreationFromAccount" class="com.se.r5andr6.testscripts.CreateEventwithDiscussionTopicsTest"/>
        <method signature="CreateEventwithDiscussionTopicsTest.EventAndTopicsCreationFromContact()[pri:2, instance:com.se.r5andr6.testscripts.CreateEventwithDiscussionTopicsTest@42d8062c]" name="EventAndTopicsCreationFromContact" class="com.se.r5andr6.testscripts.CreateEventwithDiscussionTopicsTest"/>
        <method signature="CreateEventwithDiscussionTopicsTest.VerifyDiscussionTopicsIsActiveCheck()[pri:3, instance:com.se.r5andr6.testscripts.CreateEventwithDiscussionTopicsTest@42d8062c]" name="VerifyDiscussionTopicsIsActiveCheck" class="com.se.r5andr6.testscripts.CreateEventwithDiscussionTopicsTest"/>
        <method signature="EventCreationFromCalendarObject.eventCreationFromCalendarObjectTest()[pri:1, instance:com.se.testscripts.EventCreationFromCalendarObject@2353b3e6]" name="eventCreationFromCalendarObjectTest" class="com.se.testscripts.EventCreationFromCalendarObject"/>
        <method signature="EventCreationWithDiscussionTopics.EventWithTopicsCreationFromContact()[pri:2, instance:com.se.r7tor10.testscripts.EventCreationWithDiscussionTopics@33c7e1bb]" name="EventWithTopicsCreationFromContact" class="com.se.r7tor10.testscripts.EventCreationWithDiscussionTopics"/>
        <method signature="EventCreationWithDiscussionTopics.EventwithTopicsCreationFromAccount()[pri:1, instance:com.se.r7tor10.testscripts.EventCreationWithDiscussionTopics@33c7e1bb]" name="EventwithTopicsCreationFromAccount" class="com.se.r7tor10.testscripts.EventCreationWithDiscussionTopics"/>
        <method signature="GlobalActionEventCreationTest.CreateEventFromGlobalAction()[pri:1, instance:com.se.r7tor10.testscripts.GlobalActionEventCreationTest@34c4973]" name="CreateEventFromGlobalAction" class="com.se.r7tor10.testscripts.GlobalActionEventCreationTest"/>
      </group> <!-- EventManagement -->
      <group name="QuoteLinkManagement">
        <method signature="OpptyQuickEditTest.OpptyQuickEdit()[pri:1, instance:com.se.r7tor10.testscripts.OpptyQuickEditTest@76b0bfab]" name="OpptyQuickEdit" class="com.se.r7tor10.testscripts.OpptyQuickEditTest"/>
        <method signature="QuoteLink_TC001.quoteLink_TC001()[pri:1, instance:com.se.testscripts.QuoteLink_TC001@687080dc]" name="quoteLink_TC001" class="com.se.testscripts.QuoteLink_TC001"/>
      </group> <!-- QuoteLinkManagement -->
      <group name="AgreementManagement">
        <method signature="AgreementCreation.agreementCreationtest()[pri:1, instance:com.se.testscripts.AgreementCreation@60285225]" name="agreementCreationtest" class="com.se.testscripts.AgreementCreation"/>
      </group> <!-- AgreementManagement -->
      <group name="ActivityManagement">
        <method signature="ActivityManagement_TC002.activityManagement_TC002()[pri:1, instance:com.se.testscripts.ActivityManagement_TC002@4b553d26]" name="activityManagement_TC002" class="com.se.testscripts.ActivityManagement_TC002"/>
        <method signature="BusinessSpecificInfoCreationTest.businessSpecificInfoCreationTest()[pri:1, instance:com.se.testscripts.BusinessSpecificInfoCreationTest@86be70a]" name="businessSpecificInfoCreationTest" class="com.se.testscripts.BusinessSpecificInfoCreationTest"/>
        <method signature="CapVisitPLanTest.capVisitPLanTest()[pri:1, instance:com.se.testscripts.CapVisitPLanTest@2a556333]" name="capVisitPLanTest" class="com.se.testscripts.CapVisitPLanTest"/>
        <method signature="Cap_TC001.cap_TC001()[pri:1, instance:com.se.testscripts.Cap_TC001@480bdb19]" name="cap_TC001" class="com.se.testscripts.Cap_TC001"/>
        <method signature="CockpitTest.cockpitTest()[pri:1, instance:com.se.testscripts.CockpitTest@2a742aa2]" name="cockpitTest" class="com.se.testscripts.CockpitTest"/>
        <method signature="CommercialActionPlanEditTest.commercialActionPlanEditTest()[pri:1, instance:com.se.testscripts.CommercialActionPlanEditTest@3cb1ffe6]" name="commercialActionPlanEditTest" class="com.se.testscripts.CommercialActionPlanEditTest"/>
        <method signature="CommercialActionPlanHighlightPlanelTest.commercialActionPlanHighLightPanelTest()[pri:1, instance:com.se.testscripts.CommercialActionPlanHighlightPlanelTest@3dfc5fb8]" name="commercialActionPlanHighLightPanelTest" class="com.se.testscripts.CommercialActionPlanHighlightPlanelTest"/>
        <method signature="ConfigChanges_TC002.ConfigChange_TC002()[pri:1, instance:com.se.testscripts.ConfigChanges_TC002@467aecef]" name="ConfigChange_TC002" class="com.se.testscripts.ConfigChanges_TC002"/>
        <method signature="Home_TC001.home_TC001()[pri:1, instance:com.se.testscripts.Home_TC001@631330c]" name="home_TC001" class="com.se.testscripts.Home_TC001"/>
        <method signature="InsideSalesProfileLoginTest.insideSalesProfileLoginTest()[pri:1, instance:com.se.testscripts.InsideSalesProfileLoginTest@c46bcd4]" name="insideSalesProfileLoginTest" class="com.se.testscripts.InsideSalesProfileLoginTest"/>
        <method signature="LexBfoLoginTest.eventCreationFromCalendarObjectTest()[pri:1, instance:com.se.testscripts.LexBfoLoginTest@fad74ee]" name="eventCreationFromCalendarObjectTest" class="com.se.testscripts.LexBfoLoginTest"/>
        <method signature="MasterProjectCreationTest.masterProjectCreationtest()[pri:1, instance:com.se.testscripts.MasterProjectCreationTest@45820e51]" name="masterProjectCreationtest" class="com.se.testscripts.MasterProjectCreationTest"/>
        <method signature="MasterProjectOpptyCheck.opptyMasterProjecttest()[pri:1, instance:com.se.r7tor10.testscripts.MasterProjectOpptyCheck@52feb982]" name="opptyMasterProjecttest" class="com.se.r7tor10.testscripts.MasterProjectOpptyCheck"/>
        <method signature="MasterProject_TC001.masterProject_TC002()[pri:2, instance:com.se.testscripts.MasterProject_TC001@7113b13f]" name="masterProject_TC002" class="com.se.testscripts.MasterProject_TC001"/>
        <method signature="StandardObjectTabValidation.standardObjectTabValidationTest()[pri:1, instance:com.se.testscripts.StandardObjectTabValidation@23d2a7e8]" name="standardObjectTabValidationTest" class="com.se.testscripts.StandardObjectTabValidation"/>
        <method signature="ValueChainPlayerCreationTest.valueChainPlayerCreationtest()[pri:1, instance:com.se.testscripts.ValueChainPlayerCreationTest@7ce6a65d]" name="valueChainPlayerCreationtest" class="com.se.testscripts.ValueChainPlayerCreationTest"/>
      </group> <!-- ActivityManagement -->
      <group name="OpportunityManagement">
        <method signature="AddOpptyCompetitorsTest.addOpportunityCompetitorsTest()[pri:1, instance:com.se.testscripts.AddOpptyCompetitorsTest@69a3d1d]" name="addOpportunityCompetitorsTest" class="com.se.testscripts.AddOpptyCompetitorsTest"/>
        <method signature="CloneOpptyTest.cloneOpptyTest()[pri:1, instance:com.se.testscripts.CloneOpptyTest@7d70d1b1]" name="cloneOpptyTest" class="com.se.testscripts.CloneOpptyTest"/>
        <method signature="LexOpptyCreationTest.lexOpportunityCreationTest()[pri:1, instance:com.se.testscripts.LexOpptyCreationTest@27808f31]" name="lexOpportunityCreationTest" class="com.se.testscripts.LexOpptyCreationTest"/>
        <method signature="OpportunityEditTest.lexOpportunityEditTest()[pri:1, instance:com.se.testscripts.OpportunityEditTest@1d8d30f7]" name="lexOpportunityEditTest" class="com.se.testscripts.OpportunityEditTest"/>
        <method signature="OpportunityManagement_TC001.OpportunityManagement_2673_TC001()[pri:1, instance:com.se.testscripts.OpportunityManagement_TC001@3e57cd70]" name="OpportunityManagement_2673_TC001" class="com.se.testscripts.OpportunityManagement_TC001"/>
        <method signature="OpportunityManagement_TC002.OpportunityManagement_2708_TC002()[pri:1, instance:com.se.testscripts.OpportunityManagement_TC002@9a7504c]" name="OpportunityManagement_2708_TC002" class="com.se.testscripts.OpportunityManagement_TC002"/>
        <method signature="OpportunityManagement_TC003.opportunityManagement_TC003()[pri:1, instance:com.se.testscripts.OpportunityManagement_TC003@2c039ac6]" name="opportunityManagement_TC003" class="com.se.testscripts.OpportunityManagement_TC003"/>
        <method signature="OpportunityManagement_TC004.opportunityManagement_TC004()[pri:1, instance:com.se.testscripts.OpportunityManagement_TC004@1500955a]" name="opportunityManagement_TC004" class="com.se.testscripts.OpportunityManagement_TC004"/>
        <method signature="OpportunitySplitTest.opportunitySplitTest()[pri:1, instance:com.se.testscripts.OpportunitySplitTest@587d1d39]" name="opportunitySplitTest" class="com.se.testscripts.OpportunitySplitTest"/>
        <method signature="OpportunityTeamAddMemberTest.opportunityTeamMemberAddTest()[pri:1, instance:com.se.testscripts.OpportunityTeamAddMemberTest@58c1670b]" name="opportunityTeamMemberAddTest" class="com.se.testscripts.OpportunityTeamAddMemberTest"/>
        <method signature="OpptyContactRoleCreation.opportunityContactRoleAddTest()[pri:1, instance:com.se.testscripts.OpptyContactRoleCreation@6b57696f]" name="opportunityContactRoleAddTest" class="com.se.testscripts.OpptyContactRoleCreation"/>
        <method signature="OpptyEditInHomePage.OpptyQuickEditInHomePage()[pri:1, instance:com.se.r11andr12.testscripts.OpptyEditInHomePage@11438d26]" name="OpptyQuickEditInHomePage" class="com.se.r11andr12.testscripts.OpptyEditInHomePage"/>
        <method signature="OpptyEditInSalesAccountSummary.OpportunityEditTest()[pri:1, instance:com.se.r7tor10.testscripts.OpptyEditInSalesAccountSummary@7a765367]" name="OpportunityEditTest" class="com.se.r7tor10.testscripts.OpptyEditInSalesAccountSummary"/>
        <method signature="OpptyHighlightPanelButtonValidation.opptyHighlightPanelButtonValidationTest()[pri:1, instance:com.se.testscripts.OpptyHighlightPanelButtonValidation@5bb21b69]" name="opptyHighlightPanelButtonValidationTest" class="com.se.testscripts.OpptyHighlightPanelButtonValidation"/>
        <method signature="OpptyLeadingBUPickList.VerifyLeadingBUInOpptyCreation()[pri:1, instance:com.se.r1tor2.summer21.testscripts.OpptyLeadingBUPickList@528931cf]" name="VerifyLeadingBUInOpptyCreation" class="com.se.r1tor2.summer21.testscripts.OpptyLeadingBUPickList"/>
        <method signature="OpptyLineAddTest.quoteLinkCreationtest()[pri:1, instance:com.se.testscripts.OpptyLineAddTest@6b9651f3]" name="quoteLinkCreationtest" class="com.se.testscripts.OpptyLineAddTest"/>
        <method signature="OpptyScopeAttributeTest.OpptyScopeAttributecheck()[pri:1, instance:com.se.r1tor2.summer21.testscripts.OpptyScopeAttributeTest@ea1a8d5]" name="OpptyScopeAttributecheck" class="com.se.r1tor2.summer21.testscripts.OpptyScopeAttributeTest"/>
        <method signature="OpptySimilarTest.similarOpptyDisplayTest()[pri:1, instance:com.se.testscripts.OpptySimilarTest@38bc8ab5]" name="similarOpptyDisplayTest" class="com.se.testscripts.OpptySimilarTest"/>
        <method signature="SalesAccountSummaryContactRoleError.SAContactRoleError()[pri:1, instance:com.se.r11andr12.testscripts.SalesAccountSummaryContactRoleError@34cd072c]" name="SAContactRoleError" class="com.se.r11andr12.testscripts.SalesAccountSummaryContactRoleError"/>
        <method signature="SalesAccountSummaryOpptyColumnCheck.SalesAccountSummaryOpptyTable()[pri:1, instance:com.se.r11andr12.testscripts.SalesAccountSummaryOpptyColumnCheck@7a1ebcd8]" name="SalesAccountSummaryOpptyTable" class="com.se.r11andr12.testscripts.SalesAccountSummaryOpptyColumnCheck"/>
        <method signature="SalesAccountSummaryOpptyLine.SalesAccountSummaryOpptyLineEdit()[pri:1, instance:com.se.r11andr12.testscripts.SalesAccountSummaryOpptyLine@5faeada1]" name="SalesAccountSummaryOpptyLineEdit" class="com.se.r11andr12.testscripts.SalesAccountSummaryOpptyLine"/>
        <method signature="SupportRequest_TC001.supportrequestSearchClearTest()[pri:1, instance:com.se.testscripts.SupportRequest_TC001@7a9273a8]" name="supportrequestSearchClearTest" class="com.se.testscripts.SupportRequest_TC001"/>
        <method signature="SupportRequest_TC002.supportRequestSearchSolutionCenterWithFilters()[pri:1, instance:com.se.testscripts.SupportRequest_TC002@26a7b76d]" name="supportRequestSearchSolutionCenterWithFilters" class="com.se.testscripts.SupportRequest_TC002"/>
      </group> <!-- OpportunityManagement -->
      <group name="ContactManagement">
        <method signature="ContactCloneTest.lexContactCloneTest()[pri:1, instance:com.se.testscripts.ContactCloneTest@7e2d773b]" name="lexContactCloneTest" class="com.se.testscripts.ContactCloneTest"/>
        <method signature="ContactColumnShortingTest.lexContactColumnshortingTest()[pri:1, instance:com.se.testscripts.ContactColumnShortingTest@2173f6d9]" name="lexContactColumnshortingTest" class="com.se.testscripts.ContactColumnShortingTest"/>
        <method signature="ContactEditTest.lexContactEditTest()[pri:1, instance:com.se.testscripts.ContactEditTest@307f6b8c]" name="lexContactEditTest" class="com.se.testscripts.ContactEditTest"/>
        <method signature="ContactHighlightPanelTest.contactHighLightPanelVerification()[pri:1, instance:com.se.testscripts.ContactHighlightPanelTest@7a187f14]" name="contactHighLightPanelVerification" class="com.se.testscripts.ContactHighlightPanelTest"/>
        <method signature="ContactManagement_TC001.ContactManagements_TC001()[pri:1, instance:com.se.testscripts.ContactManagement_TC001@6f195bc3]" name="ContactManagements_TC001" class="com.se.testscripts.ContactManagement_TC001"/>
        <method signature="ContactTabValidation.contactTabValidationTest()[pri:1, instance:com.se.testscripts.ContactTabValidation@51e2adc7]" name="contactTabValidationTest" class="com.se.testscripts.ContactTabValidation"/>
        <method signature="Contact_TC002.contact_TC002()[pri:1, instance:com.se.testscripts.Contact_TC002@4d50efb8]" name="contact_TC002" class="com.se.testscripts.Contact_TC002"/>
        <method signature="LexContactCreationTest.lexCustomerContactCreationTest()[pri:1, instance:com.se.testscripts.LexContactCreationTest@1a1d6a08]" name="lexCustomerContactCreationTest" class="com.se.testscripts.LexContactCreationTest"/>
        <method signature="LexContactValidationTest.lexContactValidationTest()[pri:1, instance:com.se.testscripts.LexContactValidationTest@37d31475]" name="lexContactValidationTest" class="com.se.testscripts.LexContactValidationTest"/>
        <method signature="NotesCreationFromContactTest.notesCreationFromOpportunity()[pri:2, instance:com.se.testscripts.NotesCreationFromContactTest@32d2fa64]" name="notesCreationFromOpportunity" class="com.se.testscripts.NotesCreationFromContactTest"/>
      </group> <!-- ContactManagement -->
      <group name="TaskManagement">
        <method signature="TaskCreation.lexTaskCreationFromAccountSidePanelTest()[pri:4, instance:com.se.testscripts.TaskCreation@4abdb505]" name="lexTaskCreationFromAccountSidePanelTest" class="com.se.testscripts.TaskCreation"/>
      </group> <!-- TaskManagement -->
      <group name="AccountManagement">
        <method signature="AccountEditTest.lexAccountEditTest()[pri:1, instance:com.se.testscripts.AccountEditTest@17d677df]" name="lexAccountEditTest" class="com.se.testscripts.AccountEditTest"/>
        <method signature="AccountGrowthPlanCloneTest.accountGrowthPlanCloneTest()[pri:1, instance:com.se.testscripts.AccountGrowthPlanCloneTest@3043fe0e]" name="accountGrowthPlanCloneTest" class="com.se.testscripts.AccountGrowthPlanCloneTest"/>
        <method signature="AccountGrowthPlanEditTest.accountGrowthPlanEditTest()[pri:1, instance:com.se.testscripts.AccountGrowthPlanEditTest@78e67e0a]" name="accountGrowthPlanEditTest" class="com.se.testscripts.AccountGrowthPlanEditTest"/>
        <method signature="AccountHighLightPanelTest.accountHighlightPanelVerificationTest()[pri:1, instance:com.se.testscripts.AccountHighLightPanelTest@bd8db5a]" name="accountHighlightPanelVerificationTest" class="com.se.testscripts.AccountHighLightPanelTest"/>
        <method signature="AccountMasterProfileTest.accountMasterProfileTest()[pri:1, instance:com.se.testscripts.AccountMasterProfileTest@2f943d71]" name="accountMasterProfileTest" class="com.se.testscripts.AccountMasterProfileTest"/>
        <method signature="AccountPlanClone.accountPlanClonetest()[pri:1, instance:com.se.r7tor10.testscripts.AccountPlanClone@30a3107a]" name="accountPlanClonetest" class="com.se.r7tor10.testscripts.AccountPlanClone"/>
        <method signature="AccountPlanCreationTest.accountPlanCreationtest()[pri:1, instance:com.se.testscripts.AccountPlanCreationTest@e874448]" name="accountPlanCreationtest" class="com.se.testscripts.AccountPlanCreationTest"/>
        <method signature="AccountTabValidation.accountTabValidationTest()[pri:1, instance:com.se.testscripts.AccountTabValidation@29b5cd00]" name="accountTabValidationTest" class="com.se.testscripts.AccountTabValidation"/>
        <method signature="AccountTest.AccountsManagement_001()[pri:1, instance:com.se.testscripts.AccountTest@80503]" name="AccountsManagement_001" class="com.se.testscripts.AccountTest"/>
        <method signature="InsideSalesEventCreationFromAccount360.eventCreationFromAccount360Test()[pri:1, instance:com.se.testscripts.InsideSalesEventCreationFromAccount360@42f93a98]" name="eventCreationFromAccount360Test" class="com.se.testscripts.InsideSalesEventCreationFromAccount360"/>
        <method signature="InsideSalesTaskCreationFromAccount360Test.taskCreationFromAccount360Test()[pri:1, instance:com.se.testscripts.InsideSalesTaskCreationFromAccount360Test@3234e239]" name="taskCreationFromAccount360Test" class="com.se.testscripts.InsideSalesTaskCreationFromAccount360Test"/>
        <method signature="LexAccountCreationTest.lexAccountCreationTest2()[pri:1, instance:com.se.testscripts.LexAccountCreationTest@3d921e20]" name="lexAccountCreationTest2" class="com.se.testscripts.LexAccountCreationTest"/>
        <method signature="LexAccountValidationTest.lexAccountCityValidationTest()[pri:1, instance:com.se.testscripts.LexAccountValidationTest@36b4cef0]" name="lexAccountCityValidationTest" class="com.se.testscripts.LexAccountValidationTest"/>
        <method signature="MasterProjectCancelcheck.opptyMasterProjectCancel()[pri:1, instance:com.se.r11andr12.testscripts.MasterProjectCancelcheck@4232c52b]" name="opptyMasterProjectCancel" class="com.se.r11andr12.testscripts.MasterProjectCancelcheck"/>
        <method signature="MasterProjectCreationCheck.opptyMasterProjectCreation()[pri:1, instance:com.se.r11andr12.testscripts.MasterProjectCreationCheck@1877ab81]" name="opptyMasterProjectCreation" class="com.se.r11andr12.testscripts.MasterProjectCreationCheck"/>
        <method signature="MasterProjectFieldCheck.opptyMasterProjectField()[pri:1, instance:com.se.r11andr12.testscripts.MasterProjectFieldCheck@305fd85d]" name="opptyMasterProjectField" class="com.se.r11andr12.testscripts.MasterProjectFieldCheck"/>
        <method signature="MasterProjectRelatedListCheck.opptyMasterProjecttest()[pri:1, instance:com.se.r11andr12.testscripts.MasterProjectRelatedListCheck@458c1321]" name="opptyMasterProjecttest" class="com.se.r11andr12.testscripts.MasterProjectRelatedListCheck"/>
        <method signature="NotesCreationFromAccount.notesCreationFromAccount()[pri:1, instance:com.se.testscripts.NotesCreationFromAccount@436e852b]" name="notesCreationFromAccount" class="com.se.testscripts.NotesCreationFromAccount"/>
      </group> <!-- AccountManagement -->
      <group name="QASales">
        <method signature="AccountDiscussionTopics.DiscussionTopicsCreationFromAccount()[pri:1, instance:com.se.r7tor10.testscripts.AccountDiscussionTopics@2bbf4b8b]" name="DiscussionTopicsCreationFromAccount" class="com.se.r7tor10.testscripts.AccountDiscussionTopics"/>
        <method signature="AccountEditTest.lexAccountEditTest()[pri:1, instance:com.se.testscripts.AccountEditTest@17d677df]" name="lexAccountEditTest" class="com.se.testscripts.AccountEditTest"/>
        <method signature="AccountGrowthPlanCloneTest.accountGrowthPlanCloneTest()[pri:1, instance:com.se.testscripts.AccountGrowthPlanCloneTest@3043fe0e]" name="accountGrowthPlanCloneTest" class="com.se.testscripts.AccountGrowthPlanCloneTest"/>
        <method signature="AccountGrowthPlanEditTest.accountGrowthPlanEditTest()[pri:1, instance:com.se.testscripts.AccountGrowthPlanEditTest@78e67e0a]" name="accountGrowthPlanEditTest" class="com.se.testscripts.AccountGrowthPlanEditTest"/>
        <method signature="AccountHighLightPanelTest.accountHighlightPanelVerificationTest()[pri:1, instance:com.se.testscripts.AccountHighLightPanelTest@bd8db5a]" name="accountHighlightPanelVerificationTest" class="com.se.testscripts.AccountHighLightPanelTest"/>
        <method signature="AccountMasterProfileTest.accountMasterProfileTest()[pri:1, instance:com.se.testscripts.AccountMasterProfileTest@2f943d71]" name="accountMasterProfileTest" class="com.se.testscripts.AccountMasterProfileTest"/>
        <method signature="AccountPlanClone.accountPlanClonetest()[pri:1, instance:com.se.r7tor10.testscripts.AccountPlanClone@30a3107a]" name="accountPlanClonetest" class="com.se.r7tor10.testscripts.AccountPlanClone"/>
        <method signature="AccountPlanCreationTest.accountPlanCreationtest()[pri:1, instance:com.se.testscripts.AccountPlanCreationTest@e874448]" name="accountPlanCreationtest" class="com.se.testscripts.AccountPlanCreationTest"/>
        <method signature="AccountTabValidation.accountTabValidationTest()[pri:1, instance:com.se.testscripts.AccountTabValidation@29b5cd00]" name="accountTabValidationTest" class="com.se.testscripts.AccountTabValidation"/>
        <method signature="AccountTest.AccountsManagement_001()[pri:1, instance:com.se.testscripts.AccountTest@80503]" name="AccountsManagement_001" class="com.se.testscripts.AccountTest"/>
        <method signature="ActivityManagement_TC002.activityManagement_TC002()[pri:1, instance:com.se.testscripts.ActivityManagement_TC002@4b553d26]" name="activityManagement_TC002" class="com.se.testscripts.ActivityManagement_TC002"/>
        <method signature="AddOpptyCompetitorsTest.addOpportunityCompetitorsTest()[pri:1, instance:com.se.testscripts.AddOpptyCompetitorsTest@69a3d1d]" name="addOpportunityCompetitorsTest" class="com.se.testscripts.AddOpptyCompetitorsTest"/>
        <method signature="AgreementCreation.agreementCreationtest()[pri:1, instance:com.se.testscripts.AgreementCreation@60285225]" name="agreementCreationtest" class="com.se.testscripts.AgreementCreation"/>
        <method signature="BusinessSpecificInfoCreationTest.businessSpecificInfoCreationTest()[pri:1, instance:com.se.testscripts.BusinessSpecificInfoCreationTest@86be70a]" name="businessSpecificInfoCreationTest" class="com.se.testscripts.BusinessSpecificInfoCreationTest"/>
        <method signature="CapVisitPLanTest.capVisitPLanTest()[pri:1, instance:com.se.testscripts.CapVisitPLanTest@2a556333]" name="capVisitPLanTest" class="com.se.testscripts.CapVisitPLanTest"/>
        <method signature="Cap_TC001.cap_TC001()[pri:1, instance:com.se.testscripts.Cap_TC001@480bdb19]" name="cap_TC001" class="com.se.testscripts.Cap_TC001"/>
        <method signature="CloneOpptyTest.cloneOpptyTest()[pri:1, instance:com.se.testscripts.CloneOpptyTest@7d70d1b1]" name="cloneOpptyTest" class="com.se.testscripts.CloneOpptyTest"/>
        <method signature="CockpitTest.cockpitTest()[pri:1, instance:com.se.testscripts.CockpitTest@2a742aa2]" name="cockpitTest" class="com.se.testscripts.CockpitTest"/>
        <method signature="CommercialActionPlanEditTest.commercialActionPlanEditTest()[pri:1, instance:com.se.testscripts.CommercialActionPlanEditTest@3cb1ffe6]" name="commercialActionPlanEditTest" class="com.se.testscripts.CommercialActionPlanEditTest"/>
        <method signature="CommercialActionPlanHighlightPlanelTest.commercialActionPlanHighLightPanelTest()[pri:1, instance:com.se.testscripts.CommercialActionPlanHighlightPlanelTest@3dfc5fb8]" name="commercialActionPlanHighLightPanelTest" class="com.se.testscripts.CommercialActionPlanHighlightPlanelTest"/>
        <method signature="ConfigChanges_TC002.ConfigChange_TC002()[pri:1, instance:com.se.testscripts.ConfigChanges_TC002@467aecef]" name="ConfigChange_TC002" class="com.se.testscripts.ConfigChanges_TC002"/>
        <method signature="ContactCloneTest.lexContactCloneTest()[pri:1, instance:com.se.testscripts.ContactCloneTest@7e2d773b]" name="lexContactCloneTest" class="com.se.testscripts.ContactCloneTest"/>
        <method signature="ContactColumnShortingTest.lexContactColumnshortingTest()[pri:1, instance:com.se.testscripts.ContactColumnShortingTest@2173f6d9]" name="lexContactColumnshortingTest" class="com.se.testscripts.ContactColumnShortingTest"/>
        <method signature="ContactEditTest.lexContactEditTest()[pri:1, instance:com.se.testscripts.ContactEditTest@307f6b8c]" name="lexContactEditTest" class="com.se.testscripts.ContactEditTest"/>
        <method signature="ContactHighlightPanelTest.contactHighLightPanelVerification()[pri:1, instance:com.se.testscripts.ContactHighlightPanelTest@7a187f14]" name="contactHighLightPanelVerification" class="com.se.testscripts.ContactHighlightPanelTest"/>
        <method signature="ContactManagement_TC001.ContactManagements_TC001()[pri:1, instance:com.se.testscripts.ContactManagement_TC001@6f195bc3]" name="ContactManagements_TC001" class="com.se.testscripts.ContactManagement_TC001"/>
        <method signature="ContactTabValidation.contactTabValidationTest()[pri:1, instance:com.se.testscripts.ContactTabValidation@51e2adc7]" name="contactTabValidationTest" class="com.se.testscripts.ContactTabValidation"/>
        <method signature="Contact_TC002.contact_TC002()[pri:1, instance:com.se.testscripts.Contact_TC002@4d50efb8]" name="contact_TC002" class="com.se.testscripts.Contact_TC002"/>
        <method signature="ContractLinkCreation.contractLinkCreationTest()[pri:1, instance:com.se.testscripts.ContractLinkCreation@1a8a8f7c]" name="contractLinkCreationTest" class="com.se.testscripts.ContractLinkCreation"/>
        <method signature="CreateAndUpdateEventwithDiscussionTopicsTest.CreateAndUpdateEventAndTopicsCreationFromAccount()[pri:1, instance:com.se.r5andr6.testscripts.CreateAndUpdateEventwithDiscussionTopicsTest@1563da5]" name="CreateAndUpdateEventAndTopicsCreationFromAccount" class="com.se.r5andr6.testscripts.CreateAndUpdateEventwithDiscussionTopicsTest"/>
        <method signature="CreateEventwithDiscussionTopicsTest.EventAndTopicsCreationFromAccount()[pri:1, instance:com.se.r5andr6.testscripts.CreateEventwithDiscussionTopicsTest@42d8062c]" name="EventAndTopicsCreationFromAccount" class="com.se.r5andr6.testscripts.CreateEventwithDiscussionTopicsTest"/>
        <method signature="CreateEventwithDiscussionTopicsTest.EventAndTopicsCreationFromContact()[pri:2, instance:com.se.r5andr6.testscripts.CreateEventwithDiscussionTopicsTest@42d8062c]" name="EventAndTopicsCreationFromContact" class="com.se.r5andr6.testscripts.CreateEventwithDiscussionTopicsTest"/>
        <method signature="CreateEventwithDiscussionTopicsTest.VerifyDiscussionTopicsIsActiveCheck()[pri:3, instance:com.se.r5andr6.testscripts.CreateEventwithDiscussionTopicsTest@42d8062c]" name="VerifyDiscussionTopicsIsActiveCheck" class="com.se.r5andr6.testscripts.CreateEventwithDiscussionTopicsTest"/>
        <method signature="EventCreationFromCalendarObject.eventCreationFromCalendarObjectTest()[pri:1, instance:com.se.testscripts.EventCreationFromCalendarObject@2353b3e6]" name="eventCreationFromCalendarObjectTest" class="com.se.testscripts.EventCreationFromCalendarObject"/>
        <method signature="EventCreationWithDiscussionTopics.EventWithTopicsCreationFromContact()[pri:2, instance:com.se.r7tor10.testscripts.EventCreationWithDiscussionTopics@33c7e1bb]" name="EventWithTopicsCreationFromContact" class="com.se.r7tor10.testscripts.EventCreationWithDiscussionTopics"/>
        <method signature="EventCreationWithDiscussionTopics.EventwithTopicsCreationFromAccount()[pri:1, instance:com.se.r7tor10.testscripts.EventCreationWithDiscussionTopics@33c7e1bb]" name="EventwithTopicsCreationFromAccount" class="com.se.r7tor10.testscripts.EventCreationWithDiscussionTopics"/>
        <method signature="GlobalActionEventCreationTest.CreateEventFromGlobalAction()[pri:1, instance:com.se.r7tor10.testscripts.GlobalActionEventCreationTest@34c4973]" name="CreateEventFromGlobalAction" class="com.se.r7tor10.testscripts.GlobalActionEventCreationTest"/>
        <method signature="Home_TC001.home_TC001()[pri:1, instance:com.se.testscripts.Home_TC001@631330c]" name="home_TC001" class="com.se.testscripts.Home_TC001"/>
        <method signature="InsideSalesEventCreationFromAccount360.eventCreationFromAccount360Test()[pri:1, instance:com.se.testscripts.InsideSalesEventCreationFromAccount360@42f93a98]" name="eventCreationFromAccount360Test" class="com.se.testscripts.InsideSalesEventCreationFromAccount360"/>
        <method signature="InsideSalesProfileLoginTest.insideSalesProfileLoginTest()[pri:1, instance:com.se.testscripts.InsideSalesProfileLoginTest@c46bcd4]" name="insideSalesProfileLoginTest" class="com.se.testscripts.InsideSalesProfileLoginTest"/>
        <method signature="InsideSalesTaskCreationFromAccount360Test.taskCreationFromAccount360Test()[pri:1, instance:com.se.testscripts.InsideSalesTaskCreationFromAccount360Test@3234e239]" name="taskCreationFromAccount360Test" class="com.se.testscripts.InsideSalesTaskCreationFromAccount360Test"/>
        <method signature="LexAccountCreationTest.lexAccountCreationTest2()[pri:1, instance:com.se.testscripts.LexAccountCreationTest@3d921e20]" name="lexAccountCreationTest2" class="com.se.testscripts.LexAccountCreationTest"/>
        <method signature="LexAccountValidationTest.lexAccountCityValidationTest()[pri:1, instance:com.se.testscripts.LexAccountValidationTest@36b4cef0]" name="lexAccountCityValidationTest" class="com.se.testscripts.LexAccountValidationTest"/>
        <method signature="LexBfoLoginTest.eventCreationFromCalendarObjectTest()[pri:1, instance:com.se.testscripts.LexBfoLoginTest@fad74ee]" name="eventCreationFromCalendarObjectTest" class="com.se.testscripts.LexBfoLoginTest"/>
        <method signature="LexContactCreationTest.lexCustomerContactCreationTest()[pri:1, instance:com.se.testscripts.LexContactCreationTest@1a1d6a08]" name="lexCustomerContactCreationTest" class="com.se.testscripts.LexContactCreationTest"/>
        <method signature="LexContactValidationTest.lexContactValidationTest()[pri:1, instance:com.se.testscripts.LexContactValidationTest@37d31475]" name="lexContactValidationTest" class="com.se.testscripts.LexContactValidationTest"/>
        <method signature="LexOpptyCreationTest.lexOpportunityCreationTest()[pri:1, instance:com.se.testscripts.LexOpptyCreationTest@27808f31]" name="lexOpportunityCreationTest" class="com.se.testscripts.LexOpptyCreationTest"/>
        <method signature="MasterProjectCancelcheck.opptyMasterProjectCancel()[pri:1, instance:com.se.r11andr12.testscripts.MasterProjectCancelcheck@4232c52b]" name="opptyMasterProjectCancel" class="com.se.r11andr12.testscripts.MasterProjectCancelcheck"/>
        <method signature="MasterProjectCreationCheck.opptyMasterProjectCreation()[pri:1, instance:com.se.r11andr12.testscripts.MasterProjectCreationCheck@1877ab81]" name="opptyMasterProjectCreation" class="com.se.r11andr12.testscripts.MasterProjectCreationCheck"/>
        <method signature="MasterProjectCreationTest.masterProjectCreationtest()[pri:1, instance:com.se.testscripts.MasterProjectCreationTest@45820e51]" name="masterProjectCreationtest" class="com.se.testscripts.MasterProjectCreationTest"/>
        <method signature="MasterProjectFieldCheck.opptyMasterProjectField()[pri:1, instance:com.se.r11andr12.testscripts.MasterProjectFieldCheck@305fd85d]" name="opptyMasterProjectField" class="com.se.r11andr12.testscripts.MasterProjectFieldCheck"/>
        <method signature="MasterProjectOpptyCheck.opptyMasterProjecttest()[pri:1, instance:com.se.r7tor10.testscripts.MasterProjectOpptyCheck@52feb982]" name="opptyMasterProjecttest" class="com.se.r7tor10.testscripts.MasterProjectOpptyCheck"/>
        <method signature="MasterProjectRelatedListCheck.opptyMasterProjecttest()[pri:1, instance:com.se.r11andr12.testscripts.MasterProjectRelatedListCheck@458c1321]" name="opptyMasterProjecttest" class="com.se.r11andr12.testscripts.MasterProjectRelatedListCheck"/>
        <method signature="MasterProject_TC001.masterProject_TC002()[pri:2, instance:com.se.testscripts.MasterProject_TC001@7113b13f]" name="masterProject_TC002" class="com.se.testscripts.MasterProject_TC001"/>
        <method signature="NotesCreationFromAccount.notesCreationFromAccount()[pri:1, instance:com.se.testscripts.NotesCreationFromAccount@436e852b]" name="notesCreationFromAccount" class="com.se.testscripts.NotesCreationFromAccount"/>
        <method signature="NotesCreationFromContactTest.notesCreationFromOpportunity()[pri:2, instance:com.se.testscripts.NotesCreationFromContactTest@32d2fa64]" name="notesCreationFromOpportunity" class="com.se.testscripts.NotesCreationFromContactTest"/>
        <method signature="OpportunityEditTest.lexOpportunityEditTest()[pri:1, instance:com.se.testscripts.OpportunityEditTest@1d8d30f7]" name="lexOpportunityEditTest" class="com.se.testscripts.OpportunityEditTest"/>
        <method signature="OpportunityManagement_TC001.OpportunityManagement_2673_TC001()[pri:1, instance:com.se.testscripts.OpportunityManagement_TC001@3e57cd70]" name="OpportunityManagement_2673_TC001" class="com.se.testscripts.OpportunityManagement_TC001"/>
        <method signature="OpportunityManagement_TC002.OpportunityManagement_2708_TC002()[pri:1, instance:com.se.testscripts.OpportunityManagement_TC002@9a7504c]" name="OpportunityManagement_2708_TC002" class="com.se.testscripts.OpportunityManagement_TC002"/>
        <method signature="OpportunityManagement_TC003.opportunityManagement_TC003()[pri:1, instance:com.se.testscripts.OpportunityManagement_TC003@2c039ac6]" name="opportunityManagement_TC003" class="com.se.testscripts.OpportunityManagement_TC003"/>
        <method signature="OpportunityManagement_TC004.opportunityManagement_TC004()[pri:1, instance:com.se.testscripts.OpportunityManagement_TC004@1500955a]" name="opportunityManagement_TC004" class="com.se.testscripts.OpportunityManagement_TC004"/>
        <method signature="OpportunitySplitTest.opportunitySplitTest()[pri:1, instance:com.se.testscripts.OpportunitySplitTest@587d1d39]" name="opportunitySplitTest" class="com.se.testscripts.OpportunitySplitTest"/>
        <method signature="OpportunityTeamAddMemberTest.opportunityTeamMemberAddTest()[pri:1, instance:com.se.testscripts.OpportunityTeamAddMemberTest@58c1670b]" name="opportunityTeamMemberAddTest" class="com.se.testscripts.OpportunityTeamAddMemberTest"/>
        <method signature="OpptyContactRoleCreation.opportunityContactRoleAddTest()[pri:1, instance:com.se.testscripts.OpptyContactRoleCreation@6b57696f]" name="opportunityContactRoleAddTest" class="com.se.testscripts.OpptyContactRoleCreation"/>
        <method signature="OpptyEditInHomePage.OpptyQuickEditInHomePage()[pri:1, instance:com.se.r11andr12.testscripts.OpptyEditInHomePage@11438d26]" name="OpptyQuickEditInHomePage" class="com.se.r11andr12.testscripts.OpptyEditInHomePage"/>
        <method signature="OpptyEditInSalesAccountSummary.OpportunityEditTest()[pri:1, instance:com.se.r7tor10.testscripts.OpptyEditInSalesAccountSummary@7a765367]" name="OpportunityEditTest" class="com.se.r7tor10.testscripts.OpptyEditInSalesAccountSummary"/>
        <method signature="OpptyHighlightPanelButtonValidation.opptyHighlightPanelButtonValidationTest()[pri:1, instance:com.se.testscripts.OpptyHighlightPanelButtonValidation@5bb21b69]" name="opptyHighlightPanelButtonValidationTest" class="com.se.testscripts.OpptyHighlightPanelButtonValidation"/>
        <method signature="OpptyLeadingBUPickList.VerifyLeadingBUInOpptyCreation()[pri:1, instance:com.se.r1tor2.summer21.testscripts.OpptyLeadingBUPickList@528931cf]" name="VerifyLeadingBUInOpptyCreation" class="com.se.r1tor2.summer21.testscripts.OpptyLeadingBUPickList"/>
        <method signature="OpptyLineAddTest.quoteLinkCreationtest()[pri:1, instance:com.se.testscripts.OpptyLineAddTest@6b9651f3]" name="quoteLinkCreationtest" class="com.se.testscripts.OpptyLineAddTest"/>
        <method signature="OpptyQuickEditTest.OpptyQuickEdit()[pri:1, instance:com.se.r7tor10.testscripts.OpptyQuickEditTest@76b0bfab]" name="OpptyQuickEdit" class="com.se.r7tor10.testscripts.OpptyQuickEditTest"/>
        <method signature="OpptyScopeAttributeTest.OpptyScopeAttributecheck()[pri:1, instance:com.se.r1tor2.summer21.testscripts.OpptyScopeAttributeTest@ea1a8d5]" name="OpptyScopeAttributecheck" class="com.se.r1tor2.summer21.testscripts.OpptyScopeAttributeTest"/>
        <method signature="OpptySimilarTest.similarOpptyDisplayTest()[pri:1, instance:com.se.testscripts.OpptySimilarTest@38bc8ab5]" name="similarOpptyDisplayTest" class="com.se.testscripts.OpptySimilarTest"/>
        <method signature="QuoteLink_TC001.quoteLink_TC001()[pri:1, instance:com.se.testscripts.QuoteLink_TC001@687080dc]" name="quoteLink_TC001" class="com.se.testscripts.QuoteLink_TC001"/>
        <method signature="SalesAccountSummaryContactRoleError.SAContactRoleError()[pri:1, instance:com.se.r11andr12.testscripts.SalesAccountSummaryContactRoleError@34cd072c]" name="SAContactRoleError" class="com.se.r11andr12.testscripts.SalesAccountSummaryContactRoleError"/>
        <method signature="SalesAccountSummaryOpptyColumnCheck.SalesAccountSummaryOpptyTable()[pri:1, instance:com.se.r11andr12.testscripts.SalesAccountSummaryOpptyColumnCheck@7a1ebcd8]" name="SalesAccountSummaryOpptyTable" class="com.se.r11andr12.testscripts.SalesAccountSummaryOpptyColumnCheck"/>
        <method signature="SalesAccountSummaryOpptyLine.SalesAccountSummaryOpptyLineEdit()[pri:1, instance:com.se.r11andr12.testscripts.SalesAccountSummaryOpptyLine@5faeada1]" name="SalesAccountSummaryOpptyLineEdit" class="com.se.r11andr12.testscripts.SalesAccountSummaryOpptyLine"/>
        <method signature="StandardObjectTabValidation.standardObjectTabValidationTest()[pri:1, instance:com.se.testscripts.StandardObjectTabValidation@23d2a7e8]" name="standardObjectTabValidationTest" class="com.se.testscripts.StandardObjectTabValidation"/>
        <method signature="SupportRequest_TC001.supportrequestSearchClearTest()[pri:1, instance:com.se.testscripts.SupportRequest_TC001@7a9273a8]" name="supportrequestSearchClearTest" class="com.se.testscripts.SupportRequest_TC001"/>
        <method signature="SupportRequest_TC002.supportRequestSearchSolutionCenterWithFilters()[pri:1, instance:com.se.testscripts.SupportRequest_TC002@26a7b76d]" name="supportRequestSearchSolutionCenterWithFilters" class="com.se.testscripts.SupportRequest_TC002"/>
        <method signature="TaskCreation.lexTaskCreationFromAccountSidePanelTest()[pri:4, instance:com.se.testscripts.TaskCreation@4abdb505]" name="lexTaskCreationFromAccountSidePanelTest" class="com.se.testscripts.TaskCreation"/>
        <method signature="ValueChainPlayerCreationTest.valueChainPlayerCreationtest()[pri:1, instance:com.se.testscripts.ValueChainPlayerCreationTest@7ce6a65d]" name="valueChainPlayerCreationtest" class="com.se.testscripts.ValueChainPlayerCreationTest"/>
      </group> <!-- QASales -->
    </groups>
    <test name="Test Run" duration-ms="3516689" started-at="2021-04-27T10:44:24 GMT" finished-at="2021-04-27T11:43:01 GMT">
      <class name="com.se.testscripts.AccountPlanCreationTest">
        <test-method status="PASS" signature="launchApp(java.lang.reflect.Method)[pri:0, instance:com.se.testscripts.AccountPlanCreationTest@e874448]" name="launchApp" is-config="true" duration-ms="10065" started-at="2021-04-27T11:03:26 GMT" finished-at="2021-04-27T11:03:36 GMT">
          <params>
            <param index="0">
              <value>
                <![CDATA[public void com.se.testscripts.AccountPlanCreationTest.accountPlanCreationtest() throws java.lang.Exception]]>
              </value>
            </param>
          </params>
          <reporter-output>
          </reporter-output>
        </test-method> <!-- launchApp -->
        <test-method status="PASS" signature="accountPlanCreationtest()[pri:1, instance:com.se.testscripts.AccountPlanCreationTest@e874448]" name="accountPlanCreationtest" duration-ms="87281" started-at="2021-04-27T11:03:36 GMT" finished-at="2021-04-27T11:05:04 GMT">
          <reporter-output>
          </reporter-output>
        </test-method> <!-- accountPlanCreationtest -->
        <test-method status="PASS" signature="closeApp(org.testng.ITestResult)[pri:0, instance:com.se.testscripts.AccountPlanCreationTest@e874448]" name="closeApp" is-config="true" duration-ms="10980" started-at="2021-04-27T11:05:04 GMT" finished-at="2021-04-27T11:05:15 GMT">
          <params>
            <param index="0">
              <value>
                <![CDATA[[TestResult name=accountPlanCreationtest status=SUCCESS method=AccountPlanCreationTest.accountPlanCreationtest()[pri:1, instance:com.se.testscripts.AccountPlanCreationTest@e874448] output={null}]]]>
              </value>
            </param>
          </params>
          <reporter-output>
          </reporter-output>
        </test-method> <!-- closeApp -->
      </class> <!-- com.se.testscripts.AccountPlanCreationTest -->
      <class name="com.se.testscripts.ActivityManagement_TC002">
        <test-method status="PASS" signature="launchApp(java.lang.reflect.Method)[pri:0, instance:com.se.testscripts.ActivityManagement_TC002@4b553d26]" name="launchApp" is-config="true" duration-ms="12287" started-at="2021-04-27T11:05:15 GMT" finished-at="2021-04-27T11:05:27 GMT">
          <params>
            <param index="0">
              <value>
                <![CDATA[public void com.se.testscripts.ActivityManagement_TC002.activityManagement_TC002() throws java.lang.Exception]]>
              </value>
            </param>
          </params>
          <reporter-output>
          </reporter-output>
        </test-method> <!-- launchApp -->
        <test-method status="PASS" signature="activityManagement_TC002()[pri:1, instance:com.se.testscripts.ActivityManagement_TC002@4b553d26]" name="activityManagement_TC002" duration-ms="67528" started-at="2021-04-27T11:05:27 GMT" finished-at="2021-04-27T11:06:35 GMT">
          <reporter-output>
          </reporter-output>
        </test-method> <!-- activityManagement_TC002 -->
        <test-method status="PASS" signature="closeApp(org.testng.ITestResult)[pri:0, instance:com.se.testscripts.ActivityManagement_TC002@4b553d26]" name="closeApp" is-config="true" duration-ms="10963" started-at="2021-04-27T11:06:35 GMT" finished-at="2021-04-27T11:06:45 GMT">
          <params>
            <param index="0">
              <value>
                <![CDATA[[TestResult name=activityManagement_TC002 status=SUCCESS method=ActivityManagement_TC002.activityManagement_TC002()[pri:1, instance:com.se.testscripts.ActivityManagement_TC002@4b553d26] output={null}]]]>
              </value>
            </param>
          </params>
          <reporter-output>
          </reporter-output>
        </test-method> <!-- closeApp -->
      </class> <!-- com.se.testscripts.ActivityManagement_TC002 -->
      <class name="com.se.r7tor10.testscripts.EventCreationWithDiscussionTopics">
        <test-method status="PASS" signature="launchApp(java.lang.reflect.Method)[pri:0, instance:com.se.r7tor10.testscripts.EventCreationWithDiscussionTopics@33c7e1bb]" name="launchApp" is-config="true" duration-ms="14152" started-at="2021-04-27T10:49:32 GMT" finished-at="2021-04-27T10:49:46 GMT">
          <params>
            <param index="0">
              <value>
                <![CDATA[public void com.se.r7tor10.testscripts.EventCreationWithDiscussionTopics.EventwithTopicsCreationFromAccount() throws java.lang.Exception]]>
              </value>
            </param>
          </params>
          <reporter-output>
          </reporter-output>
        </test-method> <!-- launchApp -->
        <test-method status="PASS" signature="EventwithTopicsCreationFromAccount()[pri:1, instance:com.se.r7tor10.testscripts.EventCreationWithDiscussionTopics@33c7e1bb]" name="EventwithTopicsCreationFromAccount" duration-ms="149438" started-at="2021-04-27T10:49:46 GMT" finished-at="2021-04-27T10:52:15 GMT">
          <reporter-output>
          </reporter-output>
        </test-method> <!-- EventwithTopicsCreationFromAccount -->
        <test-method status="PASS" signature="closeApp(org.testng.ITestResult)[pri:0, instance:com.se.r7tor10.testscripts.EventCreationWithDiscussionTopics@33c7e1bb]" name="closeApp" is-config="true" duration-ms="9905" started-at="2021-04-27T10:52:15 GMT" finished-at="2021-04-27T10:52:25 GMT">
          <params>
            <param index="0">
              <value>
                <![CDATA[[TestResult name=EventwithTopicsCreationFromAccount status=SUCCESS method=EventCreationWithDiscussionTopics.EventwithTopicsCreationFromAccount()[pri:1, instance:com.se.r7tor10.testscripts.EventCreationWithDiscussionTopics@33c7e1bb] output={null}]]]>
              </value>
            </param>
          </params>
          <reporter-output>
          </reporter-output>
        </test-method> <!-- closeApp -->
        <test-method status="PASS" signature="launchApp(java.lang.reflect.Method)[pri:0, instance:com.se.r7tor10.testscripts.EventCreationWithDiscussionTopics@33c7e1bb]" name="launchApp" is-config="true" duration-ms="13621" started-at="2021-04-27T10:52:25 GMT" finished-at="2021-04-27T10:52:39 GMT">
          <params>
            <param index="0">
              <value>
                <![CDATA[public void com.se.r7tor10.testscripts.EventCreationWithDiscussionTopics.EventWithTopicsCreationFromContact() throws java.lang.Exception]]>
              </value>
            </param>
          </params>
          <reporter-output>
          </reporter-output>
        </test-method> <!-- launchApp -->
        <test-method status="PASS" signature="EventWithTopicsCreationFromContact()[pri:2, instance:com.se.r7tor10.testscripts.EventCreationWithDiscussionTopics@33c7e1bb]" name="EventWithTopicsCreationFromContact" duration-ms="109219" started-at="2021-04-27T10:52:39 GMT" finished-at="2021-04-27T10:54:28 GMT">
          <reporter-output>
          </reporter-output>
        </test-method> <!-- EventWithTopicsCreationFromContact -->
        <test-method status="PASS" signature="closeApp(org.testng.ITestResult)[pri:0, instance:com.se.r7tor10.testscripts.EventCreationWithDiscussionTopics@33c7e1bb]" name="closeApp" is-config="true" duration-ms="7395" started-at="2021-04-27T10:54:28 GMT" finished-at="2021-04-27T10:54:35 GMT">
          <params>
            <param index="0">
              <value>
                <![CDATA[[TestResult name=EventWithTopicsCreationFromContact status=SUCCESS method=EventCreationWithDiscussionTopics.EventWithTopicsCreationFromContact()[pri:2, instance:com.se.r7tor10.testscripts.EventCreationWithDiscussionTopics@33c7e1bb] output={null}]]]>
              </value>
            </param>
          </params>
          <reporter-output>
          </reporter-output>
        </test-method> <!-- closeApp -->
      </class> <!-- com.se.r7tor10.testscripts.EventCreationWithDiscussionTopics -->
      <class name="com.se.testscripts.LexContactCreationTest">
        <test-method status="PASS" signature="launchApp(java.lang.reflect.Method)[pri:0, instance:com.se.testscripts.LexContactCreationTest@1a1d6a08]" name="launchApp" is-config="true" duration-ms="16899" started-at="2021-04-27T11:22:29 GMT" finished-at="2021-04-27T11:22:46 GMT">
          <params>
            <param index="0">
              <value>
                <![CDATA[public void com.se.testscripts.LexContactCreationTest.lexCustomerContactCreationTest() throws java.lang.Exception]]>
              </value>
            </param>
          </params>
          <reporter-output>
          </reporter-output>
        </test-method> <!-- launchApp -->
        <test-method status="PASS" signature="lexCustomerContactCreationTest()[pri:1, instance:com.se.testscripts.LexContactCreationTest@1a1d6a08]" name="lexCustomerContactCreationTest" duration-ms="92661" started-at="2021-04-27T11:22:46 GMT" finished-at="2021-04-27T11:24:19 GMT">
          <reporter-output>
          </reporter-output>
        </test-method> <!-- lexCustomerContactCreationTest -->
        <test-method status="PASS" signature="closeApp(org.testng.ITestResult)[pri:0, instance:com.se.testscripts.LexContactCreationTest@1a1d6a08]" name="closeApp" is-config="true" duration-ms="7618" started-at="2021-04-27T11:24:19 GMT" finished-at="2021-04-27T11:24:26 GMT">
          <params>
            <param index="0">
              <value>
                <![CDATA[[TestResult name=lexCustomerContactCreationTest status=SUCCESS method=LexContactCreationTest.lexCustomerContactCreationTest()[pri:1, instance:com.se.testscripts.LexContactCreationTest@1a1d6a08] output={null}]]]>
              </value>
            </param>
          </params>
          <reporter-output>
          </reporter-output>
        </test-method> <!-- closeApp -->
      </class> <!-- com.se.testscripts.LexContactCreationTest -->
      <class name="com.se.testscripts.InsideSalesTaskCreationFromAccount360Test">
        <test-method status="PASS" signature="launchApp(java.lang.reflect.Method)[pri:0, instance:com.se.testscripts.InsideSalesTaskCreationFromAccount360Test@3234e239]" name="launchApp" is-config="true" duration-ms="13199" started-at="2021-04-27T11:38:27 GMT" finished-at="2021-04-27T11:38:40 GMT">
          <params>
            <param index="0">
              <value>
                <![CDATA[public void com.se.testscripts.InsideSalesTaskCreationFromAccount360Test.taskCreationFromAccount360Test() throws java.lang.Exception]]>
              </value>
            </param>
          </params>
          <reporter-output>
          </reporter-output>
        </test-method> <!-- launchApp -->
        <test-method status="PASS" signature="taskCreationFromAccount360Test()[pri:1, instance:com.se.testscripts.InsideSalesTaskCreationFromAccount360Test@3234e239]" name="taskCreationFromAccount360Test" duration-ms="133931" started-at="2021-04-27T11:38:40 GMT" finished-at="2021-04-27T11:40:54 GMT">
          <reporter-output>
          </reporter-output>
        </test-method> <!-- taskCreationFromAccount360Test -->
        <test-method status="PASS" signature="closeApp(org.testng.ITestResult)[pri:0, instance:com.se.testscripts.InsideSalesTaskCreationFromAccount360Test@3234e239]" name="closeApp" is-config="true" duration-ms="10283" started-at="2021-04-27T11:40:54 GMT" finished-at="2021-04-27T11:41:04 GMT">
          <params>
            <param index="0">
              <value>
                <![CDATA[[TestResult name=taskCreationFromAccount360Test status=SUCCESS method=InsideSalesTaskCreationFromAccount360Test.taskCreationFromAccount360Test()[pri:1, instance:com.se.testscripts.InsideSalesTaskCreationFromAccount360Test@3234e239] output={null}]]]>
              </value>
            </param>
          </params>
          <reporter-output>
          </reporter-output>
        </test-method> <!-- closeApp -->
      </class> <!-- com.se.testscripts.InsideSalesTaskCreationFromAccount360Test -->
      <class name="com.se.testscripts.AccountTabValidation">
        <test-method status="PASS" signature="launchApp(java.lang.reflect.Method)[pri:0, instance:com.se.testscripts.AccountTabValidation@29b5cd00]" name="launchApp" is-config="true" duration-ms="14222" started-at="2021-04-27T11:04:03 GMT" finished-at="2021-04-27T11:04:17 GMT">
          <params>
            <param index="0">
              <value>
                <![CDATA[public void com.se.testscripts.AccountTabValidation.accountTabValidationTest() throws java.lang.Exception]]>
              </value>
            </param>
          </params>
          <reporter-output>
          </reporter-output>
        </test-method> <!-- launchApp -->
        <test-method status="PASS" signature="accountTabValidationTest()[pri:1, instance:com.se.testscripts.AccountTabValidation@29b5cd00]" name="accountTabValidationTest" duration-ms="59939" started-at="2021-04-27T11:04:17 GMT" finished-at="2021-04-27T11:05:17 GMT">
          <reporter-output>
          </reporter-output>
        </test-method> <!-- accountTabValidationTest -->
        <test-method status="PASS" signature="closeApp(org.testng.ITestResult)[pri:0, instance:com.se.testscripts.AccountTabValidation@29b5cd00]" name="closeApp" is-config="true" duration-ms="15448" started-at="2021-04-27T11:05:17 GMT" finished-at="2021-04-27T11:05:33 GMT">
          <params>
            <param index="0">
              <value>
                <![CDATA[[TestResult name=accountTabValidationTest status=SUCCESS method=AccountTabValidation.accountTabValidationTest()[pri:1, instance:com.se.testscripts.AccountTabValidation@29b5cd00] output={null}]]]>
              </value>
            </param>
          </params>
          <reporter-output>
          </reporter-output>
        </test-method> <!-- closeApp -->
      </class> <!-- com.se.testscripts.AccountTabValidation -->
      <class name="com.se.testscripts.AccountTest">
        <test-method status="PASS" signature="launchApp(java.lang.reflect.Method)[pri:0, instance:com.se.testscripts.AccountTest@80503]" name="launchApp" is-config="true" duration-ms="16138" started-at="2021-04-27T10:44:24 GMT" finished-at="2021-04-27T10:44:40 GMT">
          <params>
            <param index="0">
              <value>
                <![CDATA[public void com.se.testscripts.AccountTest.AccountsManagement_001() throws java.lang.Exception]]>
              </value>
            </param>
          </params>
          <reporter-output>
          </reporter-output>
        </test-method> <!-- launchApp -->
        <test-method status="PASS" signature="AccountsManagement_001()[pri:1, instance:com.se.testscripts.AccountTest@80503]" name="AccountsManagement_001" duration-ms="67894" started-at="2021-04-27T10:44:40 GMT" finished-at="2021-04-27T10:45:48 GMT">
          <reporter-output>
          </reporter-output>
        </test-method> <!-- AccountsManagement_001 -->
        <test-method status="PASS" signature="closeApp(org.testng.ITestResult)[pri:0, instance:com.se.testscripts.AccountTest@80503]" name="closeApp" is-config="true" duration-ms="11841" started-at="2021-04-27T10:45:48 GMT" finished-at="2021-04-27T10:46:00 GMT">
          <params>
            <param index="0">
              <value>
                <![CDATA[[TestResult name=AccountsManagement_001 status=SUCCESS method=AccountTest.AccountsManagement_001()[pri:1, instance:com.se.testscripts.AccountTest@80503] output={null}]]]>
              </value>
            </param>
          </params>
          <reporter-output>
          </reporter-output>
        </test-method> <!-- closeApp -->
      </class> <!-- com.se.testscripts.AccountTest -->
      <class name="com.se.testscripts.InsideSalesProfileLoginTest">
        <test-method status="PASS" signature="launchApp(java.lang.reflect.Method)[pri:0, instance:com.se.testscripts.InsideSalesProfileLoginTest@c46bcd4]" name="launchApp" is-config="true" duration-ms="11753" started-at="2021-04-27T11:18:04 GMT" finished-at="2021-04-27T11:18:16 GMT">
          <params>
            <param index="0">
              <value>
                <![CDATA[public void com.se.testscripts.InsideSalesProfileLoginTest.insideSalesProfileLoginTest() throws java.lang.Exception]]>
              </value>
            </param>
          </params>
          <reporter-output>
          </reporter-output>
        </test-method> <!-- launchApp -->
        <test-method status="PASS" signature="insideSalesProfileLoginTest()[pri:1, instance:com.se.testscripts.InsideSalesProfileLoginTest@c46bcd4]" name="insideSalesProfileLoginTest" duration-ms="23653" started-at="2021-04-27T11:18:16 GMT" finished-at="2021-04-27T11:18:40 GMT">
          <reporter-output>
          </reporter-output>
        </test-method> <!-- insideSalesProfileLoginTest -->
        <test-method status="PASS" signature="closeApp(org.testng.ITestResult)[pri:0, instance:com.se.testscripts.InsideSalesProfileLoginTest@c46bcd4]" name="closeApp" is-config="true" duration-ms="18538" started-at="2021-04-27T11:18:40 GMT" finished-at="2021-04-27T11:18:58 GMT">
          <params>
            <param index="0">
              <value>
                <![CDATA[[TestResult name=insideSalesProfileLoginTest status=SUCCESS method=InsideSalesProfileLoginTest.insideSalesProfileLoginTest()[pri:1, instance:com.se.testscripts.InsideSalesProfileLoginTest@c46bcd4] output={null}]]]>
              </value>
            </param>
          </params>
          <reporter-output>
          </reporter-output>
        </test-method> <!-- closeApp -->
      </class> <!-- com.se.testscripts.InsideSalesProfileLoginTest -->
      <class name="com.se.testscripts.LexContactValidationTest">
        <test-method status="PASS" signature="launchApp(java.lang.reflect.Method)[pri:0, instance:com.se.testscripts.LexContactValidationTest@37d31475]" name="launchApp" is-config="true" duration-ms="13600" started-at="2021-04-27T11:21:20 GMT" finished-at="2021-04-27T11:21:34 GMT">
          <params>
            <param index="0">
              <value>
                <![CDATA[public void com.se.testscripts.LexContactValidationTest.lexContactValidationTest() throws java.lang.Exception]]>
              </value>
            </param>
          </params>
          <reporter-output>
          </reporter-output>
        </test-method> <!-- launchApp -->
        <test-method status="PASS" signature="lexContactValidationTest()[pri:1, instance:com.se.testscripts.LexContactValidationTest@37d31475]" name="lexContactValidationTest" duration-ms="87802" started-at="2021-04-27T11:21:34 GMT" finished-at="2021-04-27T11:23:02 GMT">
          <reporter-output>
          </reporter-output>
        </test-method> <!-- lexContactValidationTest -->
        <test-method status="PASS" signature="closeApp(org.testng.ITestResult)[pri:0, instance:com.se.testscripts.LexContactValidationTest@37d31475]" name="closeApp" is-config="true" duration-ms="6629" started-at="2021-04-27T11:23:02 GMT" finished-at="2021-04-27T11:23:09 GMT">
          <params>
            <param index="0">
              <value>
                <![CDATA[[TestResult name=lexContactValidationTest status=SUCCESS method=LexContactValidationTest.lexContactValidationTest()[pri:1, instance:com.se.testscripts.LexContactValidationTest@37d31475] output={null}]]]>
              </value>
            </param>
          </params>
          <reporter-output>
          </reporter-output>
        </test-method> <!-- closeApp -->
      </class> <!-- com.se.testscripts.LexContactValidationTest -->
      <class name="com.se.testscripts.LexOpptyCreationTest">
        <test-method status="PASS" signature="launchApp(java.lang.reflect.Method)[pri:0, instance:com.se.testscripts.LexOpptyCreationTest@27808f31]" name="launchApp" is-config="true" duration-ms="11330" started-at="2021-04-27T11:23:09 GMT" finished-at="2021-04-27T11:23:20 GMT">
          <params>
            <param index="0">
              <value>
                <![CDATA[public void com.se.testscripts.LexOpptyCreationTest.lexOpportunityCreationTest() throws java.lang.Exception]]>
              </value>
            </param>
          </params>
          <reporter-output>
          </reporter-output>
        </test-method> <!-- launchApp -->
        <test-method status="PASS" signature="lexOpportunityCreationTest()[pri:1, instance:com.se.testscripts.LexOpptyCreationTest@27808f31]" name="lexOpportunityCreationTest" duration-ms="168910" started-at="2021-04-27T11:23:20 GMT" finished-at="2021-04-27T11:26:09 GMT">
          <reporter-output>
          </reporter-output>
        </test-method> <!-- lexOpportunityCreationTest -->
        <test-method status="PASS" signature="closeApp(org.testng.ITestResult)[pri:0, instance:com.se.testscripts.LexOpptyCreationTest@27808f31]" name="closeApp" is-config="true" duration-ms="10539" started-at="2021-04-27T11:26:09 GMT" finished-at="2021-04-27T11:26:19 GMT">
          <params>
            <param index="0">
              <value>
                <![CDATA[[TestResult name=lexOpportunityCreationTest status=SUCCESS method=LexOpptyCreationTest.lexOpportunityCreationTest()[pri:1, instance:com.se.testscripts.LexOpptyCreationTest@27808f31] output={null}]]]>
              </value>
            </param>
          </params>
          <reporter-output>
          </reporter-output>
        </test-method> <!-- closeApp -->
      </class> <!-- com.se.testscripts.LexOpptyCreationTest -->
      <class name="com.se.testscripts.NotesCreationFromAccount">
        <test-method status="PASS" signature="launchApp(java.lang.reflect.Method)[pri:0, instance:com.se.testscripts.NotesCreationFromAccount@436e852b]" name="launchApp" is-config="true" duration-ms="10984" started-at="2021-04-27T11:25:03 GMT" finished-at="2021-04-27T11:25:14 GMT">
          <params>
            <param index="0">
              <value>
                <![CDATA[public void com.se.testscripts.NotesCreationFromAccount.notesCreationFromAccount() throws java.lang.Exception]]>
              </value>
            </param>
          </params>
          <reporter-output>
          </reporter-output>
        </test-method> <!-- launchApp -->
        <test-method status="PASS" signature="notesCreationFromAccount()[pri:1, instance:com.se.testscripts.NotesCreationFromAccount@436e852b]" name="notesCreationFromAccount" duration-ms="93216" started-at="2021-04-27T11:25:14 GMT" finished-at="2021-04-27T11:26:47 GMT">
          <reporter-output>
          </reporter-output>
        </test-method> <!-- notesCreationFromAccount -->
        <test-method status="PASS" signature="closeApp(org.testng.ITestResult)[pri:0, instance:com.se.testscripts.NotesCreationFromAccount@436e852b]" name="closeApp" is-config="true" duration-ms="17208" started-at="2021-04-27T11:26:47 GMT" finished-at="2021-04-27T11:27:05 GMT">
          <params>
            <param index="0">
              <value>
                <![CDATA[[TestResult name=notesCreationFromAccount status=SUCCESS method=NotesCreationFromAccount.notesCreationFromAccount()[pri:1, instance:com.se.testscripts.NotesCreationFromAccount@436e852b] output={null}]]]>
              </value>
            </param>
          </params>
          <reporter-output>
          </reporter-output>
        </test-method> <!-- closeApp -->
      </class> <!-- com.se.testscripts.NotesCreationFromAccount -->
      <class name="com.se.r7tor10.testscripts.OpptyEditInSalesAccountSummary">
        <test-method status="PASS" signature="launchApp(java.lang.reflect.Method)[pri:0, instance:com.se.r7tor10.testscripts.OpptyEditInSalesAccountSummary@7a765367]" name="launchApp" is-config="true" duration-ms="11232" started-at="2021-04-27T10:50:11 GMT" finished-at="2021-04-27T10:50:22 GMT">
          <params>
            <param index="0">
              <value>
                <![CDATA[public void com.se.r7tor10.testscripts.OpptyEditInSalesAccountSummary.OpportunityEditTest() throws java.lang.Exception]]>
              </value>
            </param>
          </params>
          <reporter-output>
          </reporter-output>
        </test-method> <!-- launchApp -->
        <test-method status="PASS" signature="OpportunityEditTest()[pri:1, instance:com.se.r7tor10.testscripts.OpptyEditInSalesAccountSummary@7a765367]" name="OpportunityEditTest" duration-ms="139272" started-at="2021-04-27T10:50:22 GMT" finished-at="2021-04-27T10:52:42 GMT">
          <reporter-output>
          </reporter-output>
        </test-method> <!-- OpportunityEditTest -->
        <test-method status="PASS" signature="closeApp(org.testng.ITestResult)[pri:0, instance:com.se.r7tor10.testscripts.OpptyEditInSalesAccountSummary@7a765367]" name="closeApp" is-config="true" duration-ms="7940" started-at="2021-04-27T10:52:42 GMT" finished-at="2021-04-27T10:52:50 GMT">
          <params>
            <param index="0">
              <value>
                <![CDATA[[TestResult name=OpportunityEditTest status=SUCCESS method=OpptyEditInSalesAccountSummary.OpportunityEditTest()[pri:1, instance:com.se.r7tor10.testscripts.OpptyEditInSalesAccountSummary@7a765367] output={null}]]]>
              </value>
            </param>
          </params>
          <reporter-output>
          </reporter-output>
        </test-method> <!-- closeApp -->
      </class> <!-- com.se.r7tor10.testscripts.OpptyEditInSalesAccountSummary -->
      <class name="com.se.testscripts.MasterProjectCreationTest">
        <test-method status="PASS" signature="launchApp(java.lang.reflect.Method)[pri:0, instance:com.se.testscripts.MasterProjectCreationTest@45820e51]" name="launchApp" is-config="true" duration-ms="11462" started-at="2021-04-27T11:24:26 GMT" finished-at="2021-04-27T11:24:38 GMT">
          <params>
            <param index="0">
              <value>
                <![CDATA[public void com.se.testscripts.MasterProjectCreationTest.masterProjectCreationtest() throws java.lang.Exception]]>
              </value>
            </param>
          </params>
          <reporter-output>
          </reporter-output>
        </test-method> <!-- launchApp -->
        <test-method status="PASS" signature="masterProjectCreationtest()[pri:1, instance:com.se.testscripts.MasterProjectCreationTest@45820e51]" name="masterProjectCreationtest" duration-ms="101644" started-at="2021-04-27T11:24:38 GMT" finished-at="2021-04-27T11:26:20 GMT">
          <reporter-output>
          </reporter-output>
        </test-method> <!-- masterProjectCreationtest -->
        <test-method status="PASS" signature="closeApp(org.testng.ITestResult)[pri:0, instance:com.se.testscripts.MasterProjectCreationTest@45820e51]" name="closeApp" is-config="true" duration-ms="23460" started-at="2021-04-27T11:26:20 GMT" finished-at="2021-04-27T11:26:43 GMT">
          <params>
            <param index="0">
              <value>
                <![CDATA[[TestResult name=masterProjectCreationtest status=SUCCESS method=MasterProjectCreationTest.masterProjectCreationtest()[pri:1, instance:com.se.testscripts.MasterProjectCreationTest@45820e51] output={null}]]]>
              </value>
            </param>
          </params>
          <reporter-output>
          </reporter-output>
        </test-method> <!-- closeApp -->
      </class> <!-- com.se.testscripts.MasterProjectCreationTest -->
      <class name="com.se.testscripts.ContactCloneTest">
        <test-method status="PASS" signature="launchApp(java.lang.reflect.Method)[pri:0, instance:com.se.testscripts.ContactCloneTest@7e2d773b]" name="launchApp" is-config="true" duration-ms="13429" started-at="2021-04-27T11:19:32 GMT" finished-at="2021-04-27T11:19:46 GMT">
          <params>
            <param index="0">
              <value>
                <![CDATA[public void com.se.testscripts.ContactCloneTest.lexContactCloneTest() throws java.lang.Exception]]>
              </value>
            </param>
          </params>
          <reporter-output>
          </reporter-output>
        </test-method> <!-- launchApp -->
        <test-method status="PASS" signature="lexContactCloneTest()[pri:1, instance:com.se.testscripts.ContactCloneTest@7e2d773b]" name="lexContactCloneTest" duration-ms="88382" started-at="2021-04-27T11:19:46 GMT" finished-at="2021-04-27T11:21:14 GMT">
          <reporter-output>
          </reporter-output>
        </test-method> <!-- lexContactCloneTest -->
        <test-method status="PASS" signature="closeApp(org.testng.ITestResult)[pri:0, instance:com.se.testscripts.ContactCloneTest@7e2d773b]" name="closeApp" is-config="true" duration-ms="6594" started-at="2021-04-27T11:21:14 GMT" finished-at="2021-04-27T11:21:20 GMT">
          <params>
            <param index="0">
              <value>
                <![CDATA[[TestResult name=lexContactCloneTest status=SUCCESS method=ContactCloneTest.lexContactCloneTest()[pri:1, instance:com.se.testscripts.ContactCloneTest@7e2d773b] output={null}]]]>
              </value>
            </param>
          </params>
          <reporter-output>
          </reporter-output>
        </test-method> <!-- closeApp -->
      </class> <!-- com.se.testscripts.ContactCloneTest -->
      <class name="com.se.r7tor10.testscripts.GlobalActionEventCreationTest">
        <test-method status="PASS" signature="launchApp(java.lang.reflect.Method)[pri:0, instance:com.se.r7tor10.testscripts.GlobalActionEventCreationTest@34c4973]" name="launchApp" is-config="true" duration-ms="20566" started-at="2021-04-27T10:46:00 GMT" finished-at="2021-04-27T10:46:21 GMT">
          <params>
            <param index="0">
              <value>
                <![CDATA[public void com.se.r7tor10.testscripts.GlobalActionEventCreationTest.CreateEventFromGlobalAction() throws java.lang.Exception]]>
              </value>
            </param>
          </params>
          <reporter-output>
          </reporter-output>
        </test-method> <!-- launchApp -->
        <test-method status="PASS" signature="CreateEventFromGlobalAction()[pri:1, instance:com.se.r7tor10.testscripts.GlobalActionEventCreationTest@34c4973]" name="CreateEventFromGlobalAction" duration-ms="56115" started-at="2021-04-27T10:46:21 GMT" finished-at="2021-04-27T10:47:17 GMT">
          <reporter-output>
          </reporter-output>
        </test-method> <!-- CreateEventFromGlobalAction -->
        <test-method status="PASS" signature="closeApp(org.testng.ITestResult)[pri:0, instance:com.se.r7tor10.testscripts.GlobalActionEventCreationTest@34c4973]" name="closeApp" is-config="true" duration-ms="8981" started-at="2021-04-27T10:47:17 GMT" finished-at="2021-04-27T10:47:26 GMT">
          <params>
            <param index="0">
              <value>
                <![CDATA[[TestResult name=CreateEventFromGlobalAction status=SUCCESS method=GlobalActionEventCreationTest.CreateEventFromGlobalAction()[pri:1, instance:com.se.r7tor10.testscripts.GlobalActionEventCreationTest@34c4973] output={null}]]]>
              </value>
            </param>
          </params>
          <reporter-output>
          </reporter-output>
        </test-method> <!-- closeApp -->
      </class> <!-- com.se.r7tor10.testscripts.GlobalActionEventCreationTest -->
      <class name="com.se.testscripts.ContactManagement_TC001">
        <test-method status="PASS" signature="launchApp(java.lang.reflect.Method)[pri:0, instance:com.se.testscripts.ContactManagement_TC001@6f195bc3]" name="launchApp" is-config="true" duration-ms="37063" started-at="2021-04-27T10:44:24 GMT" finished-at="2021-04-27T10:45:01 GMT">
          <params>
            <param index="0">
              <value>
                <![CDATA[public void com.se.testscripts.ContactManagement_TC001.ContactManagements_TC001() throws java.lang.Exception]]>
              </value>
            </param>
          </params>
          <reporter-output>
          </reporter-output>
        </test-method> <!-- launchApp -->
        <test-method status="FAIL" signature="ContactManagements_TC001()[pri:1, instance:com.se.testscripts.ContactManagement_TC001@6f195bc3]" name="ContactManagements_TC001" duration-ms="120523" started-at="2021-04-27T10:45:01 GMT" finished-at="2021-04-27T10:47:02 GMT">
          <exception class="org.openqa.selenium.TimeoutException">
            <message>
              <![CDATA[Expected condition failed: waiting for element to be clickable: By.linkText: First Last5656565 (tried for 10 second(s) with 500 milliseconds interval)]]>
            </message>
            <full-stacktrace>
              <![CDATA[org.openqa.selenium.TimeoutException: Expected condition failed: waiting for element to be clickable: By.linkText: First Last5656565 (tried for 10 second(s) with 500 milliseconds interval)
at org.openqa.selenium.support.ui.WebDriverWait.timeoutException(WebDriverWait.java:95)
at org.openqa.selenium.support.ui.FluentWait.until(FluentWait.java:272)
at com.se.utilities.Base.globalSearch(Base.java:325)
at com.se.testscripts.ContactManagement_TC001.ContactManagements_TC001(ContactManagement_TC001.java:20)
at sun.reflect.NativeMethodAccessorImpl.invoke0(Native Method)
at sun.reflect.NativeMethodAccessorImpl.invoke(NativeMethodAccessorImpl.java:62)
at sun.reflect.DelegatingMethodAccessorImpl.invoke(DelegatingMethodAccessorImpl.java:43)
at java.lang.reflect.Method.invoke(Method.java:498)
at org.testng.internal.MethodInvocationHelper.invokeMethod(MethodInvocationHelper.java:134)
at org.testng.internal.TestInvoker.invokeMethod(TestInvoker.java:597)
at org.testng.internal.TestInvoker.invokeTestMethod(TestInvoker.java:173)
at org.testng.internal.MethodRunner.runInSequence(MethodRunner.java:46)
at org.testng.internal.TestInvoker$MethodInvocationAgent.invoke(TestInvoker.java:816)
at org.testng.internal.TestInvoker.invokeTestMethods(TestInvoker.java:146)
at org.testng.internal.TestMethodWorker.invokeTestMethods(TestMethodWorker.java:146)
at org.testng.internal.TestMethodWorker.run(TestMethodWorker.java:128)
at java.util.concurrent.ThreadPoolExecutor.runWorker(ThreadPoolExecutor.java:1149)
at java.util.concurrent.ThreadPoolExecutor$Worker.run(ThreadPoolExecutor.java:624)
at java.lang.Thread.run(Thread.java:748)
Caused by: org.openqa.selenium.NoSuchElementException: no such element: Unable to locate element: {"method":"link text","selector":"First Last5656565"}
  (Session info: chrome=90.0.4430.72)
  (Driver info: chromedriver=90.0.4430.24 (4c6d850f087da467d926e8eddb76550aed655991-refs/branch-heads/4430@{#429}),platform=Windows NT 10.0.10586 x86_64) (WARNING: The server did not provide any stacktrace information)
Command duration or timeout: 0 milliseconds
For documentation on this error, please visit: https://www.seleniumhq.org/exceptions/no_such_element.html
Build info: version: '3.141.59', revision: 'e82be7d358', time: '2018-11-14T08:17:03'
System info: host: 'cqe-jenkins-node-2.eng.sfdc.net', ip: '10.233.160.131', os.name: 'Linux', os.arch: 'amd64', os.version: '3.10.0-1160.el7.x86_64', java.version: '1.8.0_262'
Driver info: org.openqa.selenium.remote.RemoteWebDriver
Capabilities {acceptInsecureCerts: false, acceptSslCerts: false, applicationCacheEnabled: false, browserConnectionEnabled: false, browserName: chrome, chrome: {chromedriverVersion: 90.0.4430.24 (4c6d850f087da..., userDataDir: C:\Users\ADMINI~1\AppData\L...}, cssSelectorsEnabled: true, databaseEnabled: false, goog:chromeOptions: {debuggerAddress: localhost:64533}, handlesAlerts: true, hasMetadata: true, hasTouchScreen: false, javascriptEnabled: true, locationContextEnabled: true, mobileEmulationEnabled: false, nativeEvents: true, networkConnectionEnabled: false, pageLoadStrategy: normal, platform: WINDOWS, platformName: WINDOWS, proxy: Proxy(), rotatable: false, setWindowRect: true, strictFileInteractability: false, takesHeapSnapshot: true, takesScreenshot: true, timeouts: {implicit: 0, pageLoad: 300000, script: 30000}, unexpectedAlertBehaviour: ignore, unhandledPromptBehavior: ignore, version: 90.0.4430.72, webStorageEnabled: true, webauthn:extension:largeBlob: true, webauthn:virtualAuthenticators: true, webdriver.remote.sessionid: 8cca6915af3f4fbe8c28d824204...}
Session ID: 8cca6915af3f4fbe8c28d8242043484e
*** Element info: {Using=link text, value=First Last5656565}
at sun.reflect.NativeConstructorAccessorImpl.newInstance0(Native Method)
at sun.reflect.NativeConstructorAccessorImpl.newInstance(NativeConstructorAccessorImpl.java:62)
at sun.reflect.DelegatingConstructorAccessorImpl.newInstance(DelegatingConstructorAccessorImpl.java:45)
at java.lang.reflect.Constructor.newInstance(Constructor.java:423)
at org.openqa.selenium.remote.ErrorHandler.createThrowable(ErrorHandler.java:214)
at org.openqa.selenium.remote.ErrorHandler.throwIfResponseFailed(ErrorHandler.java:166)
at org.openqa.selenium.remote.http.JsonHttpResponseCodec.reconstructValue(JsonHttpResponseCodec.java:40)
at org.openqa.selenium.remote.http.AbstractHttpResponseCodec.decode(AbstractHttpResponseCodec.java:80)
at org.openqa.selenium.remote.http.AbstractHttpResponseCodec.decode(AbstractHttpResponseCodec.java:44)
at org.openqa.selenium.remote.HttpCommandExecutor.execute(HttpCommandExecutor.java:158)
at org.openqa.selenium.remote.RemoteWebDriver.execute(RemoteWebDriver.java:552)
at org.openqa.selenium.remote.RemoteWebDriver.findElement(RemoteWebDriver.java:323)
at org.openqa.selenium.remote.RemoteWebDriver.findElementByLinkText(RemoteWebDriver.java:380)
at org.openqa.selenium.By$ByLinkText.findElement(By.java:220)
at org.openqa.selenium.remote.RemoteWebDriver.findElement(RemoteWebDriver.java:315)
at sun.reflect.GeneratedMethodAccessor26.invoke(Unknown Source)
at sun.reflect.DelegatingMethodAccessorImpl.invoke(DelegatingMethodAccessorImpl.java:43)
at java.lang.reflect.Method.invoke(Method.java:498)
at com.salesforce.selenium.support.event.EventFiringWebDriver$2.invoke(EventFiringWebDriver.java:148)
at com.sun.proxy.$Proxy11.findElement(Unknown Source)
at com.salesforce.selenium.support.event.EventFiringWebDriver.findElement(EventFiringWebDriver.java:246)
at org.openqa.selenium.support.ui.ExpectedConditions$7.apply(ExpectedConditions.java:205)
at org.openqa.selenium.support.ui.ExpectedConditions$7.apply(ExpectedConditions.java:201)
at org.openqa.selenium.support.ui.ExpectedConditions$22.apply(ExpectedConditions.java:641)
at org.openqa.selenium.support.ui.ExpectedConditions$22.apply(ExpectedConditions.java:638)
at org.openqa.selenium.support.ui.FluentWait.until(FluentWait.java:249)
... 17 more
]]>
            </full-stacktrace>
          </exception> <!-- org.openqa.selenium.TimeoutException -->
          <reporter-output>
          </reporter-output>
        </test-method> <!-- ContactManagements_TC001 -->
        <test-method status="PASS" signature="closeApp(org.testng.ITestResult)[pri:0, instance:com.se.testscripts.ContactManagement_TC001@6f195bc3]" name="closeApp" is-config="true" duration-ms="7056" started-at="2021-04-27T10:47:02 GMT" finished-at="2021-04-27T10:47:09 GMT">
          <params>
            <param index="0">
              <value>
                <![CDATA[[TestResult name=ContactManagements_TC001 status=FAILURE method=ContactManagement_TC001.ContactManagements_TC001()[pri:1, instance:com.se.testscripts.ContactManagement_TC001@6f195bc3] output={null}]]]>
              </value>
            </param>
          </params>
          <reporter-output>
          </reporter-output>
        </test-method> <!-- closeApp -->
      </class> <!-- com.se.testscripts.ContactManagement_TC001 -->
      <class name="com.se.testscripts.LexBfoLoginTest">
        <test-method status="PASS" signature="launchApp(java.lang.reflect.Method)[pri:0, instance:com.se.testscripts.LexBfoLoginTest@fad74ee]" name="launchApp" is-config="true" duration-ms="12222" started-at="2021-04-27T11:17:12 GMT" finished-at="2021-04-27T11:17:25 GMT">
          <params>
            <param index="0">
              <value>
                <![CDATA[public void com.se.testscripts.LexBfoLoginTest.eventCreationFromCalendarObjectTest() throws java.lang.Exception]]>
              </value>
            </param>
          </params>
          <reporter-output>
          </reporter-output>
        </test-method> <!-- launchApp -->
        <test-method status="PASS" signature="eventCreationFromCalendarObjectTest()[pri:1, instance:com.se.testscripts.LexBfoLoginTest@fad74ee]" name="eventCreationFromCalendarObjectTest" duration-ms="24828" started-at="2021-04-27T11:17:25 GMT" finished-at="2021-04-27T11:17:49 GMT">
          <reporter-output>
          </reporter-output>
        </test-method> <!-- eventCreationFromCalendarObjectTest -->
        <test-method status="PASS" signature="closeApp(org.testng.ITestResult)[pri:0, instance:com.se.testscripts.LexBfoLoginTest@fad74ee]" name="closeApp" is-config="true" duration-ms="14760" started-at="2021-04-27T11:17:49 GMT" finished-at="2021-04-27T11:18:04 GMT">
          <params>
            <param index="0">
              <value>
                <![CDATA[[TestResult name=eventCreationFromCalendarObjectTest status=SUCCESS method=LexBfoLoginTest.eventCreationFromCalendarObjectTest()[pri:1, instance:com.se.testscripts.LexBfoLoginTest@fad74ee] output={null}]]]>
              </value>
            </param>
          </params>
          <reporter-output>
          </reporter-output>
        </test-method> <!-- closeApp -->
      </class> <!-- com.se.testscripts.LexBfoLoginTest -->
      <class name="com.se.testscripts.SupportRequest_TC002">
        <test-method status="PASS" signature="launchApp(java.lang.reflect.Method)[pri:0, instance:com.se.testscripts.SupportRequest_TC002@26a7b76d]" name="launchApp" is-config="true" duration-ms="21920" started-at="2021-04-27T11:36:40 GMT" finished-at="2021-04-27T11:37:02 GMT">
          <params>
            <param index="0">
              <value>
                <![CDATA[public void com.se.testscripts.SupportRequest_TC002.supportRequestSearchSolutionCenterWithFilters() throws java.lang.Exception]]>
              </value>
            </param>
          </params>
          <reporter-output>
          </reporter-output>
        </test-method> <!-- launchApp -->
        <test-method status="PASS" signature="supportRequestSearchSolutionCenterWithFilters()[pri:1, instance:com.se.testscripts.SupportRequest_TC002@26a7b76d]" name="supportRequestSearchSolutionCenterWithFilters" duration-ms="90255" started-at="2021-04-27T11:37:02 GMT" finished-at="2021-04-27T11:38:33 GMT">
          <reporter-output>
          </reporter-output>
        </test-method> <!-- supportRequestSearchSolutionCenterWithFilters -->
        <test-method status="PASS" signature="closeApp(org.testng.ITestResult)[pri:0, instance:com.se.testscripts.SupportRequest_TC002@26a7b76d]" name="closeApp" is-config="true" duration-ms="13616" started-at="2021-04-27T11:38:33 GMT" finished-at="2021-04-27T11:38:46 GMT">
          <params>
            <param index="0">
              <value>
                <![CDATA[[TestResult name=supportRequestSearchSolutionCenterWithFilters status=SUCCESS method=SupportRequest_TC002.supportRequestSearchSolutionCenterWithFilters()[pri:1, instance:com.se.testscripts.SupportRequest_TC002@26a7b76d] output={null}]]]>
              </value>
            </param>
          </params>
          <reporter-output>
          </reporter-output>
        </test-method> <!-- closeApp -->
      </class> <!-- com.se.testscripts.SupportRequest_TC002 -->
      <class name="com.se.testscripts.SupportRequest_TC001">
        <test-method status="PASS" signature="launchApp(java.lang.reflect.Method)[pri:0, instance:com.se.testscripts.SupportRequest_TC001@7a9273a8]" name="launchApp" is-config="true" duration-ms="13023" started-at="2021-04-27T11:37:22 GMT" finished-at="2021-04-27T11:37:35 GMT">
          <params>
            <param index="0">
              <value>
                <![CDATA[public void com.se.testscripts.SupportRequest_TC001.supportrequestSearchClearTest() throws java.lang.Exception]]>
              </value>
            </param>
          </params>
          <reporter-output>
          </reporter-output>
        </test-method> <!-- launchApp -->
        <test-method status="PASS" signature="supportrequestSearchClearTest()[pri:1, instance:com.se.testscripts.SupportRequest_TC001@7a9273a8]" name="supportrequestSearchClearTest" duration-ms="83450" started-at="2021-04-27T11:37:35 GMT" finished-at="2021-04-27T11:38:58 GMT">
          <reporter-output>
          </reporter-output>
        </test-method> <!-- supportrequestSearchClearTest -->
        <test-method status="PASS" signature="closeApp(org.testng.ITestResult)[pri:0, instance:com.se.testscripts.SupportRequest_TC001@7a9273a8]" name="closeApp" is-config="true" duration-ms="9937" started-at="2021-04-27T11:38:58 GMT" finished-at="2021-04-27T11:39:08 GMT">
          <params>
            <param index="0">
              <value>
                <![CDATA[[TestResult name=supportrequestSearchClearTest status=SUCCESS method=SupportRequest_TC001.supportrequestSearchClearTest()[pri:1, instance:com.se.testscripts.SupportRequest_TC001@7a9273a8] output={null}]]]>
              </value>
            </param>
          </params>
          <reporter-output>
          </reporter-output>
        </test-method> <!-- closeApp -->
      </class> <!-- com.se.testscripts.SupportRequest_TC001 -->
      <class name="com.se.r5andr6.testscripts.CreateEventwithDiscussionTopicsTest">
        <test-method status="PASS" signature="launchApp(java.lang.reflect.Method)[pri:0, instance:com.se.r5andr6.testscripts.CreateEventwithDiscussionTopicsTest@42d8062c]" name="launchApp" is-config="true" duration-ms="11865" started-at="2021-04-27T10:47:26 GMT" finished-at="2021-04-27T10:47:38 GMT">
          <params>
            <param index="0">
              <value>
                <![CDATA[public void com.se.r5andr6.testscripts.CreateEventwithDiscussionTopicsTest.EventAndTopicsCreationFromAccount() throws java.lang.Exception]]>
              </value>
            </param>
          </params>
          <reporter-output>
          </reporter-output>
        </test-method> <!-- launchApp -->
        <test-method status="PASS" signature="EventAndTopicsCreationFromAccount()[pri:1, instance:com.se.r5andr6.testscripts.CreateEventwithDiscussionTopicsTest@42d8062c]" name="EventAndTopicsCreationFromAccount" duration-ms="182534" started-at="2021-04-27T10:47:38 GMT" finished-at="2021-04-27T10:50:40 GMT">
          <reporter-output>
          </reporter-output>
        </test-method> <!-- EventAndTopicsCreationFromAccount -->
        <test-method status="PASS" signature="closeApp(org.testng.ITestResult)[pri:0, instance:com.se.r5andr6.testscripts.CreateEventwithDiscussionTopicsTest@42d8062c]" name="closeApp" is-config="true" duration-ms="13262" started-at="2021-04-27T10:50:40 GMT" finished-at="2021-04-27T10:50:53 GMT">
          <params>
            <param index="0">
              <value>
                <![CDATA[[TestResult name=EventAndTopicsCreationFromAccount status=SUCCESS method=CreateEventwithDiscussionTopicsTest.EventAndTopicsCreationFromAccount()[pri:1, instance:com.se.r5andr6.testscripts.CreateEventwithDiscussionTopicsTest@42d8062c] output={null}]]]>
              </value>
            </param>
          </params>
          <reporter-output>
          </reporter-output>
        </test-method> <!-- closeApp -->
        <test-method status="PASS" signature="launchApp(java.lang.reflect.Method)[pri:0, instance:com.se.r5andr6.testscripts.CreateEventwithDiscussionTopicsTest@42d8062c]" name="launchApp" is-config="true" duration-ms="11206" started-at="2021-04-27T10:50:53 GMT" finished-at="2021-04-27T10:51:05 GMT">
          <params>
            <param index="0">
              <value>
                <![CDATA[public void com.se.r5andr6.testscripts.CreateEventwithDiscussionTopicsTest.EventAndTopicsCreationFromContact() throws java.lang.Exception]]>
              </value>
            </param>
          </params>
          <reporter-output>
          </reporter-output>
        </test-method> <!-- launchApp -->
        <test-method status="PASS" signature="EventAndTopicsCreationFromContact()[pri:2, instance:com.se.r5andr6.testscripts.CreateEventwithDiscussionTopicsTest@42d8062c]" name="EventAndTopicsCreationFromContact" duration-ms="103752" started-at="2021-04-27T10:51:05 GMT" finished-at="2021-04-27T10:52:48 GMT">
          <reporter-output>
          </reporter-output>
        </test-method> <!-- EventAndTopicsCreationFromContact -->
        <test-method status="PASS" signature="closeApp(org.testng.ITestResult)[pri:0, instance:com.se.r5andr6.testscripts.CreateEventwithDiscussionTopicsTest@42d8062c]" name="closeApp" is-config="true" duration-ms="9784" started-at="2021-04-27T10:52:48 GMT" finished-at="2021-04-27T10:52:58 GMT">
          <params>
            <param index="0">
              <value>
                <![CDATA[[TestResult name=EventAndTopicsCreationFromContact status=SUCCESS method=CreateEventwithDiscussionTopicsTest.EventAndTopicsCreationFromContact()[pri:2, instance:com.se.r5andr6.testscripts.CreateEventwithDiscussionTopicsTest@42d8062c] output={null}]]]>
              </value>
            </param>
          </params>
          <reporter-output>
          </reporter-output>
        </test-method> <!-- closeApp -->
        <test-method status="PASS" signature="launchApp(java.lang.reflect.Method)[pri:0, instance:com.se.r5andr6.testscripts.CreateEventwithDiscussionTopicsTest@42d8062c]" name="launchApp" is-config="true" duration-ms="20050" started-at="2021-04-27T10:52:58 GMT" finished-at="2021-04-27T10:53:18 GMT">
          <params>
            <param index="0">
              <value>
                <![CDATA[public void com.se.r5andr6.testscripts.CreateEventwithDiscussionTopicsTest.VerifyDiscussionTopicsIsActiveCheck() throws java.lang.Exception]]>
              </value>
            </param>
          </params>
          <reporter-output>
          </reporter-output>
        </test-method> <!-- launchApp -->
        <test-method status="PASS" signature="VerifyDiscussionTopicsIsActiveCheck()[pri:3, instance:com.se.r5andr6.testscripts.CreateEventwithDiscussionTopicsTest@42d8062c]" name="VerifyDiscussionTopicsIsActiveCheck" duration-ms="44204" started-at="2021-04-27T10:53:18 GMT" finished-at="2021-04-27T10:54:02 GMT">
          <reporter-output>
          </reporter-output>
        </test-method> <!-- VerifyDiscussionTopicsIsActiveCheck -->
        <test-method status="PASS" signature="closeApp(org.testng.ITestResult)[pri:0, instance:com.se.r5andr6.testscripts.CreateEventwithDiscussionTopicsTest@42d8062c]" name="closeApp" is-config="true" duration-ms="10006" started-at="2021-04-27T10:54:02 GMT" finished-at="2021-04-27T10:54:12 GMT">
          <params>
            <param index="0">
              <value>
                <![CDATA[[TestResult name=VerifyDiscussionTopicsIsActiveCheck status=SUCCESS method=CreateEventwithDiscussionTopicsTest.VerifyDiscussionTopicsIsActiveCheck()[pri:3, instance:com.se.r5andr6.testscripts.CreateEventwithDiscussionTopicsTest@42d8062c] output={null}]]]>
              </value>
            </param>
          </params>
          <reporter-output>
          </reporter-output>
        </test-method> <!-- closeApp -->
      </class> <!-- com.se.r5andr6.testscripts.CreateEventwithDiscussionTopicsTest -->
      <class name="com.se.testscripts.OpptyHighlightPanelButtonValidation">
        <test-method status="PASS" signature="launchApp(java.lang.reflect.Method)[pri:0, instance:com.se.testscripts.OpptyHighlightPanelButtonValidation@5bb21b69]" name="launchApp" is-config="true" duration-ms="13915" started-at="2021-04-27T11:29:44 GMT" finished-at="2021-04-27T11:29:58 GMT">
          <params>
            <param index="0">
              <value>
                <![CDATA[public void com.se.testscripts.OpptyHighlightPanelButtonValidation.opptyHighlightPanelButtonValidationTest() throws java.lang.Exception]]>
              </value>
            </param>
          </params>
          <reporter-output>
          </reporter-output>
        </test-method> <!-- launchApp -->
        <test-method status="PASS" signature="opptyHighlightPanelButtonValidationTest()[pri:1, instance:com.se.testscripts.OpptyHighlightPanelButtonValidation@5bb21b69]" name="opptyHighlightPanelButtonValidationTest" duration-ms="57655" started-at="2021-04-27T11:29:58 GMT" finished-at="2021-04-27T11:30:56 GMT">
          <reporter-output>
          </reporter-output>
        </test-method> <!-- opptyHighlightPanelButtonValidationTest -->
        <test-method status="PASS" signature="closeApp(org.testng.ITestResult)[pri:0, instance:com.se.testscripts.OpptyHighlightPanelButtonValidation@5bb21b69]" name="closeApp" is-config="true" duration-ms="14230" started-at="2021-04-27T11:30:56 GMT" finished-at="2021-04-27T11:31:10 GMT">
          <params>
            <param index="0">
              <value>
                <![CDATA[[TestResult name=opptyHighlightPanelButtonValidationTest status=SUCCESS method=OpptyHighlightPanelButtonValidation.opptyHighlightPanelButtonValidationTest()[pri:1, instance:com.se.testscripts.OpptyHighlightPanelButtonValidation@5bb21b69] output={null}]]]>
              </value>
            </param>
          </params>
          <reporter-output>
          </reporter-output>
        </test-method> <!-- closeApp -->
      </class> <!-- com.se.testscripts.OpptyHighlightPanelButtonValidation -->
      <class name="com.se.r7tor10.testscripts.AccountDiscussionTopics">
        <test-method status="PASS" signature="launchApp(java.lang.reflect.Method)[pri:0, instance:com.se.r7tor10.testscripts.AccountDiscussionTopics@2bbf4b8b]" name="launchApp" is-config="true" duration-ms="12587" started-at="2021-04-27T10:47:09 GMT" finished-at="2021-04-27T10:47:21 GMT">
          <params>
            <param index="0">
              <value>
                <![CDATA[public void com.se.r7tor10.testscripts.AccountDiscussionTopics.DiscussionTopicsCreationFromAccount() throws java.lang.Exception]]>
              </value>
            </param>
          </params>
          <reporter-output>
          </reporter-output>
        </test-method> <!-- launchApp -->
        <test-method status="PASS" signature="DiscussionTopicsCreationFromAccount()[pri:1, instance:com.se.r7tor10.testscripts.AccountDiscussionTopics@2bbf4b8b]" name="DiscussionTopicsCreationFromAccount" duration-ms="158602" started-at="2021-04-27T10:47:21 GMT" finished-at="2021-04-27T10:50:00 GMT">
          <reporter-output>
          </reporter-output>
        </test-method> <!-- DiscussionTopicsCreationFromAccount -->
        <test-method status="PASS" signature="closeApp(org.testng.ITestResult)[pri:0, instance:com.se.r7tor10.testscripts.AccountDiscussionTopics@2bbf4b8b]" name="closeApp" is-config="true" duration-ms="11329" started-at="2021-04-27T10:50:00 GMT" finished-at="2021-04-27T10:50:11 GMT">
          <params>
            <param index="0">
              <value>
                <![CDATA[[TestResult name=DiscussionTopicsCreationFromAccount status=SUCCESS method=AccountDiscussionTopics.DiscussionTopicsCreationFromAccount()[pri:1, instance:com.se.r7tor10.testscripts.AccountDiscussionTopics@2bbf4b8b] output={null}]]]>
              </value>
            </param>
          </params>
          <reporter-output>
          </reporter-output>
        </test-method> <!-- closeApp -->
      </class> <!-- com.se.r7tor10.testscripts.AccountDiscussionTopics -->
      <class name="com.se.testscripts.NotesCreationFromContactTest">
        <test-method status="PASS" signature="launchApp(java.lang.reflect.Method)[pri:0, instance:com.se.testscripts.NotesCreationFromContactTest@32d2fa64]" name="launchApp" is-config="true" duration-ms="13241" started-at="2021-04-27T11:40:34 GMT" finished-at="2021-04-27T11:40:47 GMT">
          <params>
            <param index="0">
              <value>
                <![CDATA[public void com.se.testscripts.NotesCreationFromContactTest.notesCreationFromOpportunity() throws java.lang.Exception]]>
              </value>
            </param>
          </params>
          <reporter-output>
          </reporter-output>
        </test-method> <!-- launchApp -->
        <test-method status="PASS" signature="notesCreationFromOpportunity()[pri:2, instance:com.se.testscripts.NotesCreationFromContactTest@32d2fa64]" name="notesCreationFromOpportunity" duration-ms="72388" started-at="2021-04-27T11:40:47 GMT" finished-at="2021-04-27T11:42:00 GMT">
          <reporter-output>
          </reporter-output>
        </test-method> <!-- notesCreationFromOpportunity -->
        <test-method status="PASS" signature="closeApp(org.testng.ITestResult)[pri:0, instance:com.se.testscripts.NotesCreationFromContactTest@32d2fa64]" name="closeApp" is-config="true" duration-ms="7151" started-at="2021-04-27T11:42:00 GMT" finished-at="2021-04-27T11:42:07 GMT">
          <params>
            <param index="0">
              <value>
                <![CDATA[[TestResult name=notesCreationFromOpportunity status=SUCCESS method=NotesCreationFromContactTest.notesCreationFromOpportunity()[pri:2, instance:com.se.testscripts.NotesCreationFromContactTest@32d2fa64] output={null}]]]>
              </value>
            </param>
          </params>
          <reporter-output>
          </reporter-output>
        </test-method> <!-- closeApp -->
      </class> <!-- com.se.testscripts.NotesCreationFromContactTest -->
      <class name="com.se.testscripts.BusinessSpecificInfoCreationTest">
        <test-method status="PASS" signature="launchApp(java.lang.reflect.Method)[pri:0, instance:com.se.testscripts.BusinessSpecificInfoCreationTest@86be70a]" name="launchApp" is-config="true" duration-ms="11793" started-at="2021-04-27T11:07:20 GMT" finished-at="2021-04-27T11:07:32 GMT">
          <params>
            <param index="0">
              <value>
                <![CDATA[public void com.se.testscripts.BusinessSpecificInfoCreationTest.businessSpecificInfoCreationTest() throws java.lang.Exception]]>
              </value>
            </param>
          </params>
          <reporter-output>
          </reporter-output>
        </test-method> <!-- launchApp -->
        <test-method status="PASS" signature="businessSpecificInfoCreationTest()[pri:1, instance:com.se.testscripts.BusinessSpecificInfoCreationTest@86be70a]" name="businessSpecificInfoCreationTest" duration-ms="71158" started-at="2021-04-27T11:07:32 GMT" finished-at="2021-04-27T11:08:43 GMT">
          <reporter-output>
          </reporter-output>
        </test-method> <!-- businessSpecificInfoCreationTest -->
        <test-method status="PASS" signature="closeApp(org.testng.ITestResult)[pri:0, instance:com.se.testscripts.BusinessSpecificInfoCreationTest@86be70a]" name="closeApp" is-config="true" duration-ms="7514" started-at="2021-04-27T11:08:43 GMT" finished-at="2021-04-27T11:08:51 GMT">
          <params>
            <param index="0">
              <value>
                <![CDATA[[TestResult name=businessSpecificInfoCreationTest status=SUCCESS method=BusinessSpecificInfoCreationTest.businessSpecificInfoCreationTest()[pri:1, instance:com.se.testscripts.BusinessSpecificInfoCreationTest@86be70a] output={null}]]]>
              </value>
            </param>
          </params>
          <reporter-output>
          </reporter-output>
        </test-method> <!-- closeApp -->
      </class> <!-- com.se.testscripts.BusinessSpecificInfoCreationTest -->
      <class name="com.se.r11andr12.testscripts.SalesAccountSummaryOpptyLine">
        <test-method status="PASS" signature="launchApp(java.lang.reflect.Method)[pri:0, instance:com.se.r11andr12.testscripts.SalesAccountSummaryOpptyLine@5faeada1]" name="launchApp" is-config="true" duration-ms="20148" started-at="2021-04-27T10:56:38 GMT" finished-at="2021-04-27T10:56:58 GMT">
          <params>
            <param index="0">
              <value>
                <![CDATA[public void com.se.r11andr12.testscripts.SalesAccountSummaryOpptyLine.SalesAccountSummaryOpptyLineEdit() throws java.lang.Exception]]>
              </value>
            </param>
          </params>
          <reporter-output>
          </reporter-output>
        </test-method> <!-- launchApp -->
        <test-method status="PASS" signature="SalesAccountSummaryOpptyLineEdit()[pri:1, instance:com.se.r11andr12.testscripts.SalesAccountSummaryOpptyLine@5faeada1]" name="SalesAccountSummaryOpptyLineEdit" duration-ms="114259" started-at="2021-04-27T10:56:58 GMT" finished-at="2021-04-27T10:58:52 GMT">
          <reporter-output>
          </reporter-output>
        </test-method> <!-- SalesAccountSummaryOpptyLineEdit -->
        <test-method status="PASS" signature="closeApp(org.testng.ITestResult)[pri:0, instance:com.se.r11andr12.testscripts.SalesAccountSummaryOpptyLine@5faeada1]" name="closeApp" is-config="true" duration-ms="5275" started-at="2021-04-27T10:58:52 GMT" finished-at="2021-04-27T10:58:57 GMT">
          <params>
            <param index="0">
              <value>
                <![CDATA[[TestResult name=SalesAccountSummaryOpptyLineEdit status=SUCCESS method=SalesAccountSummaryOpptyLine.SalesAccountSummaryOpptyLineEdit()[pri:1, instance:com.se.r11andr12.testscripts.SalesAccountSummaryOpptyLine@5faeada1] output={null}]]]>
              </value>
            </param>
          </params>
          <reporter-output>
          </reporter-output>
        </test-method> <!-- closeApp -->
      </class> <!-- com.se.r11andr12.testscripts.SalesAccountSummaryOpptyLine -->
      <class name="com.se.testscripts.ValueChainPlayerCreationTest">
        <test-method status="PASS" signature="launchApp(java.lang.reflect.Method)[pri:0, instance:com.se.testscripts.ValueChainPlayerCreationTest@7ce6a65d]" name="launchApp" is-config="true" duration-ms="11146" started-at="2021-04-27T11:38:46 GMT" finished-at="2021-04-27T11:38:57 GMT">
          <params>
            <param index="0">
              <value>
                <![CDATA[public void com.se.testscripts.ValueChainPlayerCreationTest.valueChainPlayerCreationtest() throws java.lang.Exception]]>
              </value>
            </param>
          </params>
          <reporter-output>
          </reporter-output>
        </test-method> <!-- launchApp -->
        <test-method status="PASS" signature="valueChainPlayerCreationtest()[pri:1, instance:com.se.testscripts.ValueChainPlayerCreationTest@7ce6a65d]" name="valueChainPlayerCreationtest" duration-ms="106170" started-at="2021-04-27T11:38:57 GMT" finished-at="2021-04-27T11:40:44 GMT">
          <reporter-output>
          </reporter-output>
        </test-method> <!-- valueChainPlayerCreationtest -->
        <test-method status="PASS" signature="closeApp(org.testng.ITestResult)[pri:0, instance:com.se.testscripts.ValueChainPlayerCreationTest@7ce6a65d]" name="closeApp" is-config="true" duration-ms="12142" started-at="2021-04-27T11:40:44 GMT" finished-at="2021-04-27T11:40:56 GMT">
          <params>
            <param index="0">
              <value>
                <![CDATA[[TestResult name=valueChainPlayerCreationtest status=SUCCESS method=ValueChainPlayerCreationTest.valueChainPlayerCreationtest()[pri:1, instance:com.se.testscripts.ValueChainPlayerCreationTest@7ce6a65d] output={null}]]]>
              </value>
            </param>
          </params>
          <reporter-output>
          </reporter-output>
        </test-method> <!-- closeApp -->
      </class> <!-- com.se.testscripts.ValueChainPlayerCreationTest -->
      <class name="com.se.testscripts.InsideSalesEventCreationFromAccount360">
        <test-method status="PASS" signature="launchApp(java.lang.reflect.Method)[pri:0, instance:com.se.testscripts.InsideSalesEventCreationFromAccount360@42f93a98]" name="launchApp" is-config="true" duration-ms="12191" started-at="2021-04-27T11:15:52 GMT" finished-at="2021-04-27T11:16:05 GMT">
          <params>
            <param index="0">
              <value>
                <![CDATA[public void com.se.testscripts.InsideSalesEventCreationFromAccount360.eventCreationFromAccount360Test() throws java.lang.Exception]]>
              </value>
            </param>
          </params>
          <reporter-output>
          </reporter-output>
        </test-method> <!-- launchApp -->
        <test-method status="PASS" signature="eventCreationFromAccount360Test()[pri:1, instance:com.se.testscripts.InsideSalesEventCreationFromAccount360@42f93a98]" name="eventCreationFromAccount360Test" duration-ms="94315" started-at="2021-04-27T11:16:05 GMT" finished-at="2021-04-27T11:17:39 GMT">
          <reporter-output>
          </reporter-output>
        </test-method> <!-- eventCreationFromAccount360Test -->
        <test-method status="PASS" signature="closeApp(org.testng.ITestResult)[pri:0, instance:com.se.testscripts.InsideSalesEventCreationFromAccount360@42f93a98]" name="closeApp" is-config="true" duration-ms="7764" started-at="2021-04-27T11:17:39 GMT" finished-at="2021-04-27T11:17:47 GMT">
          <params>
            <param index="0">
              <value>
                <![CDATA[[TestResult name=eventCreationFromAccount360Test status=SUCCESS method=InsideSalesEventCreationFromAccount360.eventCreationFromAccount360Test()[pri:1, instance:com.se.testscripts.InsideSalesEventCreationFromAccount360@42f93a98] output={null}]]]>
              </value>
            </param>
          </params>
          <reporter-output>
          </reporter-output>
        </test-method> <!-- closeApp -->
      </class> <!-- com.se.testscripts.InsideSalesEventCreationFromAccount360 -->
      <class name="com.se.testscripts.ContactHighlightPanelTest">
        <test-method status="PASS" signature="launchApp(java.lang.reflect.Method)[pri:0, instance:com.se.testscripts.ContactHighlightPanelTest@7a187f14]" name="launchApp" is-config="true" duration-ms="10590" started-at="2021-04-27T11:13:48 GMT" finished-at="2021-04-27T11:13:59 GMT">
          <params>
            <param index="0">
              <value>
                <![CDATA[public void com.se.testscripts.ContactHighlightPanelTest.contactHighLightPanelVerification() throws java.lang.Exception]]>
              </value>
            </param>
          </params>
          <reporter-output>
          </reporter-output>
        </test-method> <!-- launchApp -->
        <test-method status="PASS" signature="contactHighLightPanelVerification()[pri:1, instance:com.se.testscripts.ContactHighlightPanelTest@7a187f14]" name="contactHighLightPanelVerification" duration-ms="41597" started-at="2021-04-27T11:13:59 GMT" finished-at="2021-04-27T11:14:41 GMT">
          <reporter-output>
          </reporter-output>
        </test-method> <!-- contactHighLightPanelVerification -->
        <test-method status="PASS" signature="closeApp(org.testng.ITestResult)[pri:0, instance:com.se.testscripts.ContactHighlightPanelTest@7a187f14]" name="closeApp" is-config="true" duration-ms="9658" started-at="2021-04-27T11:14:41 GMT" finished-at="2021-04-27T11:14:50 GMT">
          <params>
            <param index="0">
              <value>
                <![CDATA[[TestResult name=contactHighLightPanelVerification status=SUCCESS method=ContactHighlightPanelTest.contactHighLightPanelVerification()[pri:1, instance:com.se.testscripts.ContactHighlightPanelTest@7a187f14] output={null}]]]>
              </value>
            </param>
          </params>
          <reporter-output>
          </reporter-output>
        </test-method> <!-- closeApp -->
      </class> <!-- com.se.testscripts.ContactHighlightPanelTest -->
      <class name="com.se.testscripts.OpptyLineAddTest">
        <test-method status="PASS" signature="launchApp(java.lang.reflect.Method)[pri:0, instance:com.se.testscripts.OpptyLineAddTest@6b9651f3]" name="launchApp" is-config="true" duration-ms="13772" started-at="2021-04-27T11:33:40 GMT" finished-at="2021-04-27T11:33:54 GMT">
          <params>
            <param index="0">
              <value>
                <![CDATA[public void com.se.testscripts.OpptyLineAddTest.quoteLinkCreationtest() throws java.lang.Exception]]>
              </value>
            </param>
          </params>
          <reporter-output>
          </reporter-output>
        </test-method> <!-- launchApp -->
        <test-method status="PASS" signature="quoteLinkCreationtest()[pri:1, instance:com.se.testscripts.OpptyLineAddTest@6b9651f3]" name="quoteLinkCreationtest" duration-ms="52097" started-at="2021-04-27T11:33:54 GMT" finished-at="2021-04-27T11:34:46 GMT">
          <reporter-output>
          </reporter-output>
        </test-method> <!-- quoteLinkCreationtest -->
        <test-method status="PASS" signature="closeApp(org.testng.ITestResult)[pri:0, instance:com.se.testscripts.OpptyLineAddTest@6b9651f3]" name="closeApp" is-config="true" duration-ms="9305" started-at="2021-04-27T11:34:46 GMT" finished-at="2021-04-27T11:34:55 GMT">
          <params>
            <param index="0">
              <value>
                <![CDATA[[TestResult name=quoteLinkCreationtest status=SUCCESS method=OpptyLineAddTest.quoteLinkCreationtest()[pri:1, instance:com.se.testscripts.OpptyLineAddTest@6b9651f3] output={null}]]]>
              </value>
            </param>
          </params>
          <reporter-output>
          </reporter-output>
        </test-method> <!-- closeApp -->
      </class> <!-- com.se.testscripts.OpptyLineAddTest -->
      <class name="com.se.r11andr12.testscripts.MasterProjectCreationCheck">
        <test-method status="PASS" signature="launchApp(java.lang.reflect.Method)[pri:0, instance:com.se.r11andr12.testscripts.MasterProjectCreationCheck@1877ab81]" name="launchApp" is-config="true" duration-ms="48185" started-at="2021-04-27T11:31:10 GMT" finished-at="2021-04-27T11:31:58 GMT">
          <params>
            <param index="0">
              <value>
                <![CDATA[public void com.se.r11andr12.testscripts.MasterProjectCreationCheck.opptyMasterProjectCreation() throws java.lang.Exception]]>
              </value>
            </param>
          </params>
          <reporter-output>
          </reporter-output>
        </test-method> <!-- launchApp -->
        <test-method status="PASS" signature="opptyMasterProjectCreation()[pri:1, instance:com.se.r11andr12.testscripts.MasterProjectCreationCheck@1877ab81]" name="opptyMasterProjectCreation" duration-ms="68324" started-at="2021-04-27T11:31:58 GMT" finished-at="2021-04-27T11:33:06 GMT">
          <reporter-output>
          </reporter-output>
        </test-method> <!-- opptyMasterProjectCreation -->
        <test-method status="PASS" signature="closeApp(org.testng.ITestResult)[pri:0, instance:com.se.r11andr12.testscripts.MasterProjectCreationCheck@1877ab81]" name="closeApp" is-config="true" duration-ms="7763" started-at="2021-04-27T11:33:06 GMT" finished-at="2021-04-27T11:33:14 GMT">
          <params>
            <param index="0">
              <value>
                <![CDATA[[TestResult name=opptyMasterProjectCreation status=SUCCESS method=MasterProjectCreationCheck.opptyMasterProjectCreation()[pri:1, instance:com.se.r11andr12.testscripts.MasterProjectCreationCheck@1877ab81] output={null}]]]>
              </value>
            </param>
          </params>
          <reporter-output>
          </reporter-output>
        </test-method> <!-- closeApp -->
      </class> <!-- com.se.r11andr12.testscripts.MasterProjectCreationCheck -->
      <class name="com.se.testscripts.OpportunitySplitTest">
        <test-method status="PASS" signature="launchApp(java.lang.reflect.Method)[pri:0, instance:com.se.testscripts.OpportunitySplitTest@587d1d39]" name="launchApp" is-config="true" duration-ms="20364" started-at="2021-04-27T11:28:16 GMT" finished-at="2021-04-27T11:28:36 GMT">
          <params>
            <param index="0">
              <value>
                <![CDATA[public void com.se.testscripts.OpportunitySplitTest.opportunitySplitTest() throws java.lang.Exception]]>
              </value>
            </param>
          </params>
          <reporter-output>
          </reporter-output>
        </test-method> <!-- launchApp -->
        <test-method status="PASS" signature="opportunitySplitTest()[pri:1, instance:com.se.testscripts.OpportunitySplitTest@587d1d39]" name="opportunitySplitTest" duration-ms="136711" started-at="2021-04-27T11:28:36 GMT" finished-at="2021-04-27T11:30:53 GMT">
          <reporter-output>
          </reporter-output>
        </test-method> <!-- opportunitySplitTest -->
        <test-method status="PASS" signature="closeApp(org.testng.ITestResult)[pri:0, instance:com.se.testscripts.OpportunitySplitTest@587d1d39]" name="closeApp" is-config="true" duration-ms="5614" started-at="2021-04-27T11:30:53 GMT" finished-at="2021-04-27T11:30:59 GMT">
          <params>
            <param index="0">
              <value>
                <![CDATA[[TestResult name=opportunitySplitTest status=SUCCESS method=OpportunitySplitTest.opportunitySplitTest()[pri:1, instance:com.se.testscripts.OpportunitySplitTest@587d1d39] output={null}]]]>
              </value>
            </param>
          </params>
          <reporter-output>
          </reporter-output>
        </test-method> <!-- closeApp -->
      </class> <!-- com.se.testscripts.OpportunitySplitTest -->
      <class name="com.se.testscripts.CockpitTest">
        <test-method status="PASS" signature="launchApp(java.lang.reflect.Method)[pri:0, instance:com.se.testscripts.CockpitTest@2a742aa2]" name="launchApp" is-config="true" duration-ms="12655" started-at="2021-04-27T11:10:50 GMT" finished-at="2021-04-27T11:11:02 GMT">
          <params>
            <param index="0">
              <value>
                <![CDATA[public void com.se.testscripts.CockpitTest.cockpitTest() throws java.lang.Exception]]>
              </value>
            </param>
          </params>
          <reporter-output>
          </reporter-output>
        </test-method> <!-- launchApp -->
        <test-method status="PASS" signature="cockpitTest()[pri:1, instance:com.se.testscripts.CockpitTest@2a742aa2]" name="cockpitTest" duration-ms="106152" started-at="2021-04-27T11:11:02 GMT" finished-at="2021-04-27T11:12:49 GMT">
          <reporter-output>
          </reporter-output>
        </test-method> <!-- cockpitTest -->
        <test-method status="PASS" signature="closeApp(org.testng.ITestResult)[pri:0, instance:com.se.testscripts.CockpitTest@2a742aa2]" name="closeApp" is-config="true" duration-ms="6503" started-at="2021-04-27T11:12:49 GMT" finished-at="2021-04-27T11:12:55 GMT">
          <params>
            <param index="0">
              <value>
                <![CDATA[[TestResult name=cockpitTest status=SUCCESS method=CockpitTest.cockpitTest()[pri:1, instance:com.se.testscripts.CockpitTest@2a742aa2] output={null}]]]>
              </value>
            </param>
          </params>
          <reporter-output>
          </reporter-output>
        </test-method> <!-- closeApp -->
      </class> <!-- com.se.testscripts.CockpitTest -->
      <class name="com.se.r5andr6.testscripts.CreateAndUpdateEventwithDiscussionTopicsTest">
        <test-method status="PASS" signature="launchApp(java.lang.reflect.Method)[pri:0, instance:com.se.r5andr6.testscripts.CreateAndUpdateEventwithDiscussionTopicsTest@1563da5]" name="launchApp" is-config="true" duration-ms="11539" started-at="2021-04-27T10:46:00 GMT" finished-at="2021-04-27T10:46:11 GMT">
          <params>
            <param index="0">
              <value>
                <![CDATA[public void com.se.r5andr6.testscripts.CreateAndUpdateEventwithDiscussionTopicsTest.CreateAndUpdateEventAndTopicsCreationFromAccount() throws java.lang.Exception]]>
              </value>
            </param>
          </params>
          <reporter-output>
          </reporter-output>
        </test-method> <!-- launchApp -->
        <test-method status="PASS" signature="CreateAndUpdateEventAndTopicsCreationFromAccount()[pri:1, instance:com.se.r5andr6.testscripts.CreateAndUpdateEventwithDiscussionTopicsTest@1563da5]" name="CreateAndUpdateEventAndTopicsCreationFromAccount" duration-ms="190715" started-at="2021-04-27T10:46:11 GMT" finished-at="2021-04-27T10:49:22 GMT">
          <reporter-output>
          </reporter-output>
        </test-method> <!-- CreateAndUpdateEventAndTopicsCreationFromAccount -->
        <test-method status="PASS" signature="closeApp(org.testng.ITestResult)[pri:0, instance:com.se.r5andr6.testscripts.CreateAndUpdateEventwithDiscussionTopicsTest@1563da5]" name="closeApp" is-config="true" duration-ms="9510" started-at="2021-04-27T10:49:22 GMT" finished-at="2021-04-27T10:49:32 GMT">
          <params>
            <param index="0">
              <value>
                <![CDATA[[TestResult name=CreateAndUpdateEventAndTopicsCreationFromAccount status=SUCCESS method=CreateAndUpdateEventwithDiscussionTopicsTest.CreateAndUpdateEventAndTopicsCreationFromAccount()[pri:1, instance:com.se.r5andr6.testscripts.CreateAndUpdateEventwithDiscussionTopicsTest@1563da5] output={null}]]]>
              </value>
            </param>
          </params>
          <reporter-output>
          </reporter-output>
        </test-method> <!-- closeApp -->
      </class> <!-- com.se.r5andr6.testscripts.CreateAndUpdateEventwithDiscussionTopicsTest -->
      <class name="com.se.r7tor10.testscripts.AccountPlanClone">
        <test-method status="PASS" signature="launchApp(java.lang.reflect.Method)[pri:0, instance:com.se.r7tor10.testscripts.AccountPlanClone@30a3107a]" name="launchApp" is-config="true" duration-ms="14968" started-at="2021-04-27T11:01:53 GMT" finished-at="2021-04-27T11:02:08 GMT">
          <params>
            <param index="0">
              <value>
                <![CDATA[public void com.se.r7tor10.testscripts.AccountPlanClone.accountPlanClonetest() throws java.lang.Exception]]>
              </value>
            </param>
          </params>
          <reporter-output>
          </reporter-output>
        </test-method> <!-- launchApp -->
        <test-method status="FAIL" signature="accountPlanClonetest()[pri:1, instance:com.se.r7tor10.testscripts.AccountPlanClone@30a3107a]" name="accountPlanClonetest" duration-ms="103924" started-at="2021-04-27T11:02:08 GMT" finished-at="2021-04-27T11:03:52 GMT">
          <exception class="org.openqa.selenium.StaleElementReferenceException">
            <message>
              <![CDATA[stale element reference: element is not attached to the page document
  (Session info: chrome=90.0.4430.72)
  (Driver info: chromedriver=90.0.4430.24 (4c6d850f087da467d926e8eddb76550aed655991-refs/branch-heads/4430@{#429}),platform=Windows NT 10.0.10586 x86_64) (WARNING: The server did not provide any stacktrace information)
Command duration or timeout: 0 milliseconds
For documentation on this error, please visit: https://www.seleniumhq.org/exceptions/stale_element_reference.html
Build info: version: '3.141.59', revision: 'e82be7d358', time: '2018-11-14T08:17:03'
System info: host: 'cqe-jenkins-node-2.eng.sfdc.net', ip: '10.233.160.131', os.name: 'Linux', os.arch: 'amd64', os.version: '3.10.0-1160.el7.x86_64', java.version: '1.8.0_262'
Driver info: org.openqa.selenium.remote.RemoteWebDriver
Capabilities {acceptInsecureCerts: false, acceptSslCerts: false, applicationCacheEnabled: false, browserConnectionEnabled: false, browserName: chrome, chrome: {chromedriverVersion: 90.0.4430.24 (4c6d850f087da..., userDataDir: C:\Users\ADMINI~1\AppData\L...}, cssSelectorsEnabled: true, databaseEnabled: false, goog:chromeOptions: {debuggerAddress: localhost:64533}, handlesAlerts: true, hasMetadata: true, hasTouchScreen: false, javascriptEnabled: true, locationContextEnabled: true, mobileEmulationEnabled: false, nativeEvents: true, networkConnectionEnabled: false, pageLoadStrategy: normal, platform: WINDOWS, platformName: WINDOWS, proxy: Proxy(), rotatable: false, setWindowRect: true, strictFileInteractability: false, takesHeapSnapshot: true, takesScreenshot: true, timeouts: {implicit: 0, pageLoad: 300000, script: 30000}, unexpectedAlertBehaviour: ignore, unhandledPromptBehavior: ignore, version: 90.0.4430.72, webStorageEnabled: true, webauthn:extension:largeBlob: true, webauthn:virtualAuthenticators: true, webdriver.remote.sessionid: a6a99660d5084992b93e16b9800...}
Session ID: a6a99660d5084992b93e16b9800fc8be]]>
            </message>
            <full-stacktrace>
              <![CDATA[org.openqa.selenium.StaleElementReferenceException: stale element reference: element is not attached to the page document
  (Session info: chrome=90.0.4430.72)
  (Driver info: chromedriver=90.0.4430.24 (4c6d850f087da467d926e8eddb76550aed655991-refs/branch-heads/4430@{#429}),platform=Windows NT 10.0.10586 x86_64) (WARNING: The server did not provide any stacktrace information)
Command duration or timeout: 0 milliseconds
For documentation on this error, please visit: https://www.seleniumhq.org/exceptions/stale_element_reference.html
Build info: version: '3.141.59', revision: 'e82be7d358', time: '2018-11-14T08:17:03'
System info: host: 'cqe-jenkins-node-2.eng.sfdc.net', ip: '10.233.160.131', os.name: 'Linux', os.arch: 'amd64', os.version: '3.10.0-1160.el7.x86_64', java.version: '1.8.0_262'
Driver info: org.openqa.selenium.remote.RemoteWebDriver
Capabilities {acceptInsecureCerts: false, acceptSslCerts: false, applicationCacheEnabled: false, browserConnectionEnabled: false, browserName: chrome, chrome: {chromedriverVersion: 90.0.4430.24 (4c6d850f087da..., userDataDir: C:\Users\ADMINI~1\AppData\L...}, cssSelectorsEnabled: true, databaseEnabled: false, goog:chromeOptions: {debuggerAddress: localhost:64533}, handlesAlerts: true, hasMetadata: true, hasTouchScreen: false, javascriptEnabled: true, locationContextEnabled: true, mobileEmulationEnabled: false, nativeEvents: true, networkConnectionEnabled: false, pageLoadStrategy: normal, platform: WINDOWS, platformName: WINDOWS, proxy: Proxy(), rotatable: false, setWindowRect: true, strictFileInteractability: false, takesHeapSnapshot: true, takesScreenshot: true, timeouts: {implicit: 0, pageLoad: 300000, script: 30000}, unexpectedAlertBehaviour: ignore, unhandledPromptBehavior: ignore, version: 90.0.4430.72, webStorageEnabled: true, webauthn:extension:largeBlob: true, webauthn:virtualAuthenticators: true, webdriver.remote.sessionid: a6a99660d5084992b93e16b9800...}
Session ID: a6a99660d5084992b93e16b9800fc8be
at sun.reflect.NativeConstructorAccessorImpl.newInstance0(Native Method)
at sun.reflect.NativeConstructorAccessorImpl.newInstance(NativeConstructorAccessorImpl.java:62)
at sun.reflect.DelegatingConstructorAccessorImpl.newInstance(DelegatingConstructorAccessorImpl.java:45)
at java.lang.reflect.Constructor.newInstance(Constructor.java:423)
at org.openqa.selenium.remote.ErrorHandler.createThrowable(ErrorHandler.java:214)
at org.openqa.selenium.remote.ErrorHandler.throwIfResponseFailed(ErrorHandler.java:166)
at org.openqa.selenium.remote.http.JsonHttpResponseCodec.reconstructValue(JsonHttpResponseCodec.java:40)
at org.openqa.selenium.remote.http.AbstractHttpResponseCodec.decode(AbstractHttpResponseCodec.java:80)
at org.openqa.selenium.remote.http.AbstractHttpResponseCodec.decode(AbstractHttpResponseCodec.java:44)
at org.openqa.selenium.remote.HttpCommandExecutor.execute(HttpCommandExecutor.java:158)
at org.openqa.selenium.remote.RemoteWebDriver.execute(RemoteWebDriver.java:552)
at org.openqa.selenium.remote.RemoteWebElement.execute(RemoteWebElement.java:285)
at org.openqa.selenium.remote.RemoteWebElement.isDisplayed(RemoteWebElement.java:326)
at sun.reflect.GeneratedMethodAccessor24.invoke(Unknown Source)
at sun.reflect.DelegatingMethodAccessorImpl.invoke(DelegatingMethodAccessorImpl.java:43)
at java.lang.reflect.Method.invoke(Method.java:498)
at com.salesforce.selenium.support.event.EventFiringWebDriver$EventFiringWebElement$1.invoke(EventFiringWebDriver.java:599)
at com.sun.proxy.$Proxy30.isDisplayed(Unknown Source)
at com.salesforce.selenium.support.event.EventFiringWebDriver$EventFiringWebElement.isDisplayed(EventFiringWebDriver.java:775)
at org.openqa.selenium.support.ui.ExpectedConditions.elementIfVisible(ExpectedConditions.java:314)
at org.openqa.selenium.support.ui.ExpectedConditions.access$000(ExpectedConditions.java:43)
at org.openqa.selenium.support.ui.ExpectedConditions$10.apply(ExpectedConditions.java:300)
at org.openqa.selenium.support.ui.ExpectedConditions$10.apply(ExpectedConditions.java:297)
at org.openqa.selenium.support.ui.FluentWait.until(FluentWait.java:249)
at com.se.utilities.Base.waitForWebElementload(Base.java:555)
at com.se.r7tor10.testscripts.AccountPlanClone.accountPlanClonetest(AccountPlanClone.java:72)
at sun.reflect.NativeMethodAccessorImpl.invoke0(Native Method)
at sun.reflect.NativeMethodAccessorImpl.invoke(NativeMethodAccessorImpl.java:62)
at sun.reflect.DelegatingMethodAccessorImpl.invoke(DelegatingMethodAccessorImpl.java:43)
at java.lang.reflect.Method.invoke(Method.java:498)
at org.testng.internal.MethodInvocationHelper.invokeMethod(MethodInvocationHelper.java:134)
at org.testng.internal.TestInvoker.invokeMethod(TestInvoker.java:597)
at org.testng.internal.TestInvoker.invokeTestMethod(TestInvoker.java:173)
at org.testng.internal.MethodRunner.runInSequence(MethodRunner.java:46)
at org.testng.internal.TestInvoker$MethodInvocationAgent.invoke(TestInvoker.java:816)
at org.testng.internal.TestInvoker.invokeTestMethods(TestInvoker.java:146)
at org.testng.internal.TestMethodWorker.invokeTestMethods(TestMethodWorker.java:146)
at org.testng.internal.TestMethodWorker.run(TestMethodWorker.java:128)
at java.util.concurrent.ThreadPoolExecutor.runWorker(ThreadPoolExecutor.java:1149)
at java.util.concurrent.ThreadPoolExecutor$Worker.run(ThreadPoolExecutor.java:624)
at java.lang.Thread.run(Thread.java:748)
]]>
            </full-stacktrace>
          </exception> <!-- org.openqa.selenium.StaleElementReferenceException -->
          <reporter-output>
          </reporter-output>
        </test-method> <!-- accountPlanClonetest -->
        <test-method status="PASS" signature="closeApp(org.testng.ITestResult)[pri:0, instance:com.se.r7tor10.testscripts.AccountPlanClone@30a3107a]" name="closeApp" is-config="true" duration-ms="10885" started-at="2021-04-27T11:03:52 GMT" finished-at="2021-04-27T11:04:03 GMT">
          <params>
            <param index="0">
              <value>
                <![CDATA[[TestResult name=accountPlanClonetest status=FAILURE method=AccountPlanClone.accountPlanClonetest()[pri:1, instance:com.se.r7tor10.testscripts.AccountPlanClone@30a3107a] output={null}]]]>
              </value>
            </param>
          </params>
          <reporter-output>
          </reporter-output>
        </test-method> <!-- closeApp -->
      </class> <!-- com.se.r7tor10.testscripts.AccountPlanClone -->
      <class name="com.se.testscripts.AddOpptyCompetitorsTest">
        <test-method status="PASS" signature="launchApp(java.lang.reflect.Method)[pri:0, instance:com.se.testscripts.AddOpptyCompetitorsTest@69a3d1d]" name="launchApp" is-config="true" duration-ms="11538" started-at="2021-04-27T11:05:33 GMT" finished-at="2021-04-27T11:05:44 GMT">
          <params>
            <param index="0">
              <value>
                <![CDATA[public void com.se.testscripts.AddOpptyCompetitorsTest.addOpportunityCompetitorsTest() throws java.lang.Exception]]>
              </value>
            </param>
          </params>
          <reporter-output>
          </reporter-output>
        </test-method> <!-- launchApp -->
        <test-method status="PASS" signature="addOpportunityCompetitorsTest()[pri:1, instance:com.se.testscripts.AddOpptyCompetitorsTest@69a3d1d]" name="addOpportunityCompetitorsTest" duration-ms="89657" started-at="2021-04-27T11:05:44 GMT" finished-at="2021-04-27T11:07:14 GMT">
          <reporter-output>
          </reporter-output>
        </test-method> <!-- addOpportunityCompetitorsTest -->
        <test-method status="PASS" signature="closeApp(org.testng.ITestResult)[pri:0, instance:com.se.testscripts.AddOpptyCompetitorsTest@69a3d1d]" name="closeApp" is-config="true" duration-ms="6436" started-at="2021-04-27T11:07:14 GMT" finished-at="2021-04-27T11:07:20 GMT">
          <params>
            <param index="0">
              <value>
                <![CDATA[[TestResult name=addOpportunityCompetitorsTest status=SUCCESS method=AddOpptyCompetitorsTest.addOpportunityCompetitorsTest()[pri:1, instance:com.se.testscripts.AddOpptyCompetitorsTest@69a3d1d] output={null}]]]>
              </value>
            </param>
          </params>
          <reporter-output>
          </reporter-output>
        </test-method> <!-- closeApp -->
      </class> <!-- com.se.testscripts.AddOpptyCompetitorsTest -->
      <class name="com.se.testscripts.AccountHighLightPanelTest">
        <test-method status="PASS" signature="launchApp(java.lang.reflect.Method)[pri:0, instance:com.se.testscripts.AccountHighLightPanelTest@bd8db5a]" name="launchApp" is-config="true" duration-ms="10780" started-at="2021-04-27T11:00:06 GMT" finished-at="2021-04-27T11:00:16 GMT">
          <params>
            <param index="0">
              <value>
                <![CDATA[public void com.se.testscripts.AccountHighLightPanelTest.accountHighlightPanelVerificationTest() throws java.lang.Exception]]>
              </value>
            </param>
          </params>
          <reporter-output>
          </reporter-output>
        </test-method> <!-- launchApp -->
        <test-method status="PASS" signature="accountHighlightPanelVerificationTest()[pri:1, instance:com.se.testscripts.AccountHighLightPanelTest@bd8db5a]" name="accountHighlightPanelVerificationTest" duration-ms="90885" started-at="2021-04-27T11:00:16 GMT" finished-at="2021-04-27T11:01:47 GMT">
          <reporter-output>
          </reporter-output>
        </test-method> <!-- accountHighlightPanelVerificationTest -->
        <test-method status="PASS" signature="closeApp(org.testng.ITestResult)[pri:0, instance:com.se.testscripts.AccountHighLightPanelTest@bd8db5a]" name="closeApp" is-config="true" duration-ms="6136" started-at="2021-04-27T11:01:47 GMT" finished-at="2021-04-27T11:01:53 GMT">
          <params>
            <param index="0">
              <value>
                <![CDATA[[TestResult name=accountHighlightPanelVerificationTest status=SUCCESS method=AccountHighLightPanelTest.accountHighlightPanelVerificationTest()[pri:1, instance:com.se.testscripts.AccountHighLightPanelTest@bd8db5a] output={null}]]]>
              </value>
            </param>
          </params>
          <reporter-output>
          </reporter-output>
        </test-method> <!-- closeApp -->
      </class> <!-- com.se.testscripts.AccountHighLightPanelTest -->
      <class name="com.se.r7tor10.testscripts.OpptyQuickEditTest">
        <test-method status="PASS" signature="launchApp(java.lang.reflect.Method)[pri:0, instance:com.se.r7tor10.testscripts.OpptyQuickEditTest@76b0bfab]" name="launchApp" is-config="true" duration-ms="14122" started-at="2021-04-27T10:54:35 GMT" finished-at="2021-04-27T10:54:49 GMT">
          <params>
            <param index="0">
              <value>
                <![CDATA[public void com.se.r7tor10.testscripts.OpptyQuickEditTest.OpptyQuickEdit() throws java.lang.Exception]]>
              </value>
            </param>
          </params>
          <reporter-output>
          </reporter-output>
        </test-method> <!-- launchApp -->
        <test-method status="PASS" signature="OpptyQuickEdit()[pri:1, instance:com.se.r7tor10.testscripts.OpptyQuickEditTest@76b0bfab]" name="OpptyQuickEdit" duration-ms="72838" started-at="2021-04-27T10:54:49 GMT" finished-at="2021-04-27T10:56:02 GMT">
          <reporter-output>
          </reporter-output>
        </test-method> <!-- OpptyQuickEdit -->
        <test-method status="PASS" signature="closeApp(org.testng.ITestResult)[pri:0, instance:com.se.r7tor10.testscripts.OpptyQuickEditTest@76b0bfab]" name="closeApp" is-config="true" duration-ms="4532" started-at="2021-04-27T10:56:02 GMT" finished-at="2021-04-27T10:56:07 GMT">
          <params>
            <param index="0">
              <value>
                <![CDATA[[TestResult name=OpptyQuickEdit status=SUCCESS method=OpptyQuickEditTest.OpptyQuickEdit()[pri:1, instance:com.se.r7tor10.testscripts.OpptyQuickEditTest@76b0bfab] output={null}]]]>
              </value>
            </param>
          </params>
          <reporter-output>
          </reporter-output>
        </test-method> <!-- closeApp -->
      </class> <!-- com.se.r7tor10.testscripts.OpptyQuickEditTest -->
      <class name="com.se.r1tor2.summer21.testscripts.OpptyScopeAttributeTest">
        <test-method status="PASS" signature="launchApp(java.lang.reflect.Method)[pri:0, instance:com.se.r1tor2.summer21.testscripts.OpptyScopeAttributeTest@ea1a8d5]" name="launchApp" is-config="true" duration-ms="12976" started-at="2021-04-27T10:55:16 GMT" finished-at="2021-04-27T10:55:29 GMT">
          <params>
            <param index="0">
              <value>
                <![CDATA[public void com.se.r1tor2.summer21.testscripts.OpptyScopeAttributeTest.OpptyScopeAttributecheck() throws java.lang.Exception]]>
              </value>
            </param>
          </params>
          <reporter-output>
          </reporter-output>
        </test-method> <!-- launchApp -->
        <test-method status="PASS" signature="OpptyScopeAttributecheck()[pri:1, instance:com.se.r1tor2.summer21.testscripts.OpptyScopeAttributeTest@ea1a8d5]" name="OpptyScopeAttributecheck" duration-ms="82302" started-at="2021-04-27T10:55:29 GMT" finished-at="2021-04-27T10:56:51 GMT">
          <reporter-output>
          </reporter-output>
        </test-method> <!-- OpptyScopeAttributecheck -->
        <test-method status="PASS" signature="closeApp(org.testng.ITestResult)[pri:0, instance:com.se.r1tor2.summer21.testscripts.OpptyScopeAttributeTest@ea1a8d5]" name="closeApp" is-config="true" duration-ms="12365" started-at="2021-04-27T10:56:51 GMT" finished-at="2021-04-27T10:57:03 GMT">
          <params>
            <param index="0">
              <value>
                <![CDATA[[TestResult name=OpptyScopeAttributecheck status=SUCCESS method=OpptyScopeAttributeTest.OpptyScopeAttributecheck()[pri:1, instance:com.se.r1tor2.summer21.testscripts.OpptyScopeAttributeTest@ea1a8d5] output={null}]]]>
              </value>
            </param>
          </params>
          <reporter-output>
          </reporter-output>
        </test-method> <!-- closeApp -->
      </class> <!-- com.se.r1tor2.summer21.testscripts.OpptyScopeAttributeTest -->
      <class name="com.se.testscripts.OpptyContactRoleCreation">
        <test-method status="PASS" signature="launchApp(java.lang.reflect.Method)[pri:0, instance:com.se.testscripts.OpptyContactRoleCreation@6b57696f]" name="launchApp" is-config="true" duration-ms="11116" started-at="2021-04-27T11:26:19 GMT" finished-at="2021-04-27T11:26:30 GMT">
          <params>
            <param index="0">
              <value>
                <![CDATA[public void com.se.testscripts.OpptyContactRoleCreation.opportunityContactRoleAddTest() throws java.lang.Exception]]>
              </value>
            </param>
          </params>
          <reporter-output>
          </reporter-output>
        </test-method> <!-- launchApp -->
        <test-method status="PASS" signature="opportunityContactRoleAddTest()[pri:1, instance:com.se.testscripts.OpptyContactRoleCreation@6b57696f]" name="opportunityContactRoleAddTest" duration-ms="94433" started-at="2021-04-27T11:26:30 GMT" finished-at="2021-04-27T11:28:05 GMT">
          <reporter-output>
          </reporter-output>
        </test-method> <!-- opportunityContactRoleAddTest -->
        <test-method status="PASS" signature="closeApp(org.testng.ITestResult)[pri:0, instance:com.se.testscripts.OpptyContactRoleCreation@6b57696f]" name="closeApp" is-config="true" duration-ms="11225" started-at="2021-04-27T11:28:05 GMT" finished-at="2021-04-27T11:28:16 GMT">
          <params>
            <param index="0">
              <value>
                <![CDATA[[TestResult name=opportunityContactRoleAddTest status=SUCCESS method=OpptyContactRoleCreation.opportunityContactRoleAddTest()[pri:1, instance:com.se.testscripts.OpptyContactRoleCreation@6b57696f] output={null}]]]>
              </value>
            </param>
          </params>
          <reporter-output>
          </reporter-output>
        </test-method> <!-- closeApp -->
      </class> <!-- com.se.testscripts.OpptyContactRoleCreation -->
      <class name="com.se.testscripts.OpportunityTeamAddMemberTest">
        <test-method status="PASS" signature="launchApp(java.lang.reflect.Method)[pri:0, instance:com.se.testscripts.OpportunityTeamAddMemberTest@58c1670b]" name="launchApp" is-config="true" duration-ms="22660" started-at="2021-04-27T11:28:25 GMT" finished-at="2021-04-27T11:28:48 GMT">
          <params>
            <param index="0">
              <value>
                <![CDATA[public void com.se.testscripts.OpportunityTeamAddMemberTest.opportunityTeamMemberAddTest() throws java.lang.Exception]]>
              </value>
            </param>
          </params>
          <reporter-output>
          </reporter-output>
        </test-method> <!-- launchApp -->
        <test-method status="PASS" signature="opportunityTeamMemberAddTest()[pri:1, instance:com.se.testscripts.OpportunityTeamAddMemberTest@58c1670b]" name="opportunityTeamMemberAddTest" duration-ms="136963" started-at="2021-04-27T11:28:48 GMT" finished-at="2021-04-27T11:31:05 GMT">
          <reporter-output>
          </reporter-output>
        </test-method> <!-- opportunityTeamMemberAddTest -->
        <test-method status="PASS" signature="closeApp(org.testng.ITestResult)[pri:0, instance:com.se.testscripts.OpportunityTeamAddMemberTest@58c1670b]" name="closeApp" is-config="true" duration-ms="17701" started-at="2021-04-27T11:31:05 GMT" finished-at="2021-04-27T11:31:22 GMT">
          <params>
            <param index="0">
              <value>
                <![CDATA[[TestResult name=opportunityTeamMemberAddTest status=SUCCESS method=OpportunityTeamAddMemberTest.opportunityTeamMemberAddTest()[pri:1, instance:com.se.testscripts.OpportunityTeamAddMemberTest@58c1670b] output={null}]]]>
              </value>
            </param>
          </params>
          <reporter-output>
          </reporter-output>
        </test-method> <!-- closeApp -->
      </class> <!-- com.se.testscripts.OpportunityTeamAddMemberTest -->
      <class name="com.se.testscripts.MasterProject_TC001">
        <test-method status="PASS" signature="launchApp(java.lang.reflect.Method)[pri:0, instance:com.se.testscripts.MasterProject_TC001@7113b13f]" name="launchApp" is-config="true" duration-ms="10784" started-at="2021-04-27T11:39:08 GMT" finished-at="2021-04-27T11:39:19 GMT">
          <params>
            <param index="0">
              <value>
                <![CDATA[public void com.se.testscripts.MasterProject_TC001.masterProject_TC002() throws java.lang.Exception]]>
              </value>
            </param>
          </params>
          <reporter-output>
          </reporter-output>
        </test-method> <!-- launchApp -->
        <test-method status="PASS" signature="masterProject_TC002()[pri:2, instance:com.se.testscripts.MasterProject_TC001@7113b13f]" name="masterProject_TC002" duration-ms="63619" started-at="2021-04-27T11:39:19 GMT" finished-at="2021-04-27T11:40:23 GMT">
          <reporter-output>
          </reporter-output>
        </test-method> <!-- masterProject_TC002 -->
        <test-method status="PASS" signature="closeApp(org.testng.ITestResult)[pri:0, instance:com.se.testscripts.MasterProject_TC001@7113b13f]" name="closeApp" is-config="true" duration-ms="11523" started-at="2021-04-27T11:40:23 GMT" finished-at="2021-04-27T11:40:34 GMT">
          <params>
            <param index="0">
              <value>
                <![CDATA[[TestResult name=masterProject_TC002 status=SUCCESS method=MasterProject_TC001.masterProject_TC002()[pri:2, instance:com.se.testscripts.MasterProject_TC001@7113b13f] output={null}]]]>
              </value>
            </param>
          </params>
          <reporter-output>
          </reporter-output>
        </test-method> <!-- closeApp -->
      </class> <!-- com.se.testscripts.MasterProject_TC001 -->
      <class name="com.se.testscripts.ContactEditTest">
        <test-method status="PASS" signature="launchApp(java.lang.reflect.Method)[pri:0, instance:com.se.testscripts.ContactEditTest@307f6b8c]" name="launchApp" is-config="true" duration-ms="11502" started-at="2021-04-27T11:20:53 GMT" finished-at="2021-04-27T11:21:04 GMT">
          <params>
            <param index="0">
              <value>
                <![CDATA[public void com.se.testscripts.ContactEditTest.lexContactEditTest() throws java.lang.Exception]]>
              </value>
            </param>
          </params>
          <reporter-output>
          </reporter-output>
        </test-method> <!-- launchApp -->
        <test-method status="PASS" signature="lexContactEditTest()[pri:1, instance:com.se.testscripts.ContactEditTest@307f6b8c]" name="lexContactEditTest" duration-ms="75242" started-at="2021-04-27T11:21:04 GMT" finished-at="2021-04-27T11:22:19 GMT">
          <reporter-output>
          </reporter-output>
        </test-method> <!-- lexContactEditTest -->
        <test-method status="PASS" signature="closeApp(org.testng.ITestResult)[pri:0, instance:com.se.testscripts.ContactEditTest@307f6b8c]" name="closeApp" is-config="true" duration-ms="10046" started-at="2021-04-27T11:22:19 GMT" finished-at="2021-04-27T11:22:29 GMT">
          <params>
            <param index="0">
              <value>
                <![CDATA[[TestResult name=lexContactEditTest status=SUCCESS method=ContactEditTest.lexContactEditTest()[pri:1, instance:com.se.testscripts.ContactEditTest@307f6b8c] output={null}]]]>
              </value>
            </param>
          </params>
          <reporter-output>
          </reporter-output>
        </test-method> <!-- closeApp -->
      </class> <!-- com.se.testscripts.ContactEditTest -->
      <class name="com.se.r11andr12.testscripts.OpptyEditInHomePage">
        <test-method status="PASS" signature="launchApp(java.lang.reflect.Method)[pri:0, instance:com.se.r11andr12.testscripts.OpptyEditInHomePage@11438d26]" name="launchApp" is-config="true" duration-ms="15668" started-at="2021-04-27T10:54:57 GMT" finished-at="2021-04-27T10:55:12 GMT">
          <params>
            <param index="0">
              <value>
                <![CDATA[public void com.se.r11andr12.testscripts.OpptyEditInHomePage.OpptyQuickEditInHomePage() throws java.lang.Exception]]>
              </value>
            </param>
          </params>
          <reporter-output>
          </reporter-output>
        </test-method> <!-- launchApp -->
        <test-method status="PASS" signature="OpptyQuickEditInHomePage()[pri:1, instance:com.se.r11andr12.testscripts.OpptyEditInHomePage@11438d26]" name="OpptyQuickEditInHomePage" duration-ms="79323" started-at="2021-04-27T10:55:12 GMT" finished-at="2021-04-27T10:56:32 GMT">
          <reporter-output>
          </reporter-output>
        </test-method> <!-- OpptyQuickEditInHomePage -->
        <test-method status="PASS" signature="closeApp(org.testng.ITestResult)[pri:0, instance:com.se.r11andr12.testscripts.OpptyEditInHomePage@11438d26]" name="closeApp" is-config="true" duration-ms="5857" started-at="2021-04-27T10:56:32 GMT" finished-at="2021-04-27T10:56:38 GMT">
          <params>
            <param index="0">
              <value>
                <![CDATA[[TestResult name=OpptyQuickEditInHomePage status=SUCCESS method=OpptyEditInHomePage.OpptyQuickEditInHomePage()[pri:1, instance:com.se.r11andr12.testscripts.OpptyEditInHomePage@11438d26] output={null}]]]>
              </value>
            </param>
          </params>
          <reporter-output>
          </reporter-output>
        </test-method> <!-- closeApp -->
      </class> <!-- com.se.r11andr12.testscripts.OpptyEditInHomePage -->
      <class name="com.se.testscripts.Home_TC001">
        <test-method status="PASS" signature="launchApp(java.lang.reflect.Method)[pri:0, instance:com.se.testscripts.Home_TC001@631330c]" name="launchApp" is-config="true" duration-ms="12529" started-at="2021-04-27T11:17:47 GMT" finished-at="2021-04-27T11:17:59 GMT">
          <params>
            <param index="0">
              <value>
                <![CDATA[public void com.se.testscripts.Home_TC001.home_TC001() throws java.lang.Exception]]>
              </value>
            </param>
          </params>
          <reporter-output>
          </reporter-output>
        </test-method> <!-- launchApp -->
        <test-method status="PASS" signature="home_TC001()[pri:1, instance:com.se.testscripts.Home_TC001@631330c]" name="home_TC001" duration-ms="31440" started-at="2021-04-27T11:17:59 GMT" finished-at="2021-04-27T11:18:31 GMT">
          <reporter-output>
          </reporter-output>
        </test-method> <!-- home_TC001 -->
        <test-method status="PASS" signature="closeApp(org.testng.ITestResult)[pri:0, instance:com.se.testscripts.Home_TC001@631330c]" name="closeApp" is-config="true" duration-ms="7366" started-at="2021-04-27T11:18:31 GMT" finished-at="2021-04-27T11:18:38 GMT">
          <params>
            <param index="0">
              <value>
                <![CDATA[[TestResult name=home_TC001 status=SUCCESS method=Home_TC001.home_TC001()[pri:1, instance:com.se.testscripts.Home_TC001@631330c] output={null}]]]>
              </value>
            </param>
          </params>
          <reporter-output>
          </reporter-output>
        </test-method> <!-- closeApp -->
      </class> <!-- com.se.testscripts.Home_TC001 -->
      <class name="com.se.testscripts.OpptySimilarTest">
        <test-method status="PASS" signature="launchApp(java.lang.reflect.Method)[pri:0, instance:com.se.testscripts.OpptySimilarTest@38bc8ab5]" name="launchApp" is-config="true" duration-ms="22853" started-at="2021-04-27T11:36:06 GMT" finished-at="2021-04-27T11:36:29 GMT">
          <params>
            <param index="0">
              <value>
                <![CDATA[public void com.se.testscripts.OpptySimilarTest.similarOpptyDisplayTest() throws java.lang.Exception]]>
              </value>
            </param>
          </params>
          <reporter-output>
          </reporter-output>
        </test-method> <!-- launchApp -->
        <test-method status="PASS" signature="similarOpptyDisplayTest()[pri:1, instance:com.se.testscripts.OpptySimilarTest@38bc8ab5]" name="similarOpptyDisplayTest" duration-ms="46514" started-at="2021-04-27T11:36:29 GMT" finished-at="2021-04-27T11:37:16 GMT">
          <reporter-output>
          </reporter-output>
        </test-method> <!-- similarOpptyDisplayTest -->
        <test-method status="PASS" signature="closeApp(org.testng.ITestResult)[pri:0, instance:com.se.testscripts.OpptySimilarTest@38bc8ab5]" name="closeApp" is-config="true" duration-ms="6367" started-at="2021-04-27T11:37:16 GMT" finished-at="2021-04-27T11:37:22 GMT">
          <params>
            <param index="0">
              <value>
                <![CDATA[[TestResult name=similarOpptyDisplayTest status=SUCCESS method=OpptySimilarTest.similarOpptyDisplayTest()[pri:1, instance:com.se.testscripts.OpptySimilarTest@38bc8ab5] output={null}]]]>
              </value>
            </param>
          </params>
          <reporter-output>
          </reporter-output>
        </test-method> <!-- closeApp -->
      </class> <!-- com.se.testscripts.OpptySimilarTest -->
      <class name="com.se.testscripts.AccountGrowthPlanEditTest">
        <test-method status="PASS" signature="launchApp(java.lang.reflect.Method)[pri:0, instance:com.se.testscripts.AccountGrowthPlanEditTest@78e67e0a]" name="launchApp" is-config="true" duration-ms="13860" started-at="2021-04-27T10:59:20 GMT" finished-at="2021-04-27T10:59:34 GMT">
          <params>
            <param index="0">
              <value>
                <![CDATA[public void com.se.testscripts.AccountGrowthPlanEditTest.accountGrowthPlanEditTest() throws java.lang.Exception]]>
              </value>
            </param>
          </params>
          <reporter-output>
          </reporter-output>
        </test-method> <!-- launchApp -->
        <test-method status="PASS" signature="accountGrowthPlanEditTest()[pri:1, instance:com.se.testscripts.AccountGrowthPlanEditTest@78e67e0a]" name="accountGrowthPlanEditTest" duration-ms="115410" started-at="2021-04-27T10:59:34 GMT" finished-at="2021-04-27T11:01:29 GMT">
          <reporter-output>
          </reporter-output>
        </test-method> <!-- accountGrowthPlanEditTest -->
        <test-method status="PASS" signature="closeApp(org.testng.ITestResult)[pri:0, instance:com.se.testscripts.AccountGrowthPlanEditTest@78e67e0a]" name="closeApp" is-config="true" duration-ms="8702" started-at="2021-04-27T11:01:29 GMT" finished-at="2021-04-27T11:01:38 GMT">
          <params>
            <param index="0">
              <value>
                <![CDATA[[TestResult name=accountGrowthPlanEditTest status=SUCCESS method=AccountGrowthPlanEditTest.accountGrowthPlanEditTest()[pri:1, instance:com.se.testscripts.AccountGrowthPlanEditTest@78e67e0a] output={null}]]]>
              </value>
            </param>
          </params>
          <reporter-output>
          </reporter-output>
        </test-method> <!-- closeApp -->
      </class> <!-- com.se.testscripts.AccountGrowthPlanEditTest -->
      <class name="com.se.testscripts.LexAccountCreationTest">
        <test-method status="PASS" signature="launchApp(java.lang.reflect.Method)[pri:0, instance:com.se.testscripts.LexAccountCreationTest@3d921e20]" name="launchApp" is-config="true" duration-ms="12428" started-at="2021-04-27T11:18:38 GMT" finished-at="2021-04-27T11:18:50 GMT">
          <params>
            <param index="0">
              <value>
                <![CDATA[public void com.se.testscripts.LexAccountCreationTest.lexAccountCreationTest2() throws java.lang.Exception]]>
              </value>
            </param>
          </params>
          <reporter-output>
          </reporter-output>
        </test-method> <!-- launchApp -->
        <test-method status="PASS" signature="lexAccountCreationTest2()[pri:1, instance:com.se.testscripts.LexAccountCreationTest@3d921e20]" name="lexAccountCreationTest2" duration-ms="34388" started-at="2021-04-27T11:18:50 GMT" finished-at="2021-04-27T11:19:25 GMT">
          <reporter-output>
          </reporter-output>
        </test-method> <!-- lexAccountCreationTest2 -->
        <test-method status="PASS" signature="closeApp(org.testng.ITestResult)[pri:0, instance:com.se.testscripts.LexAccountCreationTest@3d921e20]" name="closeApp" is-config="true" duration-ms="7331" started-at="2021-04-27T11:19:25 GMT" finished-at="2021-04-27T11:19:32 GMT">
          <params>
            <param index="0">
              <value>
                <![CDATA[[TestResult name=lexAccountCreationTest2 status=SUCCESS method=LexAccountCreationTest.lexAccountCreationTest2()[pri:1, instance:com.se.testscripts.LexAccountCreationTest@3d921e20] output={null}]]]>
              </value>
            </param>
          </params>
          <reporter-output>
          </reporter-output>
        </test-method> <!-- closeApp -->
      </class> <!-- com.se.testscripts.LexAccountCreationTest -->
      <class name="com.se.r11andr12.testscripts.MasterProjectFieldCheck">
        <test-method status="PASS" signature="launchApp(java.lang.reflect.Method)[pri:0, instance:com.se.r11andr12.testscripts.MasterProjectFieldCheck@305fd85d]" name="launchApp" is-config="true" duration-ms="26303" started-at="2021-04-27T11:31:22 GMT" finished-at="2021-04-27T11:31:49 GMT">
          <params>
            <param index="0">
              <value>
                <![CDATA[public void com.se.r11andr12.testscripts.MasterProjectFieldCheck.opptyMasterProjectField() throws java.lang.Exception]]>
              </value>
            </param>
          </params>
          <reporter-output>
          </reporter-output>
        </test-method> <!-- launchApp -->
        <test-method status="PASS" signature="opptyMasterProjectField()[pri:1, instance:com.se.r11andr12.testscripts.MasterProjectFieldCheck@305fd85d]" name="opptyMasterProjectField" duration-ms="101561" started-at="2021-04-27T11:31:49 GMT" finished-at="2021-04-27T11:33:30 GMT">
          <reporter-output>
          </reporter-output>
        </test-method> <!-- opptyMasterProjectField -->
        <test-method status="PASS" signature="closeApp(org.testng.ITestResult)[pri:0, instance:com.se.r11andr12.testscripts.MasterProjectFieldCheck@305fd85d]" name="closeApp" is-config="true" duration-ms="9971" started-at="2021-04-27T11:33:30 GMT" finished-at="2021-04-27T11:33:40 GMT">
          <params>
            <param index="0">
              <value>
                <![CDATA[[TestResult name=opptyMasterProjectField status=SUCCESS method=MasterProjectFieldCheck.opptyMasterProjectField()[pri:1, instance:com.se.r11andr12.testscripts.MasterProjectFieldCheck@305fd85d] output={null}]]]>
              </value>
            </param>
          </params>
          <reporter-output>
          </reporter-output>
        </test-method> <!-- closeApp -->
      </class> <!-- com.se.r11andr12.testscripts.MasterProjectFieldCheck -->
      <class name="com.se.testscripts.Cap_TC001">
        <test-method status="PASS" signature="launchApp(java.lang.reflect.Method)[pri:0, instance:com.se.testscripts.Cap_TC001@480bdb19]" name="launchApp" is-config="true" duration-ms="10523" started-at="2021-04-27T11:09:14 GMT" finished-at="2021-04-27T11:09:25 GMT">
          <params>
            <param index="0">
              <value>
                <![CDATA[public void com.se.testscripts.Cap_TC001.cap_TC001() throws java.lang.Exception]]>
              </value>
            </param>
          </params>
          <reporter-output>
          </reporter-output>
        </test-method> <!-- launchApp -->
        <test-method status="PASS" signature="cap_TC001()[pri:1, instance:com.se.testscripts.Cap_TC001@480bdb19]" name="cap_TC001" duration-ms="41227" started-at="2021-04-27T11:09:25 GMT" finished-at="2021-04-27T11:10:06 GMT">
          <reporter-output>
          </reporter-output>
        </test-method> <!-- cap_TC001 -->
        <test-method status="PASS" signature="closeApp(org.testng.ITestResult)[pri:0, instance:com.se.testscripts.Cap_TC001@480bdb19]" name="closeApp" is-config="true" duration-ms="7498" started-at="2021-04-27T11:10:06 GMT" finished-at="2021-04-27T11:10:13 GMT">
          <params>
            <param index="0">
              <value>
                <![CDATA[[TestResult name=cap_TC001 status=SUCCESS method=Cap_TC001.cap_TC001()[pri:1, instance:com.se.testscripts.Cap_TC001@480bdb19] output={null}]]]>
              </value>
            </param>
          </params>
          <reporter-output>
          </reporter-output>
        </test-method> <!-- closeApp -->
      </class> <!-- com.se.testscripts.Cap_TC001 -->
      <class name="com.se.testscripts.CloneOpptyTest">
        <test-method status="PASS" signature="launchApp(java.lang.reflect.Method)[pri:0, instance:com.se.testscripts.CloneOpptyTest@7d70d1b1]" name="launchApp" is-config="true" duration-ms="12224" started-at="2021-04-27T11:10:13 GMT" finished-at="2021-04-27T11:10:26 GMT">
          <params>
            <param index="0">
              <value>
                <![CDATA[public void com.se.testscripts.CloneOpptyTest.cloneOpptyTest() throws java.lang.Exception]]>
              </value>
            </param>
          </params>
          <reporter-output>
          </reporter-output>
        </test-method> <!-- launchApp -->
        <test-method status="PASS" signature="cloneOpptyTest()[pri:1, instance:com.se.testscripts.CloneOpptyTest@7d70d1b1]" name="cloneOpptyTest" duration-ms="192511" started-at="2021-04-27T11:10:26 GMT" finished-at="2021-04-27T11:13:38 GMT">
          <reporter-output>
          </reporter-output>
        </test-method> <!-- cloneOpptyTest -->
        <test-method status="PASS" signature="closeApp(org.testng.ITestResult)[pri:0, instance:com.se.testscripts.CloneOpptyTest@7d70d1b1]" name="closeApp" is-config="true" duration-ms="10171" started-at="2021-04-27T11:13:38 GMT" finished-at="2021-04-27T11:13:48 GMT">
          <params>
            <param index="0">
              <value>
                <![CDATA[[TestResult name=cloneOpptyTest status=SUCCESS method=CloneOpptyTest.cloneOpptyTest()[pri:1, instance:com.se.testscripts.CloneOpptyTest@7d70d1b1] output={null}]]]>
              </value>
            </param>
          </params>
          <reporter-output>
          </reporter-output>
        </test-method> <!-- closeApp -->
      </class> <!-- com.se.testscripts.CloneOpptyTest -->
      <class name="com.se.testscripts.ConfigChanges_TC002">
        <test-method status="PASS" signature="launchApp(java.lang.reflect.Method)[pri:0, instance:com.se.testscripts.ConfigChanges_TC002@467aecef]" name="launchApp" is-config="true" duration-ms="25830" started-at="2021-04-27T10:44:24 GMT" finished-at="2021-04-27T10:44:50 GMT">
          <params>
            <param index="0">
              <value>
                <![CDATA[public void com.se.testscripts.ConfigChanges_TC002.ConfigChange_TC002() throws java.lang.Exception]]>
              </value>
            </param>
          </params>
          <reporter-output>
          </reporter-output>
        </test-method> <!-- launchApp -->
        <test-method status="PASS" signature="ConfigChange_TC002()[pri:1, instance:com.se.testscripts.ConfigChanges_TC002@467aecef]" name="ConfigChange_TC002" duration-ms="64595" started-at="2021-04-27T10:44:50 GMT" finished-at="2021-04-27T10:45:54 GMT">
          <reporter-output>
          </reporter-output>
        </test-method> <!-- ConfigChange_TC002 -->
        <test-method status="PASS" signature="closeApp(org.testng.ITestResult)[pri:0, instance:com.se.testscripts.ConfigChanges_TC002@467aecef]" name="closeApp" is-config="true" duration-ms="5779" started-at="2021-04-27T10:45:54 GMT" finished-at="2021-04-27T10:46:00 GMT">
          <params>
            <param index="0">
              <value>
                <![CDATA[[TestResult name=ConfigChange_TC002 status=SUCCESS method=ConfigChanges_TC002.ConfigChange_TC002()[pri:1, instance:com.se.testscripts.ConfigChanges_TC002@467aecef] output={null}]]]>
              </value>
            </param>
          </params>
          <reporter-output>
          </reporter-output>
        </test-method> <!-- closeApp -->
      </class> <!-- com.se.testscripts.ConfigChanges_TC002 -->
      <class name="com.se.testscripts.ContactColumnShortingTest">
        <test-method status="PASS" signature="launchApp(java.lang.reflect.Method)[pri:0, instance:com.se.testscripts.ContactColumnShortingTest@2173f6d9]" name="launchApp" is-config="true" duration-ms="13710" started-at="2021-04-27T11:19:48 GMT" finished-at="2021-04-27T11:20:01 GMT">
          <params>
            <param index="0">
              <value>
                <![CDATA[public void com.se.testscripts.ContactColumnShortingTest.lexContactColumnshortingTest() throws java.lang.Exception]]>
              </value>
            </param>
          </params>
          <reporter-output>
          </reporter-output>
        </test-method> <!-- launchApp -->
        <test-method status="PASS" signature="lexContactColumnshortingTest()[pri:1, instance:com.se.testscripts.ContactColumnShortingTest@2173f6d9]" name="lexContactColumnshortingTest" duration-ms="209545" started-at="2021-04-27T11:20:01 GMT" finished-at="2021-04-27T11:23:31 GMT">
          <reporter-output>
          </reporter-output>
        </test-method> <!-- lexContactColumnshortingTest -->
        <test-method status="PASS" signature="closeApp(org.testng.ITestResult)[pri:0, instance:com.se.testscripts.ContactColumnShortingTest@2173f6d9]" name="closeApp" is-config="true" duration-ms="6991" started-at="2021-04-27T11:23:31 GMT" finished-at="2021-04-27T11:23:38 GMT">
          <params>
            <param index="0">
              <value>
                <![CDATA[[TestResult name=lexContactColumnshortingTest status=SUCCESS method=ContactColumnShortingTest.lexContactColumnshortingTest()[pri:1, instance:com.se.testscripts.ContactColumnShortingTest@2173f6d9] output={null}]]]>
              </value>
            </param>
          </params>
          <reporter-output>
          </reporter-output>
        </test-method> <!-- closeApp -->
      </class> <!-- com.se.testscripts.ContactColumnShortingTest -->
      <class name="com.se.testscripts.CapVisitPLanTest">
        <test-method status="PASS" signature="launchApp(java.lang.reflect.Method)[pri:0, instance:com.se.testscripts.CapVisitPLanTest@2a556333]" name="launchApp" is-config="true" duration-ms="14194" started-at="2021-04-27T11:08:51 GMT" finished-at="2021-04-27T11:09:05 GMT">
          <params>
            <param index="0">
              <value>
                <![CDATA[public void com.se.testscripts.CapVisitPLanTest.capVisitPLanTest() throws java.lang.Exception]]>
              </value>
            </param>
          </params>
          <reporter-output>
          </reporter-output>
        </test-method> <!-- launchApp -->
        <test-method status="PASS" signature="capVisitPLanTest()[pri:1, instance:com.se.testscripts.CapVisitPLanTest@2a556333]" name="capVisitPLanTest" duration-ms="199701" started-at="2021-04-27T11:09:05 GMT" finished-at="2021-04-27T11:12:25 GMT">
          <reporter-output>
          </reporter-output>
        </test-method> <!-- capVisitPLanTest -->
        <test-method status="PASS" signature="closeApp(org.testng.ITestResult)[pri:0, instance:com.se.testscripts.CapVisitPLanTest@2a556333]" name="closeApp" is-config="true" duration-ms="11490" started-at="2021-04-27T11:12:25 GMT" finished-at="2021-04-27T11:12:36 GMT">
          <params>
            <param index="0">
              <value>
                <![CDATA[[TestResult name=capVisitPLanTest status=SUCCESS method=CapVisitPLanTest.capVisitPLanTest()[pri:1, instance:com.se.testscripts.CapVisitPLanTest@2a556333] output={null}]]]>
              </value>
            </param>
          </params>
          <reporter-output>
          </reporter-output>
        </test-method> <!-- closeApp -->
      </class> <!-- com.se.testscripts.CapVisitPLanTest -->
      <class name="com.se.testscripts.ContractLinkCreation">
        <test-method status="PASS" signature="launchApp(java.lang.reflect.Method)[pri:0, instance:com.se.testscripts.ContractLinkCreation@1a8a8f7c]" name="launchApp" is-config="true" duration-ms="25648" started-at="2021-04-27T11:15:14 GMT" finished-at="2021-04-27T11:15:39 GMT">
          <params>
            <param index="0">
              <value>
                <![CDATA[public void com.se.testscripts.ContractLinkCreation.contractLinkCreationTest() throws java.lang.Exception]]>
              </value>
            </param>
          </params>
          <reporter-output>
          </reporter-output>
        </test-method> <!-- launchApp -->
        <test-method status="PASS" signature="contractLinkCreationTest()[pri:1, instance:com.se.testscripts.ContractLinkCreation@1a8a8f7c]" name="contractLinkCreationTest" duration-ms="84556" started-at="2021-04-27T11:15:39 GMT" finished-at="2021-04-27T11:17:04 GMT">
          <reporter-output>
          </reporter-output>
        </test-method> <!-- contractLinkCreationTest -->
        <test-method status="PASS" signature="closeApp(org.testng.ITestResult)[pri:0, instance:com.se.testscripts.ContractLinkCreation@1a8a8f7c]" name="closeApp" is-config="true" duration-ms="8587" started-at="2021-04-27T11:17:04 GMT" finished-at="2021-04-27T11:17:12 GMT">
          <params>
            <param index="0">
              <value>
                <![CDATA[[TestResult name=contractLinkCreationTest status=SUCCESS method=ContractLinkCreation.contractLinkCreationTest()[pri:1, instance:com.se.testscripts.ContractLinkCreation@1a8a8f7c] output={null}]]]>
              </value>
            </param>
          </params>
          <reporter-output>
          </reporter-output>
        </test-method> <!-- closeApp -->
      </class> <!-- com.se.testscripts.ContractLinkCreation -->
      <class name="com.se.testscripts.OpportunityManagement_TC003">
        <test-method status="PASS" signature="launchApp(java.lang.reflect.Method)[pri:0, instance:com.se.testscripts.OpportunityManagement_TC003@2c039ac6]" name="launchApp" is-config="true" duration-ms="10515" started-at="2021-04-27T11:26:43 GMT" finished-at="2021-04-27T11:26:54 GMT">
          <params>
            <param index="0">
              <value>
                <![CDATA[public void com.se.testscripts.OpportunityManagement_TC003.opportunityManagement_TC003() throws java.lang.Exception]]>
              </value>
            </param>
          </params>
          <reporter-output>
          </reporter-output>
        </test-method> <!-- launchApp -->
        <test-method status="PASS" signature="opportunityManagement_TC003()[pri:1, instance:com.se.testscripts.OpportunityManagement_TC003@2c039ac6]" name="opportunityManagement_TC003" duration-ms="71993" started-at="2021-04-27T11:26:54 GMT" finished-at="2021-04-27T11:28:06 GMT">
          <reporter-output>
          </reporter-output>
        </test-method> <!-- opportunityManagement_TC003 -->
        <test-method status="PASS" signature="closeApp(org.testng.ITestResult)[pri:0, instance:com.se.testscripts.OpportunityManagement_TC003@2c039ac6]" name="closeApp" is-config="true" duration-ms="19598" started-at="2021-04-27T11:28:06 GMT" finished-at="2021-04-27T11:28:25 GMT">
          <params>
            <param index="0">
              <value>
                <![CDATA[[TestResult name=opportunityManagement_TC003 status=SUCCESS method=OpportunityManagement_TC003.opportunityManagement_TC003()[pri:1, instance:com.se.testscripts.OpportunityManagement_TC003@2c039ac6] output={null}]]]>
              </value>
            </param>
          </params>
          <reporter-output>
          </reporter-output>
        </test-method> <!-- closeApp -->
      </class> <!-- com.se.testscripts.OpportunityManagement_TC003 -->
      <class name="com.se.testscripts.AccountEditTest">
        <test-method status="PASS" signature="launchApp(java.lang.reflect.Method)[pri:0, instance:com.se.testscripts.AccountEditTest@17d677df]" name="launchApp" is-config="true" duration-ms="11500" started-at="2021-04-27T11:18:58 GMT" finished-at="2021-04-27T11:19:10 GMT">
          <params>
            <param index="0">
              <value>
                <![CDATA[public void com.se.testscripts.AccountEditTest.lexAccountEditTest() throws java.lang.Exception]]>
              </value>
            </param>
          </params>
          <reporter-output>
          </reporter-output>
        </test-method> <!-- launchApp -->
        <test-method status="PASS" signature="lexAccountEditTest()[pri:1, instance:com.se.testscripts.AccountEditTest@17d677df]" name="lexAccountEditTest" duration-ms="95225" started-at="2021-04-27T11:19:10 GMT" finished-at="2021-04-27T11:20:45 GMT">
          <reporter-output>
          </reporter-output>
        </test-method> <!-- lexAccountEditTest -->
        <test-method status="PASS" signature="closeApp(org.testng.ITestResult)[pri:0, instance:com.se.testscripts.AccountEditTest@17d677df]" name="closeApp" is-config="true" duration-ms="7692" started-at="2021-04-27T11:20:45 GMT" finished-at="2021-04-27T11:20:52 GMT">
          <params>
            <param index="0">
              <value>
                <![CDATA[[TestResult name=lexAccountEditTest status=SUCCESS method=AccountEditTest.lexAccountEditTest()[pri:1, instance:com.se.testscripts.AccountEditTest@17d677df] output={null}]]]>
              </value>
            </param>
          </params>
          <reporter-output>
          </reporter-output>
        </test-method> <!-- closeApp -->
      </class> <!-- com.se.testscripts.AccountEditTest -->
      <class name="com.se.testscripts.OpportunityManagement_TC004">
        <test-method status="PASS" signature="launchApp(java.lang.reflect.Method)[pri:0, instance:com.se.testscripts.OpportunityManagement_TC004@1500955a]" name="launchApp" is-config="true" duration-ms="15802" started-at="2021-04-27T11:27:05 GMT" finished-at="2021-04-27T11:27:20 GMT">
          <params>
            <param index="0">
              <value>
                <![CDATA[public void com.se.testscripts.OpportunityManagement_TC004.opportunityManagement_TC004() throws java.lang.Exception]]>
              </value>
            </param>
          </params>
          <reporter-output>
          </reporter-output>
        </test-method> <!-- launchApp -->
        <test-method status="PASS" signature="opportunityManagement_TC004()[pri:1, instance:com.se.testscripts.OpportunityManagement_TC004@1500955a]" name="opportunityManagement_TC004" duration-ms="134957" started-at="2021-04-27T11:27:20 GMT" finished-at="2021-04-27T11:29:35 GMT">
          <reporter-output>
          </reporter-output>
        </test-method> <!-- opportunityManagement_TC004 -->
        <test-method status="PASS" signature="closeApp(org.testng.ITestResult)[pri:0, instance:com.se.testscripts.OpportunityManagement_TC004@1500955a]" name="closeApp" is-config="true" duration-ms="8555" started-at="2021-04-27T11:29:35 GMT" finished-at="2021-04-27T11:29:44 GMT">
          <params>
            <param index="0">
              <value>
                <![CDATA[[TestResult name=opportunityManagement_TC004 status=SUCCESS method=OpportunityManagement_TC004.opportunityManagement_TC004()[pri:1, instance:com.se.testscripts.OpportunityManagement_TC004@1500955a] output={null}]]]>
              </value>
            </param>
          </params>
          <reporter-output>
          </reporter-output>
        </test-method> <!-- closeApp -->
      </class> <!-- com.se.testscripts.OpportunityManagement_TC004 -->
      <class name="com.se.testscripts.AccountGrowthPlanCloneTest">
        <test-method status="PASS" signature="launchApp(java.lang.reflect.Method)[pri:0, instance:com.se.testscripts.AccountGrowthPlanCloneTest@3043fe0e]" name="launchApp" is-config="true" duration-ms="11007" started-at="2021-04-27T10:58:57 GMT" finished-at="2021-04-27T10:59:08 GMT">
          <params>
            <param index="0">
              <value>
                <![CDATA[public void com.se.testscripts.AccountGrowthPlanCloneTest.accountGrowthPlanCloneTest() throws java.lang.Exception]]>
              </value>
            </param>
          </params>
          <reporter-output>
          </reporter-output>
        </test-method> <!-- launchApp -->
        <test-method status="FAIL" signature="accountGrowthPlanCloneTest()[pri:1, instance:com.se.testscripts.AccountGrowthPlanCloneTest@3043fe0e]" name="accountGrowthPlanCloneTest" duration-ms="586549" started-at="2021-04-27T10:59:08 GMT" finished-at="2021-04-27T11:08:55 GMT">
          <exception class="org.openqa.selenium.NoSuchElementException">
            <message>
              <![CDATA[no such element: Unable to locate element: {"method":"xpath","selector":"//input[@value='Yes']"}
  (Session info: chrome=90.0.4430.72)
  (Driver info: chromedriver=90.0.4430.24 (4c6d850f087da467d926e8eddb76550aed655991-refs/branch-heads/4430@{#429}),platform=Windows NT 10.0.10586 x86_64) (WARNING: The server did not provide any stacktrace information)
Command duration or timeout: 0 milliseconds
For documentation on this error, please visit: https://www.seleniumhq.org/exceptions/no_such_element.html
Build info: version: '3.141.59', revision: 'e82be7d358', time: '2018-11-14T08:17:03'
System info: host: 'cqe-jenkins-node-2.eng.sfdc.net', ip: '10.233.160.131', os.name: 'Linux', os.arch: 'amd64', os.version: '3.10.0-1160.el7.x86_64', java.version: '1.8.0_262'
Driver info: org.openqa.selenium.remote.RemoteWebDriver
Capabilities {acceptInsecureCerts: false, acceptSslCerts: false, applicationCacheEnabled: false, browserConnectionEnabled: false, browserName: chrome, chrome: {chromedriverVersion: 90.0.4430.24 (4c6d850f087da..., userDataDir: C:\Users\ADMINI~1\AppData\L...}, cssSelectorsEnabled: true, databaseEnabled: false, goog:chromeOptions: {debuggerAddress: localhost:64533}, handlesAlerts: true, hasMetadata: true, hasTouchScreen: false, javascriptEnabled: true, locationContextEnabled: true, mobileEmulationEnabled: false, nativeEvents: true, networkConnectionEnabled: false, pageLoadStrategy: normal, platform: WINDOWS, platformName: WINDOWS, proxy: Proxy(), rotatable: false, setWindowRect: true, strictFileInteractability: false, takesHeapSnapshot: true, takesScreenshot: true, timeouts: {implicit: 0, pageLoad: 300000, script: 30000}, unexpectedAlertBehaviour: ignore, unhandledPromptBehavior: ignore, version: 90.0.4430.72, webStorageEnabled: true, webauthn:extension:largeBlob: true, webauthn:virtualAuthenticators: true, webdriver.remote.sessionid: df8551459f3d4fd194a34ade47b...}
Session ID: df8551459f3d4fd194a34ade47b6fc81
*** Element info: {Using=xpath, value=//input[@value='Yes']}]]>
            </message>
            <full-stacktrace>
              <![CDATA[org.openqa.selenium.NoSuchElementException: no such element: Unable to locate element: {"method":"xpath","selector":"//input[@value='Yes']"}
  (Session info: chrome=90.0.4430.72)
  (Driver info: chromedriver=90.0.4430.24 (4c6d850f087da467d926e8eddb76550aed655991-refs/branch-heads/4430@{#429}),platform=Windows NT 10.0.10586 x86_64) (WARNING: The server did not provide any stacktrace information)
Command duration or timeout: 0 milliseconds
For documentation on this error, please visit: https://www.seleniumhq.org/exceptions/no_such_element.html
Build info: version: '3.141.59', revision: 'e82be7d358', time: '2018-11-14T08:17:03'
System info: host: 'cqe-jenkins-node-2.eng.sfdc.net', ip: '10.233.160.131', os.name: 'Linux', os.arch: 'amd64', os.version: '3.10.0-1160.el7.x86_64', java.version: '1.8.0_262'
Driver info: org.openqa.selenium.remote.RemoteWebDriver
Capabilities {acceptInsecureCerts: false, acceptSslCerts: false, applicationCacheEnabled: false, browserConnectionEnabled: false, browserName: chrome, chrome: {chromedriverVersion: 90.0.4430.24 (4c6d850f087da..., userDataDir: C:\Users\ADMINI~1\AppData\L...}, cssSelectorsEnabled: true, databaseEnabled: false, goog:chromeOptions: {debuggerAddress: localhost:64533}, handlesAlerts: true, hasMetadata: true, hasTouchScreen: false, javascriptEnabled: true, locationContextEnabled: true, mobileEmulationEnabled: false, nativeEvents: true, networkConnectionEnabled: false, pageLoadStrategy: normal, platform: WINDOWS, platformName: WINDOWS, proxy: Proxy(), rotatable: false, setWindowRect: true, strictFileInteractability: false, takesHeapSnapshot: true, takesScreenshot: true, timeouts: {implicit: 0, pageLoad: 300000, script: 30000}, unexpectedAlertBehaviour: ignore, unhandledPromptBehavior: ignore, version: 90.0.4430.72, webStorageEnabled: true, webauthn:extension:largeBlob: true, webauthn:virtualAuthenticators: true, webdriver.remote.sessionid: df8551459f3d4fd194a34ade47b...}
Session ID: df8551459f3d4fd194a34ade47b6fc81
*** Element info: {Using=xpath, value=//input[@value='Yes']}
at sun.reflect.GeneratedConstructorAccessor55.newInstance(Unknown Source)
at sun.reflect.DelegatingConstructorAccessorImpl.newInstance(DelegatingConstructorAccessorImpl.java:45)
at java.lang.reflect.Constructor.newInstance(Constructor.java:423)
at org.openqa.selenium.remote.ErrorHandler.createThrowable(ErrorHandler.java:214)
at org.openqa.selenium.remote.ErrorHandler.throwIfResponseFailed(ErrorHandler.java:166)
at org.openqa.selenium.remote.http.JsonHttpResponseCodec.reconstructValue(JsonHttpResponseCodec.java:40)
at org.openqa.selenium.remote.http.AbstractHttpResponseCodec.decode(AbstractHttpResponseCodec.java:80)
at org.openqa.selenium.remote.http.AbstractHttpResponseCodec.decode(AbstractHttpResponseCodec.java:44)
at org.openqa.selenium.remote.HttpCommandExecutor.execute(HttpCommandExecutor.java:158)
at org.openqa.selenium.remote.RemoteWebDriver.execute(RemoteWebDriver.java:552)
at org.openqa.selenium.remote.RemoteWebDriver.findElement(RemoteWebDriver.java:323)
at org.openqa.selenium.remote.RemoteWebDriver.findElementByXPath(RemoteWebDriver.java:428)
at org.openqa.selenium.By$ByXPath.findElement(By.java:353)
at org.openqa.selenium.remote.RemoteWebDriver.findElement(RemoteWebDriver.java:315)
at sun.reflect.GeneratedMethodAccessor26.invoke(Unknown Source)
at sun.reflect.DelegatingMethodAccessorImpl.invoke(DelegatingMethodAccessorImpl.java:43)
at java.lang.reflect.Method.invoke(Method.java:498)
at com.salesforce.selenium.support.event.EventFiringWebDriver$2.invoke(EventFiringWebDriver.java:148)
at com.sun.proxy.$Proxy11.findElement(Unknown Source)
at com.salesforce.selenium.support.event.EventFiringWebDriver.findElement(EventFiringWebDriver.java:246)
at com.se.utilities.Base.waitForWebElementload(Base.java:555)
at com.se.testscripts.AccountGrowthPlanCloneTest.accountGrowthPlanCloneTest(AccountGrowthPlanCloneTest.java:71)
at sun.reflect.NativeMethodAccessorImpl.invoke0(Native Method)
at sun.reflect.NativeMethodAccessorImpl.invoke(NativeMethodAccessorImpl.java:62)
at sun.reflect.DelegatingMethodAccessorImpl.invoke(DelegatingMethodAccessorImpl.java:43)
at java.lang.reflect.Method.invoke(Method.java:498)
at org.testng.internal.MethodInvocationHelper.invokeMethod(MethodInvocationHelper.java:134)
at org.testng.internal.TestInvoker.invokeMethod(TestInvoker.java:597)
at org.testng.internal.TestInvoker.invokeTestMethod(TestInvoker.java:173)
at org.testng.internal.MethodRunner.runInSequence(MethodRunner.java:46)
at org.testng.internal.TestInvoker$MethodInvocationAgent.invoke(TestInvoker.java:816)
at org.testng.internal.TestInvoker.invokeTestMethods(TestInvoker.java:146)
at org.testng.internal.TestMethodWorker.invokeTestMethods(TestMethodWorker.java:146)
at org.testng.internal.TestMethodWorker.run(TestMethodWorker.java:128)
at java.util.concurrent.ThreadPoolExecutor.runWorker(ThreadPoolExecutor.java:1149)
at java.util.concurrent.ThreadPoolExecutor$Worker.run(ThreadPoolExecutor.java:624)
at java.lang.Thread.run(Thread.java:748)
]]>
            </full-stacktrace>
          </exception> <!-- org.openqa.selenium.NoSuchElementException -->
          <reporter-output>
          </reporter-output>
        </test-method> <!-- accountGrowthPlanCloneTest -->
        <test-method status="PASS" signature="closeApp(org.testng.ITestResult)[pri:0, instance:com.se.testscripts.AccountGrowthPlanCloneTest@3043fe0e]" name="closeApp" is-config="true" duration-ms="19304" started-at="2021-04-27T11:08:55 GMT" finished-at="2021-04-27T11:09:14 GMT">
          <params>
            <param index="0">
              <value>
                <![CDATA[[TestResult name=accountGrowthPlanCloneTest status=FAILURE method=AccountGrowthPlanCloneTest.accountGrowthPlanCloneTest()[pri:1, instance:com.se.testscripts.AccountGrowthPlanCloneTest@3043fe0e] output={null}]]]>
              </value>
            </param>
          </params>
          <reporter-output>
          </reporter-output>
        </test-method> <!-- closeApp -->
      </class> <!-- com.se.testscripts.AccountGrowthPlanCloneTest -->
      <class name="com.se.testscripts.StandardObjectTabValidation">
        <test-method status="PASS" signature="launchApp(java.lang.reflect.Method)[pri:0, instance:com.se.testscripts.StandardObjectTabValidation@23d2a7e8]" name="launchApp" is-config="true" duration-ms="33413" started-at="2021-04-27T11:36:19 GMT" finished-at="2021-04-27T11:36:53 GMT">
          <params>
            <param index="0">
              <value>
                <![CDATA[public void com.se.testscripts.StandardObjectTabValidation.standardObjectTabValidationTest() throws java.lang.Exception]]>
              </value>
            </param>
          </params>
          <reporter-output>
          </reporter-output>
        </test-method> <!-- launchApp -->
        <test-method status="PASS" signature="standardObjectTabValidationTest()[pri:1, instance:com.se.testscripts.StandardObjectTabValidation@23d2a7e8]" name="standardObjectTabValidationTest" duration-ms="87290" started-at="2021-04-27T11:36:53 GMT" finished-at="2021-04-27T11:38:20 GMT">
          <reporter-output>
          </reporter-output>
        </test-method> <!-- standardObjectTabValidationTest -->
        <test-method status="PASS" signature="closeApp(org.testng.ITestResult)[pri:0, instance:com.se.testscripts.StandardObjectTabValidation@23d2a7e8]" name="closeApp" is-config="true" duration-ms="7020" started-at="2021-04-27T11:38:20 GMT" finished-at="2021-04-27T11:38:27 GMT">
          <params>
            <param index="0">
              <value>
                <![CDATA[[TestResult name=standardObjectTabValidationTest status=SUCCESS method=StandardObjectTabValidation.standardObjectTabValidationTest()[pri:1, instance:com.se.testscripts.StandardObjectTabValidation@23d2a7e8] output={null}]]]>
              </value>
            </param>
          </params>
          <reporter-output>
          </reporter-output>
        </test-method> <!-- closeApp -->
      </class> <!-- com.se.testscripts.StandardObjectTabValidation -->
      <class name="com.se.r11andr12.testscripts.SalesAccountSummaryContactRoleError">
        <test-method status="PASS" signature="launchApp(java.lang.reflect.Method)[pri:0, instance:com.se.r11andr12.testscripts.SalesAccountSummaryContactRoleError@34cd072c]" name="launchApp" is-config="true" duration-ms="12313" started-at="2021-04-27T10:56:07 GMT" finished-at="2021-04-27T10:56:19 GMT">
          <params>
            <param index="0">
              <value>
                <![CDATA[public void com.se.r11andr12.testscripts.SalesAccountSummaryContactRoleError.SAContactRoleError() throws java.lang.Exception]]>
              </value>
            </param>
          </params>
          <reporter-output>
          </reporter-output>
        </test-method> <!-- launchApp -->
        <test-method status="PASS" signature="SAContactRoleError()[pri:1, instance:com.se.r11andr12.testscripts.SalesAccountSummaryContactRoleError@34cd072c]" name="SAContactRoleError" duration-ms="116173" started-at="2021-04-27T10:56:19 GMT" finished-at="2021-04-27T10:58:15 GMT">
          <reporter-output>
          </reporter-output>
        </test-method> <!-- SAContactRoleError -->
        <test-method status="PASS" signature="closeApp(org.testng.ITestResult)[pri:0, instance:com.se.r11andr12.testscripts.SalesAccountSummaryContactRoleError@34cd072c]" name="closeApp" is-config="true" duration-ms="10991" started-at="2021-04-27T10:58:15 GMT" finished-at="2021-04-27T10:58:26 GMT">
          <params>
            <param index="0">
              <value>
                <![CDATA[[TestResult name=SAContactRoleError status=SUCCESS method=SalesAccountSummaryContactRoleError.SAContactRoleError()[pri:1, instance:com.se.r11andr12.testscripts.SalesAccountSummaryContactRoleError@34cd072c] output={null}]]]>
              </value>
            </param>
          </params>
          <reporter-output>
          </reporter-output>
        </test-method> <!-- closeApp -->
      </class> <!-- com.se.r11andr12.testscripts.SalesAccountSummaryContactRoleError -->
      <class name="com.se.r1tor2.summer21.testscripts.OpptyLeadingBUPickList">
        <test-method status="PASS" signature="launchApp(java.lang.reflect.Method)[pri:0, instance:com.se.r1tor2.summer21.testscripts.OpptyLeadingBUPickList@528931cf]" name="launchApp" is-config="true" duration-ms="12743" started-at="2021-04-27T10:58:26 GMT" finished-at="2021-04-27T10:58:39 GMT">
          <params>
            <param index="0">
              <value>
                <![CDATA[public void com.se.r1tor2.summer21.testscripts.OpptyLeadingBUPickList.VerifyLeadingBUInOpptyCreation() throws java.lang.Exception]]>
              </value>
            </param>
          </params>
          <reporter-output>
          </reporter-output>
        </test-method> <!-- launchApp -->
        <test-method status="PASS" signature="VerifyLeadingBUInOpptyCreation()[pri:1, instance:com.se.r1tor2.summer21.testscripts.OpptyLeadingBUPickList@528931cf]" name="VerifyLeadingBUInOpptyCreation" duration-ms="77435" started-at="2021-04-27T10:58:39 GMT" finished-at="2021-04-27T10:59:56 GMT">
          <reporter-output>
          </reporter-output>
        </test-method> <!-- VerifyLeadingBUInOpptyCreation -->
        <test-method status="PASS" signature="closeApp(org.testng.ITestResult)[pri:0, instance:com.se.r1tor2.summer21.testscripts.OpptyLeadingBUPickList@528931cf]" name="closeApp" is-config="true" duration-ms="9148" started-at="2021-04-27T10:59:56 GMT" finished-at="2021-04-27T11:00:06 GMT">
          <params>
            <param index="0">
              <value>
                <![CDATA[[TestResult name=VerifyLeadingBUInOpptyCreation status=SUCCESS method=OpptyLeadingBUPickList.VerifyLeadingBUInOpptyCreation()[pri:1, instance:com.se.r1tor2.summer21.testscripts.OpptyLeadingBUPickList@528931cf] output={null}]]]>
              </value>
            </param>
          </params>
          <reporter-output>
          </reporter-output>
        </test-method> <!-- closeApp -->
      </class> <!-- com.se.r1tor2.summer21.testscripts.OpptyLeadingBUPickList -->
      <class name="com.se.testscripts.OpportunityManagement_TC001">
        <test-method status="PASS" signature="launchApp(java.lang.reflect.Method)[pri:0, instance:com.se.testscripts.OpportunityManagement_TC001@3e57cd70]" name="launchApp" is-config="true" duration-ms="17593" started-at="2021-04-27T10:52:50 GMT" finished-at="2021-04-27T10:53:07 GMT">
          <params>
            <param index="0">
              <value>
                <![CDATA[public void com.se.testscripts.OpportunityManagement_TC001.OpportunityManagement_2673_TC001() throws java.lang.Exception]]>
              </value>
            </param>
          </params>
          <reporter-output>
          </reporter-output>
        </test-method> <!-- launchApp -->
        <test-method status="PASS" signature="OpportunityManagement_2673_TC001()[pri:1, instance:com.se.testscripts.OpportunityManagement_TC001@3e57cd70]" name="OpportunityManagement_2673_TC001" duration-ms="101422" started-at="2021-04-27T10:53:07 GMT" finished-at="2021-04-27T10:54:49 GMT">
          <reporter-output>
          </reporter-output>
        </test-method> <!-- OpportunityManagement_2673_TC001 -->
        <test-method status="PASS" signature="closeApp(org.testng.ITestResult)[pri:0, instance:com.se.testscripts.OpportunityManagement_TC001@3e57cd70]" name="closeApp" is-config="true" duration-ms="8199" started-at="2021-04-27T10:54:49 GMT" finished-at="2021-04-27T10:54:57 GMT">
          <params>
            <param index="0">
              <value>
                <![CDATA[[TestResult name=OpportunityManagement_2673_TC001 status=SUCCESS method=OpportunityManagement_TC001.OpportunityManagement_2673_TC001()[pri:1, instance:com.se.testscripts.OpportunityManagement_TC001@3e57cd70] output={null}]]]>
              </value>
            </param>
          </params>
          <reporter-output>
          </reporter-output>
        </test-method> <!-- closeApp -->
      </class> <!-- com.se.testscripts.OpportunityManagement_TC001 -->
      <class name="com.se.testscripts.OpportunityManagement_TC002">
        <test-method status="PASS" signature="launchApp(java.lang.reflect.Method)[pri:0, instance:com.se.testscripts.OpportunityManagement_TC002@9a7504c]" name="launchApp" is-config="true" duration-ms="11313" started-at="2021-04-27T10:54:12 GMT" finished-at="2021-04-27T10:54:24 GMT">
          <params>
            <param index="0">
              <value>
                <![CDATA[public void com.se.testscripts.OpportunityManagement_TC002.OpportunityManagement_2708_TC002() throws java.lang.Exception]]>
              </value>
            </param>
          </params>
          <reporter-output>
          </reporter-output>
        </test-method> <!-- launchApp -->
        <test-method status="PASS" signature="OpportunityManagement_2708_TC002()[pri:1, instance:com.se.testscripts.OpportunityManagement_TC002@9a7504c]" name="OpportunityManagement_2708_TC002" duration-ms="35235" started-at="2021-04-27T10:54:24 GMT" finished-at="2021-04-27T10:54:59 GMT">
          <reporter-output>
          </reporter-output>
        </test-method> <!-- OpportunityManagement_2708_TC002 -->
        <test-method status="PASS" signature="closeApp(org.testng.ITestResult)[pri:0, instance:com.se.testscripts.OpportunityManagement_TC002@9a7504c]" name="closeApp" is-config="true" duration-ms="16677" started-at="2021-04-27T10:54:59 GMT" finished-at="2021-04-27T10:55:16 GMT">
          <params>
            <param index="0">
              <value>
                <![CDATA[[TestResult name=OpportunityManagement_2708_TC002 status=SUCCESS method=OpportunityManagement_TC002.OpportunityManagement_2708_TC002()[pri:1, instance:com.se.testscripts.OpportunityManagement_TC002@9a7504c] output={null}]]]>
              </value>
            </param>
          </params>
          <reporter-output>
          </reporter-output>
        </test-method> <!-- closeApp -->
      </class> <!-- com.se.testscripts.OpportunityManagement_TC002 -->
      <class name="com.se.r11andr12.testscripts.MasterProjectRelatedListCheck">
        <test-method status="PASS" signature="launchApp(java.lang.reflect.Method)[pri:0, instance:com.se.r11andr12.testscripts.MasterProjectRelatedListCheck@458c1321]" name="launchApp" is-config="true" duration-ms="13759" started-at="2021-04-27T11:33:14 GMT" finished-at="2021-04-27T11:33:28 GMT">
          <params>
            <param index="0">
              <value>
                <![CDATA[public void com.se.r11andr12.testscripts.MasterProjectRelatedListCheck.opptyMasterProjecttest() throws java.lang.Exception]]>
              </value>
            </param>
          </params>
          <reporter-output>
          </reporter-output>
        </test-method> <!-- launchApp -->
        <test-method status="PASS" signature="opptyMasterProjecttest()[pri:1, instance:com.se.r11andr12.testscripts.MasterProjectRelatedListCheck@458c1321]" name="opptyMasterProjecttest" duration-ms="153775" started-at="2021-04-27T11:33:28 GMT" finished-at="2021-04-27T11:36:02 GMT">
          <reporter-output>
          </reporter-output>
        </test-method> <!-- opptyMasterProjecttest -->
        <test-method status="PASS" signature="closeApp(org.testng.ITestResult)[pri:0, instance:com.se.r11andr12.testscripts.MasterProjectRelatedListCheck@458c1321]" name="closeApp" is-config="true" duration-ms="17578" started-at="2021-04-27T11:36:02 GMT" finished-at="2021-04-27T11:36:19 GMT">
          <params>
            <param index="0">
              <value>
                <![CDATA[[TestResult name=opptyMasterProjecttest status=SUCCESS method=MasterProjectRelatedListCheck.opptyMasterProjecttest()[pri:1, instance:com.se.r11andr12.testscripts.MasterProjectRelatedListCheck@458c1321] output={null}]]]>
              </value>
            </param>
          </params>
          <reporter-output>
          </reporter-output>
        </test-method> <!-- closeApp -->
      </class> <!-- com.se.r11andr12.testscripts.MasterProjectRelatedListCheck -->
      <class name="com.se.r11andr12.testscripts.SalesAccountSummaryOpptyColumnCheck">
        <test-method status="PASS" signature="launchApp(java.lang.reflect.Method)[pri:0, instance:com.se.r11andr12.testscripts.SalesAccountSummaryOpptyColumnCheck@7a1ebcd8]" name="launchApp" is-config="true" duration-ms="11106" started-at="2021-04-27T10:57:03 GMT" finished-at="2021-04-27T10:57:14 GMT">
          <params>
            <param index="0">
              <value>
                <![CDATA[public void com.se.r11andr12.testscripts.SalesAccountSummaryOpptyColumnCheck.SalesAccountSummaryOpptyTable() throws java.lang.Exception]]>
              </value>
            </param>
          </params>
          <reporter-output>
          </reporter-output>
        </test-method> <!-- launchApp -->
        <test-method status="PASS" signature="SalesAccountSummaryOpptyTable()[pri:1, instance:com.se.r11andr12.testscripts.SalesAccountSummaryOpptyColumnCheck@7a1ebcd8]" name="SalesAccountSummaryOpptyTable" duration-ms="120704" started-at="2021-04-27T10:57:14 GMT" finished-at="2021-04-27T10:59:15 GMT">
          <reporter-output>
          </reporter-output>
        </test-method> <!-- SalesAccountSummaryOpptyTable -->
        <test-method status="PASS" signature="closeApp(org.testng.ITestResult)[pri:0, instance:com.se.r11andr12.testscripts.SalesAccountSummaryOpptyColumnCheck@7a1ebcd8]" name="closeApp" is-config="true" duration-ms="4862" started-at="2021-04-27T10:59:15 GMT" finished-at="2021-04-27T10:59:20 GMT">
          <params>
            <param index="0">
              <value>
                <![CDATA[[TestResult name=SalesAccountSummaryOpptyTable status=SUCCESS method=SalesAccountSummaryOpptyColumnCheck.SalesAccountSummaryOpptyTable()[pri:1, instance:com.se.r11andr12.testscripts.SalesAccountSummaryOpptyColumnCheck@7a1ebcd8] output={null}]]]>
              </value>
            </param>
          </params>
          <reporter-output>
          </reporter-output>
        </test-method> <!-- closeApp -->
      </class> <!-- com.se.r11andr12.testscripts.SalesAccountSummaryOpptyColumnCheck -->
      <class name="com.se.testscripts.EventCreationFromCalendarObject">
        <test-method status="PASS" signature="launchApp(java.lang.reflect.Method)[pri:0, instance:com.se.testscripts.EventCreationFromCalendarObject@2353b3e6]" name="launchApp" is-config="true" duration-ms="16632" started-at="2021-04-27T11:16:29 GMT" finished-at="2021-04-27T11:16:46 GMT">
          <params>
            <param index="0">
              <value>
                <![CDATA[public void com.se.testscripts.EventCreationFromCalendarObject.eventCreationFromCalendarObjectTest() throws java.lang.Exception]]>
              </value>
            </param>
          </params>
          <reporter-output>
          </reporter-output>
        </test-method> <!-- launchApp -->
        <test-method status="PASS" signature="eventCreationFromCalendarObjectTest()[pri:1, instance:com.se.testscripts.EventCreationFromCalendarObject@2353b3e6]" name="eventCreationFromCalendarObjectTest" duration-ms="83204" started-at="2021-04-27T11:16:46 GMT" finished-at="2021-04-27T11:18:09 GMT">
          <reporter-output>
          </reporter-output>
        </test-method> <!-- eventCreationFromCalendarObjectTest -->
        <test-method status="PASS" signature="closeApp(org.testng.ITestResult)[pri:0, instance:com.se.testscripts.EventCreationFromCalendarObject@2353b3e6]" name="closeApp" is-config="true" duration-ms="13848" started-at="2021-04-27T11:18:09 GMT" finished-at="2021-04-27T11:18:23 GMT">
          <params>
            <param index="0">
              <value>
                <![CDATA[[TestResult name=eventCreationFromCalendarObjectTest status=SUCCESS method=EventCreationFromCalendarObject.eventCreationFromCalendarObjectTest()[pri:1, instance:com.se.testscripts.EventCreationFromCalendarObject@2353b3e6] output={null}]]]>
              </value>
            </param>
          </params>
          <reporter-output>
          </reporter-output>
        </test-method> <!-- closeApp -->
      </class> <!-- com.se.testscripts.EventCreationFromCalendarObject -->
      <class name="com.se.testscripts.AccountMasterProfileTest">
        <test-method status="PASS" signature="launchApp(java.lang.reflect.Method)[pri:0, instance:com.se.testscripts.AccountMasterProfileTest@2f943d71]" name="launchApp" is-config="true" duration-ms="12578" started-at="2021-04-27T11:01:38 GMT" finished-at="2021-04-27T11:01:51 GMT">
          <params>
            <param index="0">
              <value>
                <![CDATA[public void com.se.testscripts.AccountMasterProfileTest.accountMasterProfileTest() throws java.lang.Exception]]>
              </value>
            </param>
          </params>
          <reporter-output>
          </reporter-output>
        </test-method> <!-- launchApp -->
        <test-method status="PASS" signature="accountMasterProfileTest()[pri:1, instance:com.se.testscripts.AccountMasterProfileTest@2f943d71]" name="accountMasterProfileTest" duration-ms="84117" started-at="2021-04-27T11:01:51 GMT" finished-at="2021-04-27T11:03:15 GMT">
          <reporter-output>
          </reporter-output>
        </test-method> <!-- accountMasterProfileTest -->
        <test-method status="PASS" signature="closeApp(org.testng.ITestResult)[pri:0, instance:com.se.testscripts.AccountMasterProfileTest@2f943d71]" name="closeApp" is-config="true" duration-ms="11678" started-at="2021-04-27T11:03:15 GMT" finished-at="2021-04-27T11:03:26 GMT">
          <params>
            <param index="0">
              <value>
                <![CDATA[[TestResult name=accountMasterProfileTest status=SUCCESS method=AccountMasterProfileTest.accountMasterProfileTest()[pri:1, instance:com.se.testscripts.AccountMasterProfileTest@2f943d71] output={null}]]]>
              </value>
            </param>
          </params>
          <reporter-output>
          </reporter-output>
        </test-method> <!-- closeApp -->
      </class> <!-- com.se.testscripts.AccountMasterProfileTest -->
      <class name="com.se.testscripts.AgreementCreation">
        <test-method status="PASS" signature="launchApp(java.lang.reflect.Method)[pri:0, instance:com.se.testscripts.AgreementCreation@60285225]" name="launchApp" is-config="true" duration-ms="12474" started-at="2021-04-27T11:06:45 GMT" finished-at="2021-04-27T11:06:58 GMT">
          <params>
            <param index="0">
              <value>
                <![CDATA[public void com.se.testscripts.AgreementCreation.agreementCreationtest() throws java.lang.Exception]]>
              </value>
            </param>
          </params>
          <reporter-output>
          </reporter-output>
        </test-method> <!-- launchApp -->
        <test-method status="PASS" signature="agreementCreationtest()[pri:1, instance:com.se.testscripts.AgreementCreation@60285225]" name="agreementCreationtest" duration-ms="223620" started-at="2021-04-27T11:06:58 GMT" finished-at="2021-04-27T11:10:42 GMT">
          <reporter-output>
          </reporter-output>
        </test-method> <!-- agreementCreationtest -->
        <test-method status="PASS" signature="closeApp(org.testng.ITestResult)[pri:0, instance:com.se.testscripts.AgreementCreation@60285225]" name="closeApp" is-config="true" duration-ms="8242" started-at="2021-04-27T11:10:42 GMT" finished-at="2021-04-27T11:10:50 GMT">
          <params>
            <param index="0">
              <value>
                <![CDATA[[TestResult name=agreementCreationtest status=SUCCESS method=AgreementCreation.agreementCreationtest()[pri:1, instance:com.se.testscripts.AgreementCreation@60285225] output={null}]]]>
              </value>
            </param>
          </params>
          <reporter-output>
          </reporter-output>
        </test-method> <!-- closeApp -->
      </class> <!-- com.se.testscripts.AgreementCreation -->
      <class name="com.se.testscripts.CommercialActionPlanEditTest">
        <test-method status="PASS" signature="launchApp(java.lang.reflect.Method)[pri:0, instance:com.se.testscripts.CommercialActionPlanEditTest@3cb1ffe6]" name="launchApp" is-config="true" duration-ms="12269" started-at="2021-04-27T11:12:36 GMT" finished-at="2021-04-27T11:12:49 GMT">
          <params>
            <param index="0">
              <value>
                <![CDATA[public void com.se.testscripts.CommercialActionPlanEditTest.commercialActionPlanEditTest() throws java.lang.Exception]]>
              </value>
            </param>
          </params>
          <reporter-output>
          </reporter-output>
        </test-method> <!-- launchApp -->
        <test-method status="PASS" signature="commercialActionPlanEditTest()[pri:1, instance:com.se.testscripts.CommercialActionPlanEditTest@3cb1ffe6]" name="commercialActionPlanEditTest" duration-ms="126899" started-at="2021-04-27T11:12:49 GMT" finished-at="2021-04-27T11:14:55 GMT">
          <reporter-output>
          </reporter-output>
        </test-method> <!-- commercialActionPlanEditTest -->
        <test-method status="PASS" signature="closeApp(org.testng.ITestResult)[pri:0, instance:com.se.testscripts.CommercialActionPlanEditTest@3cb1ffe6]" name="closeApp" is-config="true" duration-ms="12899" started-at="2021-04-27T11:14:55 GMT" finished-at="2021-04-27T11:15:08 GMT">
          <params>
            <param index="0">
              <value>
                <![CDATA[[TestResult name=commercialActionPlanEditTest status=SUCCESS method=CommercialActionPlanEditTest.commercialActionPlanEditTest()[pri:1, instance:com.se.testscripts.CommercialActionPlanEditTest@3cb1ffe6] output={null}]]]>
              </value>
            </param>
          </params>
          <reporter-output>
          </reporter-output>
        </test-method> <!-- closeApp -->
      </class> <!-- com.se.testscripts.CommercialActionPlanEditTest -->
      <class name="com.se.testscripts.TaskCreation">
        <test-method status="PASS" signature="launchApp(java.lang.reflect.Method)[pri:0, instance:com.se.testscripts.TaskCreation@4abdb505]" name="launchApp" is-config="true" duration-ms="19390" started-at="2021-04-27T11:40:56 GMT" finished-at="2021-04-27T11:41:15 GMT">
          <params>
            <param index="0">
              <value>
                <![CDATA[public void com.se.testscripts.TaskCreation.lexTaskCreationFromAccountSidePanelTest() throws java.lang.Exception]]>
              </value>
            </param>
          </params>
          <reporter-output>
          </reporter-output>
        </test-method> <!-- launchApp -->
        <test-method status="PASS" signature="lexTaskCreationFromAccountSidePanelTest()[pri:4, instance:com.se.testscripts.TaskCreation@4abdb505]" name="lexTaskCreationFromAccountSidePanelTest" duration-ms="92350" started-at="2021-04-27T11:41:15 GMT" finished-at="2021-04-27T11:42:47 GMT">
          <reporter-output>
          </reporter-output>
        </test-method> <!-- lexTaskCreationFromAccountSidePanelTest -->
        <test-method status="PASS" signature="closeApp(org.testng.ITestResult)[pri:0, instance:com.se.testscripts.TaskCreation@4abdb505]" name="closeApp" is-config="true" duration-ms="13167" started-at="2021-04-27T11:42:47 GMT" finished-at="2021-04-27T11:43:01 GMT">
          <params>
            <param index="0">
              <value>
                <![CDATA[[TestResult name=lexTaskCreationFromAccountSidePanelTest status=SUCCESS method=TaskCreation.lexTaskCreationFromAccountSidePanelTest()[pri:4, instance:com.se.testscripts.TaskCreation@4abdb505] output={null}]]]>
              </value>
            </param>
          </params>
          <reporter-output>
          </reporter-output>
        </test-method> <!-- closeApp -->
      </class> <!-- com.se.testscripts.TaskCreation -->
      <class name="com.se.testscripts.Contact_TC002">
        <test-method status="PASS" signature="launchApp(java.lang.reflect.Method)[pri:0, instance:com.se.testscripts.Contact_TC002@4d50efb8]" name="launchApp" is-config="true" duration-ms="16910" started-at="2021-04-27T11:15:08 GMT" finished-at="2021-04-27T11:15:25 GMT">
          <params>
            <param index="0">
              <value>
                <![CDATA[public void com.se.testscripts.Contact_TC002.contact_TC002() throws java.lang.Exception]]>
              </value>
            </param>
          </params>
          <reporter-output>
          </reporter-output>
        </test-method> <!-- launchApp -->
        <test-method status="PASS" signature="contact_TC002()[pri:1, instance:com.se.testscripts.Contact_TC002@4d50efb8]" name="contact_TC002" duration-ms="51738" started-at="2021-04-27T11:15:25 GMT" finished-at="2021-04-27T11:16:17 GMT">
          <reporter-output>
          </reporter-output>
        </test-method> <!-- contact_TC002 -->
        <test-method status="PASS" signature="closeApp(org.testng.ITestResult)[pri:0, instance:com.se.testscripts.Contact_TC002@4d50efb8]" name="closeApp" is-config="true" duration-ms="11904" started-at="2021-04-27T11:16:17 GMT" finished-at="2021-04-27T11:16:29 GMT">
          <params>
            <param index="0">
              <value>
                <![CDATA[[TestResult name=contact_TC002 status=SUCCESS method=Contact_TC002.contact_TC002()[pri:1, instance:com.se.testscripts.Contact_TC002@4d50efb8] output={null}]]]>
              </value>
            </param>
          </params>
          <reporter-output>
          </reporter-output>
        </test-method> <!-- closeApp -->
      </class> <!-- com.se.testscripts.Contact_TC002 -->
      <class name="com.se.r11andr12.testscripts.MasterProjectCancelcheck">
        <test-method status="PASS" signature="launchApp(java.lang.reflect.Method)[pri:0, instance:com.se.r11andr12.testscripts.MasterProjectCancelcheck@4232c52b]" name="launchApp" is-config="true" duration-ms="36373" started-at="2021-04-27T11:30:59 GMT" finished-at="2021-04-27T11:31:35 GMT">
          <params>
            <param index="0">
              <value>
                <![CDATA[public void com.se.r11andr12.testscripts.MasterProjectCancelcheck.opptyMasterProjectCancel() throws java.lang.Exception]]>
              </value>
            </param>
          </params>
          <reporter-output>
          </reporter-output>
        </test-method> <!-- launchApp -->
        <test-method status="PASS" signature="opptyMasterProjectCancel()[pri:1, instance:com.se.r11andr12.testscripts.MasterProjectCancelcheck@4232c52b]" name="opptyMasterProjectCancel" duration-ms="74183" started-at="2021-04-27T11:31:35 GMT" finished-at="2021-04-27T11:32:49 GMT">
          <reporter-output>
          </reporter-output>
        </test-method> <!-- opptyMasterProjectCancel -->
        <test-method status="PASS" signature="closeApp(org.testng.ITestResult)[pri:0, instance:com.se.r11andr12.testscripts.MasterProjectCancelcheck@4232c52b]" name="closeApp" is-config="true" duration-ms="9877" started-at="2021-04-27T11:32:49 GMT" finished-at="2021-04-27T11:32:59 GMT">
          <params>
            <param index="0">
              <value>
                <![CDATA[[TestResult name=opptyMasterProjectCancel status=SUCCESS method=MasterProjectCancelcheck.opptyMasterProjectCancel()[pri:1, instance:com.se.r11andr12.testscripts.MasterProjectCancelcheck@4232c52b] output={null}]]]>
              </value>
            </param>
          </params>
          <reporter-output>
          </reporter-output>
        </test-method> <!-- closeApp -->
      </class> <!-- com.se.r11andr12.testscripts.MasterProjectCancelcheck -->
      <class name="com.se.testscripts.OpportunityEditTest">
        <test-method status="PASS" signature="launchApp(java.lang.reflect.Method)[pri:0, instance:com.se.testscripts.OpportunityEditTest@1d8d30f7]" name="launchApp" is-config="true" duration-ms="12420" started-at="2021-04-27T11:23:38 GMT" finished-at="2021-04-27T11:23:50 GMT">
          <params>
            <param index="0">
              <value>
                <![CDATA[public void com.se.testscripts.OpportunityEditTest.lexOpportunityEditTest() throws java.lang.Exception]]>
              </value>
            </param>
          </params>
          <reporter-output>
          </reporter-output>
        </test-method> <!-- launchApp -->
        <test-method status="PASS" signature="lexOpportunityEditTest()[pri:1, instance:com.se.testscripts.OpportunityEditTest@1d8d30f7]" name="lexOpportunityEditTest" duration-ms="63035" started-at="2021-04-27T11:23:50 GMT" finished-at="2021-04-27T11:24:53 GMT">
          <reporter-output>
          </reporter-output>
        </test-method> <!-- lexOpportunityEditTest -->
        <test-method status="PASS" signature="closeApp(org.testng.ITestResult)[pri:0, instance:com.se.testscripts.OpportunityEditTest@1d8d30f7]" name="closeApp" is-config="true" duration-ms="9949" started-at="2021-04-27T11:24:53 GMT" finished-at="2021-04-27T11:25:03 GMT">
          <params>
            <param index="0">
              <value>
                <![CDATA[[TestResult name=lexOpportunityEditTest status=SUCCESS method=OpportunityEditTest.lexOpportunityEditTest()[pri:1, instance:com.se.testscripts.OpportunityEditTest@1d8d30f7] output={null}]]]>
              </value>
            </param>
          </params>
          <reporter-output>
          </reporter-output>
        </test-method> <!-- closeApp -->
      </class> <!-- com.se.testscripts.OpportunityEditTest -->
      <class name="com.se.testscripts.LexAccountValidationTest">
        <test-method status="PASS" signature="launchApp(java.lang.reflect.Method)[pri:0, instance:com.se.testscripts.LexAccountValidationTest@36b4cef0]" name="launchApp" is-config="true" duration-ms="16529" started-at="2021-04-27T11:18:23 GMT" finished-at="2021-04-27T11:18:39 GMT">
          <params>
            <param index="0">
              <value>
                <![CDATA[public void com.se.testscripts.LexAccountValidationTest.lexAccountCityValidationTest() throws java.lang.Exception]]>
              </value>
            </param>
          </params>
          <reporter-output>
          </reporter-output>
        </test-method> <!-- launchApp -->
        <test-method status="PASS" signature="lexAccountCityValidationTest()[pri:1, instance:com.se.testscripts.LexAccountValidationTest@36b4cef0]" name="lexAccountCityValidationTest" duration-ms="59104" started-at="2021-04-27T11:18:39 GMT" finished-at="2021-04-27T11:19:38 GMT">
          <reporter-output>
          </reporter-output>
        </test-method> <!-- lexAccountCityValidationTest -->
        <test-method status="PASS" signature="closeApp(org.testng.ITestResult)[pri:0, instance:com.se.testscripts.LexAccountValidationTest@36b4cef0]" name="closeApp" is-config="true" duration-ms="9318" started-at="2021-04-27T11:19:38 GMT" finished-at="2021-04-27T11:19:48 GMT">
          <params>
            <param index="0">
              <value>
                <![CDATA[[TestResult name=lexAccountCityValidationTest status=SUCCESS method=LexAccountValidationTest.lexAccountCityValidationTest()[pri:1, instance:com.se.testscripts.LexAccountValidationTest@36b4cef0] output={null}]]]>
              </value>
            </param>
          </params>
          <reporter-output>
          </reporter-output>
        </test-method> <!-- closeApp -->
      </class> <!-- com.se.testscripts.LexAccountValidationTest -->
      <class name="com.se.testscripts.QuoteLink_TC001">
        <test-method status="PASS" signature="launchApp(java.lang.reflect.Method)[pri:0, instance:com.se.testscripts.QuoteLink_TC001@687080dc]" name="launchApp" is-config="true" duration-ms="14071" started-at="2021-04-27T11:34:55 GMT" finished-at="2021-04-27T11:35:10 GMT">
          <params>
            <param index="0">
              <value>
                <![CDATA[public void com.se.testscripts.QuoteLink_TC001.quoteLink_TC001() throws java.lang.Exception]]>
              </value>
            </param>
          </params>
          <reporter-output>
          </reporter-output>
        </test-method> <!-- launchApp -->
        <test-method status="PASS" signature="quoteLink_TC001()[pri:1, instance:com.se.testscripts.QuoteLink_TC001@687080dc]" name="quoteLink_TC001" duration-ms="71067" started-at="2021-04-27T11:35:10 GMT" finished-at="2021-04-27T11:36:21 GMT">
          <reporter-output>
          </reporter-output>
        </test-method> <!-- quoteLink_TC001 -->
        <test-method status="PASS" signature="closeApp(org.testng.ITestResult)[pri:0, instance:com.se.testscripts.QuoteLink_TC001@687080dc]" name="closeApp" is-config="true" duration-ms="19815" started-at="2021-04-27T11:36:21 GMT" finished-at="2021-04-27T11:36:40 GMT">
          <params>
            <param index="0">
              <value>
                <![CDATA[[TestResult name=quoteLink_TC001 status=SUCCESS method=QuoteLink_TC001.quoteLink_TC001()[pri:1, instance:com.se.testscripts.QuoteLink_TC001@687080dc] output={null}]]]>
              </value>
            </param>
          </params>
          <reporter-output>
          </reporter-output>
        </test-method> <!-- closeApp -->
      </class> <!-- com.se.testscripts.QuoteLink_TC001 -->
      <class name="com.se.r7tor10.testscripts.MasterProjectOpptyCheck">
        <test-method status="PASS" signature="launchApp(java.lang.reflect.Method)[pri:0, instance:com.se.r7tor10.testscripts.MasterProjectOpptyCheck@52feb982]" name="launchApp" is-config="true" duration-ms="11169" started-at="2021-04-27T11:32:59 GMT" finished-at="2021-04-27T11:33:10 GMT">
          <params>
            <param index="0">
              <value>
                <![CDATA[public void com.se.r7tor10.testscripts.MasterProjectOpptyCheck.opptyMasterProjecttest() throws java.lang.Exception]]>
              </value>
            </param>
          </params>
          <reporter-output>
          </reporter-output>
        </test-method> <!-- launchApp -->
        <test-method status="PASS" signature="opptyMasterProjecttest()[pri:1, instance:com.se.r7tor10.testscripts.MasterProjectOpptyCheck@52feb982]" name="opptyMasterProjecttest" duration-ms="159126" started-at="2021-04-27T11:33:10 GMT" finished-at="2021-04-27T11:35:49 GMT">
          <reporter-output>
          </reporter-output>
        </test-method> <!-- opptyMasterProjecttest -->
        <test-method status="PASS" signature="closeApp(org.testng.ITestResult)[pri:0, instance:com.se.r7tor10.testscripts.MasterProjectOpptyCheck@52feb982]" name="closeApp" is-config="true" duration-ms="16689" started-at="2021-04-27T11:35:49 GMT" finished-at="2021-04-27T11:36:06 GMT">
          <params>
            <param index="0">
              <value>
                <![CDATA[[TestResult name=opptyMasterProjecttest status=SUCCESS method=MasterProjectOpptyCheck.opptyMasterProjecttest()[pri:1, instance:com.se.r7tor10.testscripts.MasterProjectOpptyCheck@52feb982] output={null}]]]>
              </value>
            </param>
          </params>
          <reporter-output>
          </reporter-output>
        </test-method> <!-- closeApp -->
      </class> <!-- com.se.r7tor10.testscripts.MasterProjectOpptyCheck -->
      <class name="com.se.testscripts.CommercialActionPlanHighlightPlanelTest">
        <test-method status="PASS" signature="launchApp(java.lang.reflect.Method)[pri:0, instance:com.se.testscripts.CommercialActionPlanHighlightPlanelTest@3dfc5fb8]" name="launchApp" is-config="true" duration-ms="11475" started-at="2021-04-27T11:12:55 GMT" finished-at="2021-04-27T11:13:07 GMT">
          <params>
            <param index="0">
              <value>
                <![CDATA[public void com.se.testscripts.CommercialActionPlanHighlightPlanelTest.commercialActionPlanHighLightPanelTest() throws java.lang.Exception]]>
              </value>
            </param>
          </params>
          <reporter-output>
          </reporter-output>
        </test-method> <!-- launchApp -->
        <test-method status="PASS" signature="commercialActionPlanHighLightPanelTest()[pri:1, instance:com.se.testscripts.CommercialActionPlanHighlightPlanelTest@3dfc5fb8]" name="commercialActionPlanHighLightPanelTest" duration-ms="116936" started-at="2021-04-27T11:13:07 GMT" finished-at="2021-04-27T11:15:04 GMT">
          <reporter-output>
          </reporter-output>
        </test-method> <!-- commercialActionPlanHighLightPanelTest -->
        <test-method status="PASS" signature="closeApp(org.testng.ITestResult)[pri:0, instance:com.se.testscripts.CommercialActionPlanHighlightPlanelTest@3dfc5fb8]" name="closeApp" is-config="true" duration-ms="9986" started-at="2021-04-27T11:15:04 GMT" finished-at="2021-04-27T11:15:14 GMT">
          <params>
            <param index="0">
              <value>
                <![CDATA[[TestResult name=commercialActionPlanHighLightPanelTest status=SUCCESS method=CommercialActionPlanHighlightPlanelTest.commercialActionPlanHighLightPanelTest()[pri:1, instance:com.se.testscripts.CommercialActionPlanHighlightPlanelTest@3dfc5fb8] output={null}]]]>
              </value>
            </param>
          </params>
          <reporter-output>
          </reporter-output>
        </test-method> <!-- closeApp -->
      </class> <!-- com.se.testscripts.CommercialActionPlanHighlightPlanelTest -->
      <class name="com.se.testscripts.ContactTabValidation">
        <test-method status="PASS" signature="launchApp(java.lang.reflect.Method)[pri:0, instance:com.se.testscripts.ContactTabValidation@51e2adc7]" name="launchApp" is-config="true" duration-ms="11413" started-at="2021-04-27T11:14:50 GMT" finished-at="2021-04-27T11:15:02 GMT">
          <params>
            <param index="0">
              <value>
                <![CDATA[public void com.se.testscripts.ContactTabValidation.contactTabValidationTest() throws java.lang.Exception]]>
              </value>
            </param>
          </params>
          <reporter-output>
          </reporter-output>
        </test-method> <!-- launchApp -->
        <test-method status="PASS" signature="contactTabValidationTest()[pri:1, instance:com.se.testscripts.ContactTabValidation@51e2adc7]" name="contactTabValidationTest" duration-ms="41954" started-at="2021-04-27T11:15:02 GMT" finished-at="2021-04-27T11:15:44 GMT">
          <reporter-output>
          </reporter-output>
        </test-method> <!-- contactTabValidationTest -->
        <test-method status="PASS" signature="closeApp(org.testng.ITestResult)[pri:0, instance:com.se.testscripts.ContactTabValidation@51e2adc7]" name="closeApp" is-config="true" duration-ms="8762" started-at="2021-04-27T11:15:44 GMT" finished-at="2021-04-27T11:15:52 GMT">
          <params>
            <param index="0">
              <value>
                <![CDATA[[TestResult name=contactTabValidationTest status=SUCCESS method=ContactTabValidation.contactTabValidationTest()[pri:1, instance:com.se.testscripts.ContactTabValidation@51e2adc7] output={null}]]]>
              </value>
            </param>
          </params>
          <reporter-output>
          </reporter-output>
        </test-method> <!-- closeApp -->
      </class> <!-- com.se.testscripts.ContactTabValidation -->
    </test> <!-- Test Run -->
  </suite> <!-- QA_Sales -->
</testng-results>
